21:29:29 DEBUG : Logs will be stored at '/home/guoxm/isp_fpga/basic_isp/3_yolov3_tiny_acc/zynq_video_stream/vitis_prj/IDE.log'.
21:29:30 INFO  : Launching XSCT server: xsct -n  -interactive /home/guoxm/isp_fpga/basic_isp/3_yolov3_tiny_acc/zynq_video_stream/vitis_prj/temp_xsdb_launch_script.tcl
21:29:30 INFO  : Registering command handlers for Vitis TCF services
21:29:30 INFO  : Platform repository initialization has completed.
21:29:31 INFO  : XSCT server has started successfully.
21:29:31 INFO  : Successfully done setting XSCT server connection channel  
21:29:31 INFO  : Successfully done setting workspace for the tool. 
21:29:31 INFO  : Successfully done query RDI_DATADIR 
21:29:32 INFO  : plnx-install-location is set to ''
21:32:24 INFO  : Result from executing command 'getProjects': design_1_wrapper
21:32:24 INFO  : Result from executing command 'getPlatforms': xilinx_zcu102_base_202220_1|/tools/Xilinx/Vitis/2022.2/base_platforms/xilinx_zcu102_base_202220_1/xilinx_zcu102_base_202220_1.xpfm;xilinx_zcu102_base_dfx_202220_1|/tools/Xilinx/Vitis/2022.2/base_platforms/xilinx_zcu102_base_dfx_202220_1/xilinx_zcu102_base_dfx_202220_1.xpfm;xilinx_zcu104_base_202220_1|/tools/Xilinx/Vitis/2022.2/base_platforms/xilinx_zcu104_base_202220_1/xilinx_zcu104_base_202220_1.xpfm
21:32:24 WARN  : An unexpected exception occurred in the module 'platform project logging'
21:32:24 INFO  : Platform 'design_1_wrapper' is added to custom repositories.
21:32:28 INFO  : Platform 'design_1_wrapper' is added to custom repositories.
21:38:06 DEBUG : Logs will be stored at '/home/guoxm/isp_fpga/basic_isp/3_yolov3_tiny_acc/zynq_video_stream/vitis_prj/IDE.log'.
21:38:06 INFO  : Launching XSCT server: xsct -n  -interactive /home/guoxm/isp_fpga/basic_isp/3_yolov3_tiny_acc/zynq_video_stream/vitis_prj/temp_xsdb_launch_script.tcl
21:38:07 INFO  : Platform repository initialization has completed.
21:38:07 INFO  : XSCT server has started successfully.
21:38:07 INFO  : Successfully done setting XSCT server connection channel  
21:38:07 INFO  : Registering command handlers for Vitis TCF services
21:38:07 INFO  : plnx-install-location is set to ''
21:38:07 INFO  : Successfully done setting workspace for the tool. 
21:38:07 INFO  : Successfully done query RDI_DATADIR 
21:43:15 DEBUG : Logs will be stored at '/home/guoxm/isp_fpga/basic_isp/3_yolov3_tiny_acc/zynq_video_stream/vitis_prj/IDE.log'.
21:43:16 INFO  : Launching XSCT server: xsct -n  -interactive /home/guoxm/isp_fpga/basic_isp/3_yolov3_tiny_acc/zynq_video_stream/vitis_prj/temp_xsdb_launch_script.tcl
21:43:16 INFO  : Platform repository initialization has completed.
21:43:17 INFO  : XSCT server has started successfully.
21:43:17 INFO  : Successfully done setting XSCT server connection channel  
21:43:17 INFO  : plnx-install-location is set to ''
21:43:17 INFO  : Successfully done query RDI_DATADIR 
21:43:17 INFO  : Successfully done setting workspace for the tool. 
21:43:17 INFO  : Registering command handlers for Vitis TCF services
22:05:20 DEBUG : Logs will be stored at '/home/guoxm/isp_fpga/basic_isp/3_yolov3_tiny_acc/zynq_video_stream/vitis_prj/IDE.log'.
22:05:21 INFO  : Launching XSCT server: xsct -n  -interactive /home/guoxm/isp_fpga/basic_isp/3_yolov3_tiny_acc/zynq_video_stream/vitis_prj/temp_xsdb_launch_script.tcl
22:05:21 INFO  : Platform repository initialization has completed.
22:05:21 INFO  : Registering command handlers for Vitis TCF services
22:05:22 INFO  : XSCT server has started successfully.
22:05:22 INFO  : plnx-install-location is set to ''
22:05:22 INFO  : Successfully done setting XSCT server connection channel  
22:05:22 INFO  : Successfully done query RDI_DATADIR 
22:05:22 INFO  : Successfully done setting workspace for the tool. 
22:09:58 DEBUG : Logs will be stored at '/home/guoxm/isp_fpga/basic_isp/3_yolov3_tiny_acc/zynq_video_stream/vitis_prj/IDE.log'.
22:09:58 INFO  : Launching XSCT server: xsct -n  -interactive /home/guoxm/isp_fpga/basic_isp/3_yolov3_tiny_acc/zynq_video_stream/vitis_prj/temp_xsdb_launch_script.tcl
22:09:59 INFO  : Platform repository initialization has completed.
22:09:59 INFO  : Registering command handlers for Vitis TCF services
22:09:59 INFO  : XSCT server has started successfully.
22:09:59 INFO  : plnx-install-location is set to ''
22:09:59 INFO  : Successfully done setting XSCT server connection channel  
22:09:59 INFO  : Successfully done query RDI_DATADIR 
22:09:59 INFO  : Successfully done setting workspace for the tool. 
22:10:59 DEBUG : Logs will be stored at '/home/guoxm/isp_fpga/basic_isp/3_yolov3_tiny_acc/zynq_video_stream/vitis_prj/IDE.log'.
22:10:59 INFO  : Launching XSCT server: xsct -n  -interactive /home/guoxm/isp_fpga/basic_isp/3_yolov3_tiny_acc/zynq_video_stream/vitis_prj/temp_xsdb_launch_script.tcl
22:11:00 INFO  : Platform repository initialization has completed.
22:11:00 INFO  : Registering command handlers for Vitis TCF services
22:11:00 INFO  : XSCT server has started successfully.
22:11:00 INFO  : Successfully done setting XSCT server connection channel  
22:11:00 INFO  : plnx-install-location is set to ''
22:11:00 INFO  : Successfully done query RDI_DATADIR 
22:11:00 INFO  : Successfully done setting workspace for the tool. 
22:29:25 INFO  : Result from executing command 'getProjects': design_1_wrapper
22:29:25 INFO  : Result from executing command 'getPlatforms': design_1_wrapper|/home/guoxm/isp_fpga/basic_isp/3_yolov3_tiny_acc/zynq_video_stream/vitis_prj/design_1_wrapper/export/design_1_wrapper/design_1_wrapper.xpfm;xilinx_zcu102_base_202220_1|/tools/Xilinx/Vitis/2022.2/base_platforms/xilinx_zcu102_base_202220_1/xilinx_zcu102_base_202220_1.xpfm;xilinx_zcu102_base_dfx_202220_1|/tools/Xilinx/Vitis/2022.2/base_platforms/xilinx_zcu102_base_dfx_202220_1/xilinx_zcu102_base_dfx_202220_1.xpfm;xilinx_zcu104_base_202220_1|/tools/Xilinx/Vitis/2022.2/base_platforms/xilinx_zcu104_base_202220_1/xilinx_zcu104_base_202220_1.xpfm
22:29:28 INFO  : Checking for BSP changes to sync application flags for project 'vip'...
22:30:43 INFO  : Checking for BSP changes to sync application flags for project 'vip'...
22:31:41 INFO  : Checking for BSP changes to sync application flags for project 'vip'...
22:32:13 INFO  : Checking for BSP changes to sync application flags for project 'vip'...
22:32:29 INFO  : Result from executing command 'removePlatformRepo': 
22:34:20 INFO  : Result from executing command 'getProjects': design_1_wrapper
22:34:20 INFO  : Result from executing command 'getPlatforms': xilinx_zcu102_base_202220_1|/tools/Xilinx/Vitis/2022.2/base_platforms/xilinx_zcu102_base_202220_1/xilinx_zcu102_base_202220_1.xpfm;xilinx_zcu102_base_dfx_202220_1|/tools/Xilinx/Vitis/2022.2/base_platforms/xilinx_zcu102_base_dfx_202220_1/xilinx_zcu102_base_dfx_202220_1.xpfm;xilinx_zcu104_base_202220_1|/tools/Xilinx/Vitis/2022.2/base_platforms/xilinx_zcu104_base_202220_1/xilinx_zcu104_base_202220_1.xpfm
22:34:23 INFO  : Checking for BSP changes to sync application flags for project 'vip'...
22:45:28 INFO  : Connected to target on host '127.0.0.1' and port '3121'.
22:45:28 INFO  : Jtag cable 'Digilent JTAG-SMT2 B1774B45ABCD' is selected.
22:45:28 INFO  : 'jtag frequency' command is executed.
22:45:28 INFO  : Context for 'APU' is selected.
22:45:28 INFO  : System reset is completed.
22:45:31 INFO  : 'after 3000' command is executed.
22:45:31 INFO  : 'targets -set -filter {jtag_cable_name =~ "Digilent JTAG-SMT2 B1774B45ABCD" && level==0 && jtag_device_ctx=="jsn-JTAG-SMT2-B1774B45ABCD-23727093-0"}' command is executed.
22:45:33 INFO  : Device configured successfully with "/home/guoxm/isp_fpga/basic_isp/3_yolov3_tiny_acc/zynq_video_stream/vitis_prj/vip/_ide/bitstream/design_1_wrapper.bit"
22:45:33 INFO  : Context for 'APU' is selected.
22:45:33 INFO  : Hardware design and registers information is loaded from '/home/guoxm/isp_fpga/basic_isp/3_yolov3_tiny_acc/zynq_video_stream/vitis_prj/design_1_wrapper/export/design_1_wrapper/hw/design_1_wrapper.xsa'.
22:45:33 INFO  : 'configparams force-mem-access 1' command is executed.
22:45:33 INFO  : Context for 'APU' is selected.
22:45:33 INFO  : Sourcing of '/home/guoxm/isp_fpga/basic_isp/3_yolov3_tiny_acc/zynq_video_stream/vitis_prj/vip/_ide/psinit/ps7_init.tcl' is done.
22:45:34 INFO  : 'ps7_init' command is executed.
22:45:34 INFO  : 'ps7_post_config' command is executed.
22:45:34 INFO  : Context for processor 'ps7_cortexa9_0' is selected.
22:45:34 INFO  : The application '/home/guoxm/isp_fpga/basic_isp/3_yolov3_tiny_acc/zynq_video_stream/vitis_prj/vip/Debug/vip.elf' is downloaded to processor 'ps7_cortexa9_0'.
22:45:34 INFO  : 'configparams force-mem-access 0' command is executed.
22:45:34 INFO  : ----------------XSDB Script----------------
connect -url tcp:127.0.0.1:3121
targets -set -nocase -filter {name =~"APU*"}
rst -system
after 3000
targets -set -filter {jtag_cable_name =~ "Digilent JTAG-SMT2 B1774B45ABCD" && level==0 && jtag_device_ctx=="jsn-JTAG-SMT2-B1774B45ABCD-23727093-0"}
fpga -file /home/guoxm/isp_fpga/basic_isp/3_yolov3_tiny_acc/zynq_video_stream/vitis_prj/vip/_ide/bitstream/design_1_wrapper.bit
targets -set -nocase -filter {name =~"APU*"}
loadhw -hw /home/guoxm/isp_fpga/basic_isp/3_yolov3_tiny_acc/zynq_video_stream/vitis_prj/design_1_wrapper/export/design_1_wrapper/hw/design_1_wrapper.xsa -mem-ranges [list {0x40000000 0xbfffffff}] -regs
configparams force-mem-access 1
targets -set -nocase -filter {name =~"APU*"}
source /home/guoxm/isp_fpga/basic_isp/3_yolov3_tiny_acc/zynq_video_stream/vitis_prj/vip/_ide/psinit/ps7_init.tcl
ps7_init
ps7_post_config
targets -set -nocase -filter {name =~ "*A9*#0"}
dow /home/guoxm/isp_fpga/basic_isp/3_yolov3_tiny_acc/zynq_video_stream/vitis_prj/vip/Debug/vip.elf
configparams force-mem-access 0
----------------End of Script----------------

22:45:34 INFO  : Context for processor 'ps7_cortexa9_0' is selected.
22:45:34 INFO  : 'con' command is executed.
22:45:34 INFO  : ----------------XSDB Script (After Launch)----------------
targets -set -nocase -filter {name =~ "*A9*#0"}
con
----------------End of Script----------------

22:45:34 INFO  : Launch script is exported to file '/home/guoxm/isp_fpga/basic_isp/3_yolov3_tiny_acc/zynq_video_stream/vitis_prj/vip_system/_ide/scripts/debugger_vip-default.tcl'
22:47:31 INFO  : Disconnected from the channel tcfchan#5.
22:47:32 INFO  : Connected to target on host '127.0.0.1' and port '3121'.
22:47:32 INFO  : Jtag cable 'Digilent JTAG-SMT2 B1774B45ABCD' is selected.
22:47:32 INFO  : 'jtag frequency' command is executed.
22:47:32 INFO  : Context for 'APU' is selected.
22:47:32 INFO  : System reset is completed.
22:47:35 INFO  : 'after 3000' command is executed.
22:47:35 INFO  : 'targets -set -filter {jtag_cable_name =~ "Digilent JTAG-SMT2 B1774B45ABCD" && level==0 && jtag_device_ctx=="jsn-JTAG-SMT2-B1774B45ABCD-23727093-0"}' command is executed.
22:47:38 INFO  : Device configured successfully with "/home/guoxm/isp_fpga/basic_isp/3_yolov3_tiny_acc/zynq_video_stream/vitis_prj/vip/_ide/bitstream/design_1_wrapper.bit"
22:47:38 INFO  : Context for 'APU' is selected.
22:47:38 INFO  : Hardware design and registers information is loaded from '/home/guoxm/isp_fpga/basic_isp/3_yolov3_tiny_acc/zynq_video_stream/vitis_prj/design_1_wrapper/export/design_1_wrapper/hw/design_1_wrapper.xsa'.
22:47:38 INFO  : 'configparams force-mem-access 1' command is executed.
22:47:38 INFO  : Context for 'APU' is selected.
22:47:38 INFO  : Sourcing of '/home/guoxm/isp_fpga/basic_isp/3_yolov3_tiny_acc/zynq_video_stream/vitis_prj/vip/_ide/psinit/ps7_init.tcl' is done.
22:47:38 INFO  : 'ps7_init' command is executed.
22:47:38 INFO  : 'ps7_post_config' command is executed.
22:47:38 INFO  : Context for processor 'ps7_cortexa9_0' is selected.
22:47:38 INFO  : The application '/home/guoxm/isp_fpga/basic_isp/3_yolov3_tiny_acc/zynq_video_stream/vitis_prj/vip/Debug/vip.elf' is downloaded to processor 'ps7_cortexa9_0'.
22:47:38 INFO  : 'configparams force-mem-access 0' command is executed.
22:47:38 INFO  : ----------------XSDB Script----------------
connect -url tcp:127.0.0.1:3121
targets -set -nocase -filter {name =~"APU*"}
rst -system
after 3000
targets -set -filter {jtag_cable_name =~ "Digilent JTAG-SMT2 B1774B45ABCD" && level==0 && jtag_device_ctx=="jsn-JTAG-SMT2-B1774B45ABCD-23727093-0"}
fpga -file /home/guoxm/isp_fpga/basic_isp/3_yolov3_tiny_acc/zynq_video_stream/vitis_prj/vip/_ide/bitstream/design_1_wrapper.bit
targets -set -nocase -filter {name =~"APU*"}
loadhw -hw /home/guoxm/isp_fpga/basic_isp/3_yolov3_tiny_acc/zynq_video_stream/vitis_prj/design_1_wrapper/export/design_1_wrapper/hw/design_1_wrapper.xsa -mem-ranges [list {0x40000000 0xbfffffff}] -regs
configparams force-mem-access 1
targets -set -nocase -filter {name =~"APU*"}
source /home/guoxm/isp_fpga/basic_isp/3_yolov3_tiny_acc/zynq_video_stream/vitis_prj/vip/_ide/psinit/ps7_init.tcl
ps7_init
ps7_post_config
targets -set -nocase -filter {name =~ "*A9*#0"}
dow /home/guoxm/isp_fpga/basic_isp/3_yolov3_tiny_acc/zynq_video_stream/vitis_prj/vip/Debug/vip.elf
configparams force-mem-access 0
----------------End of Script----------------

22:47:38 INFO  : Context for processor 'ps7_cortexa9_0' is selected.
22:47:38 INFO  : 'con' command is executed.
22:47:38 INFO  : ----------------XSDB Script (After Launch)----------------
targets -set -nocase -filter {name =~ "*A9*#0"}
con
----------------End of Script----------------

22:47:38 INFO  : Launch script is exported to file '/home/guoxm/isp_fpga/basic_isp/3_yolov3_tiny_acc/zynq_video_stream/vitis_prj/vip_system/_ide/scripts/debugger_vip-default.tcl'
22:49:37 INFO  : Disconnected from the channel tcfchan#6.
22:49:54 DEBUG : Logs will be stored at '/home/guoxm/isp_fpga/basic_isp/3_yolov3_tiny_acc/zynq_video_stream/vitis_prj/IDE.log'.
22:49:54 INFO  : Launching XSCT server: xsct -n  -interactive /home/guoxm/isp_fpga/basic_isp/3_yolov3_tiny_acc/zynq_video_stream/vitis_prj/temp_xsdb_launch_script.tcl
22:49:55 INFO  : Registering command handlers for Vitis TCF services
22:49:55 INFO  : Platform repository initialization has completed.
22:49:55 INFO  : XSCT server has started successfully.
22:49:56 INFO  : plnx-install-location is set to ''
22:49:56 INFO  : Successfully done setting XSCT server connection channel  
22:49:56 INFO  : Successfully done query RDI_DATADIR 
22:49:56 INFO  : Successfully done setting workspace for the tool. 
22:50:06 INFO  : Checking for BSP changes to sync application flags for project 'vip'...
22:51:18 INFO  : Connected to target on host '127.0.0.1' and port '3121'.
22:51:18 INFO  : Jtag cable 'Digilent JTAG-SMT2 B1774B45ABCD' is selected.
22:51:18 INFO  : 'jtag frequency' command is executed.
22:51:18 INFO  : Context for 'APU' is selected.
22:51:18 INFO  : System reset is completed.
22:51:21 INFO  : 'after 3000' command is executed.
22:51:21 INFO  : 'targets -set -filter {jtag_cable_name =~ "Digilent JTAG-SMT2 B1774B45ABCD" && level==0 && jtag_device_ctx=="jsn-JTAG-SMT2-B1774B45ABCD-23727093-0"}' command is executed.
22:51:23 INFO  : Device configured successfully with "/home/guoxm/isp_fpga/basic_isp/3_yolov3_tiny_acc/zynq_video_stream/vitis_prj/vip/_ide/bitstream/design_1_wrapper.bit"
22:51:23 INFO  : Context for 'APU' is selected.
22:51:23 INFO  : Hardware design and registers information is loaded from '/home/guoxm/isp_fpga/basic_isp/3_yolov3_tiny_acc/zynq_video_stream/vitis_prj/design_1_wrapper/export/design_1_wrapper/hw/design_1_wrapper.xsa'.
22:51:23 INFO  : 'configparams force-mem-access 1' command is executed.
22:51:23 INFO  : Context for 'APU' is selected.
22:51:23 INFO  : Sourcing of '/home/guoxm/isp_fpga/basic_isp/3_yolov3_tiny_acc/zynq_video_stream/vitis_prj/vip/_ide/psinit/ps7_init.tcl' is done.
22:51:24 INFO  : 'ps7_init' command is executed.
22:51:24 INFO  : 'ps7_post_config' command is executed.
22:51:24 INFO  : Context for processor 'ps7_cortexa9_0' is selected.
22:51:24 INFO  : The application '/home/guoxm/isp_fpga/basic_isp/3_yolov3_tiny_acc/zynq_video_stream/vitis_prj/vip/Debug/vip.elf' is downloaded to processor 'ps7_cortexa9_0'.
22:51:24 INFO  : 'configparams force-mem-access 0' command is executed.
22:51:24 INFO  : ----------------XSDB Script----------------
connect -url tcp:127.0.0.1:3121
targets -set -nocase -filter {name =~"APU*"}
rst -system
after 3000
targets -set -filter {jtag_cable_name =~ "Digilent JTAG-SMT2 B1774B45ABCD" && level==0 && jtag_device_ctx=="jsn-JTAG-SMT2-B1774B45ABCD-23727093-0"}
fpga -file /home/guoxm/isp_fpga/basic_isp/3_yolov3_tiny_acc/zynq_video_stream/vitis_prj/vip/_ide/bitstream/design_1_wrapper.bit
targets -set -nocase -filter {name =~"APU*"}
loadhw -hw /home/guoxm/isp_fpga/basic_isp/3_yolov3_tiny_acc/zynq_video_stream/vitis_prj/design_1_wrapper/export/design_1_wrapper/hw/design_1_wrapper.xsa -mem-ranges [list {0x40000000 0xbfffffff}] -regs
configparams force-mem-access 1
targets -set -nocase -filter {name =~"APU*"}
source /home/guoxm/isp_fpga/basic_isp/3_yolov3_tiny_acc/zynq_video_stream/vitis_prj/vip/_ide/psinit/ps7_init.tcl
ps7_init
ps7_post_config
targets -set -nocase -filter {name =~ "*A9*#0"}
dow /home/guoxm/isp_fpga/basic_isp/3_yolov3_tiny_acc/zynq_video_stream/vitis_prj/vip/Debug/vip.elf
configparams force-mem-access 0
----------------End of Script----------------

22:51:24 INFO  : Context for processor 'ps7_cortexa9_0' is selected.
22:51:24 INFO  : 'con' command is executed.
22:51:24 INFO  : ----------------XSDB Script (After Launch)----------------
targets -set -nocase -filter {name =~ "*A9*#0"}
con
----------------End of Script----------------

22:51:24 INFO  : Launch script is exported to file '/home/guoxm/isp_fpga/basic_isp/3_yolov3_tiny_acc/zynq_video_stream/vitis_prj/vip_system/_ide/scripts/debugger_vip-default.tcl'
22:53:08 INFO  : Disconnected from the channel tcfchan#1.
22:53:09 INFO  : Connected to target on host '127.0.0.1' and port '3121'.
22:53:09 INFO  : Jtag cable 'Digilent JTAG-SMT2 B1774B45ABCD' is selected.
22:53:09 INFO  : 'jtag frequency' command is executed.
22:53:09 INFO  : Context for 'APU' is selected.
22:53:09 INFO  : System reset is completed.
22:53:12 INFO  : 'after 3000' command is executed.
22:53:12 INFO  : 'targets -set -filter {jtag_cable_name =~ "Digilent JTAG-SMT2 B1774B45ABCD" && level==0 && jtag_device_ctx=="jsn-JTAG-SMT2-B1774B45ABCD-23727093-0"}' command is executed.
22:53:15 INFO  : Device configured successfully with "/home/guoxm/isp_fpga/basic_isp/3_yolov3_tiny_acc/zynq_video_stream/vitis_prj/vip/_ide/bitstream/design_1_wrapper.bit"
22:53:15 INFO  : Context for 'APU' is selected.
22:53:15 INFO  : Hardware design and registers information is loaded from '/home/guoxm/isp_fpga/basic_isp/3_yolov3_tiny_acc/zynq_video_stream/vitis_prj/design_1_wrapper/export/design_1_wrapper/hw/design_1_wrapper.xsa'.
22:53:15 INFO  : 'configparams force-mem-access 1' command is executed.
22:53:15 INFO  : Context for 'APU' is selected.
22:53:15 INFO  : Sourcing of '/home/guoxm/isp_fpga/basic_isp/3_yolov3_tiny_acc/zynq_video_stream/vitis_prj/vip/_ide/psinit/ps7_init.tcl' is done.
22:53:16 INFO  : 'ps7_init' command is executed.
22:53:16 INFO  : 'ps7_post_config' command is executed.
22:53:16 INFO  : Context for processor 'ps7_cortexa9_0' is selected.
22:53:16 INFO  : The application '/home/guoxm/isp_fpga/basic_isp/3_yolov3_tiny_acc/zynq_video_stream/vitis_prj/vip/Debug/vip.elf' is downloaded to processor 'ps7_cortexa9_0'.
22:53:16 INFO  : 'configparams force-mem-access 0' command is executed.
22:53:16 INFO  : ----------------XSDB Script----------------
connect -url tcp:127.0.0.1:3121
targets -set -nocase -filter {name =~"APU*"}
rst -system
after 3000
targets -set -filter {jtag_cable_name =~ "Digilent JTAG-SMT2 B1774B45ABCD" && level==0 && jtag_device_ctx=="jsn-JTAG-SMT2-B1774B45ABCD-23727093-0"}
fpga -file /home/guoxm/isp_fpga/basic_isp/3_yolov3_tiny_acc/zynq_video_stream/vitis_prj/vip/_ide/bitstream/design_1_wrapper.bit
targets -set -nocase -filter {name =~"APU*"}
loadhw -hw /home/guoxm/isp_fpga/basic_isp/3_yolov3_tiny_acc/zynq_video_stream/vitis_prj/design_1_wrapper/export/design_1_wrapper/hw/design_1_wrapper.xsa -mem-ranges [list {0x40000000 0xbfffffff}] -regs
configparams force-mem-access 1
targets -set -nocase -filter {name =~"APU*"}
source /home/guoxm/isp_fpga/basic_isp/3_yolov3_tiny_acc/zynq_video_stream/vitis_prj/vip/_ide/psinit/ps7_init.tcl
ps7_init
ps7_post_config
targets -set -nocase -filter {name =~ "*A9*#0"}
dow /home/guoxm/isp_fpga/basic_isp/3_yolov3_tiny_acc/zynq_video_stream/vitis_prj/vip/Debug/vip.elf
configparams force-mem-access 0
----------------End of Script----------------

22:53:16 INFO  : Context for processor 'ps7_cortexa9_0' is selected.
22:53:16 INFO  : 'con' command is executed.
22:53:16 INFO  : ----------------XSDB Script (After Launch)----------------
targets -set -nocase -filter {name =~ "*A9*#0"}
con
----------------End of Script----------------

22:53:16 INFO  : Launch script is exported to file '/home/guoxm/isp_fpga/basic_isp/3_yolov3_tiny_acc/zynq_video_stream/vitis_prj/vip_system/_ide/scripts/debugger_vip-default.tcl'
22:58:07 INFO  : Disconnected from the channel tcfchan#2.
23:02:52 DEBUG : Logs will be stored at '/home/guoxm/isp_fpga/basic_isp/3_yolov3_tiny_acc/zynq_video_stream/vitis_prj/IDE.log'.
23:02:52 INFO  : Launching XSCT server: xsct -n  -interactive /home/guoxm/isp_fpga/basic_isp/3_yolov3_tiny_acc/zynq_video_stream/vitis_prj/temp_xsdb_launch_script.tcl
23:02:53 INFO  : Platform repository initialization has completed.
23:02:53 INFO  : Registering command handlers for Vitis TCF services
23:02:53 INFO  : XSCT server has started successfully.
23:02:53 INFO  : Successfully done setting XSCT server connection channel  
23:02:53 INFO  : plnx-install-location is set to ''
23:02:53 INFO  : Successfully done setting workspace for the tool. 
23:02:53 INFO  : Successfully done query RDI_DATADIR 
23:03:25 INFO  : Hardware specification for platform project 'design_1_wrapper' is updated.
23:04:08 INFO  : Result from executing command 'removePlatformRepo': 
23:04:27 INFO  : Result from executing command 'getProjects': design_1_wrapper
23:04:27 INFO  : Result from executing command 'getPlatforms': xilinx_zcu102_base_202220_1|/tools/Xilinx/Vitis/2022.2/base_platforms/xilinx_zcu102_base_202220_1/xilinx_zcu102_base_202220_1.xpfm;xilinx_zcu102_base_dfx_202220_1|/tools/Xilinx/Vitis/2022.2/base_platforms/xilinx_zcu102_base_dfx_202220_1/xilinx_zcu102_base_dfx_202220_1.xpfm;xilinx_zcu104_base_202220_1|/tools/Xilinx/Vitis/2022.2/base_platforms/xilinx_zcu104_base_202220_1/xilinx_zcu104_base_202220_1.xpfm
23:05:09 INFO  : Checking for BSP changes to sync application flags for project 'vip'...
23:05:09 INFO  : Updating application flags with new BSP settings...
23:05:09 INFO  : Successfully updated application flags for project vip.
23:05:22 INFO  : The hardware specification used by project 'vip' is out of sync with the platform. Resource files extracted from the hardware specification will be updated.
23:05:22 INFO  : The file '/home/guoxm/isp_fpga/basic_isp/3_yolov3_tiny_acc/zynq_video_stream/vitis_prj/vip/_ide/bitstream/design_1_wrapper.bit' stored in project is removed.
23:05:22 INFO  : The updated bitstream files are copied from platform to folder '/home/guoxm/isp_fpga/basic_isp/3_yolov3_tiny_acc/zynq_video_stream/vitis_prj/vip/_ide/bitstream' in project 'vip'.
23:05:22 INFO  : The file '/home/guoxm/isp_fpga/basic_isp/3_yolov3_tiny_acc/zynq_video_stream/vitis_prj/vip/_ide/psinit/ps7_init.tcl' stored in project is removed.
23:05:24 INFO  : The updated ps init files are copied from platform to folder '/home/guoxm/isp_fpga/basic_isp/3_yolov3_tiny_acc/zynq_video_stream/vitis_prj/vip/_ide/psinit' in project 'vip'.
23:05:24 INFO  : Connected to target on host '127.0.0.1' and port '3121'.
23:05:25 INFO  : Jtag cable 'Digilent JTAG-SMT2 B1774B45ABCD' is selected.
23:05:25 INFO  : 'jtag frequency' command is executed.
23:05:25 INFO  : Context for 'APU' is selected.
23:05:25 INFO  : System reset is completed.
23:05:28 INFO  : 'after 3000' command is executed.
23:05:28 INFO  : 'targets -set -filter {jtag_cable_name =~ "Digilent JTAG-SMT2 B1774B45ABCD" && level==0 && jtag_device_ctx=="jsn-JTAG-SMT2-B1774B45ABCD-23727093-0"}' command is executed.
23:05:30 INFO  : Device configured successfully with "/home/guoxm/isp_fpga/basic_isp/3_yolov3_tiny_acc/zynq_video_stream/vitis_prj/vip/_ide/bitstream/design_1_wrapper.bit"
23:05:30 INFO  : Context for 'APU' is selected.
23:05:30 INFO  : Hardware design and registers information is loaded from '/home/guoxm/isp_fpga/basic_isp/3_yolov3_tiny_acc/zynq_video_stream/vitis_prj/design_1_wrapper/export/design_1_wrapper/hw/design_1_wrapper.xsa'.
23:05:30 INFO  : 'configparams force-mem-access 1' command is executed.
23:05:30 INFO  : Context for 'APU' is selected.
23:05:30 INFO  : Sourcing of '/home/guoxm/isp_fpga/basic_isp/3_yolov3_tiny_acc/zynq_video_stream/vitis_prj/vip/_ide/psinit/ps7_init.tcl' is done.
23:05:30 INFO  : 'ps7_init' command is executed.
23:05:30 INFO  : 'ps7_post_config' command is executed.
23:05:30 INFO  : Context for processor 'ps7_cortexa9_0' is selected.
23:05:31 INFO  : The application '/home/guoxm/isp_fpga/basic_isp/3_yolov3_tiny_acc/zynq_video_stream/vitis_prj/vip/Debug/vip.elf' is downloaded to processor 'ps7_cortexa9_0'.
23:05:31 INFO  : 'configparams force-mem-access 0' command is executed.
23:05:31 INFO  : ----------------XSDB Script----------------
connect -url tcp:127.0.0.1:3121
targets -set -nocase -filter {name =~"APU*"}
rst -system
after 3000
targets -set -filter {jtag_cable_name =~ "Digilent JTAG-SMT2 B1774B45ABCD" && level==0 && jtag_device_ctx=="jsn-JTAG-SMT2-B1774B45ABCD-23727093-0"}
fpga -file /home/guoxm/isp_fpga/basic_isp/3_yolov3_tiny_acc/zynq_video_stream/vitis_prj/vip/_ide/bitstream/design_1_wrapper.bit
targets -set -nocase -filter {name =~"APU*"}
loadhw -hw /home/guoxm/isp_fpga/basic_isp/3_yolov3_tiny_acc/zynq_video_stream/vitis_prj/design_1_wrapper/export/design_1_wrapper/hw/design_1_wrapper.xsa -mem-ranges [list {0x40000000 0xbfffffff}] -regs
configparams force-mem-access 1
targets -set -nocase -filter {name =~"APU*"}
source /home/guoxm/isp_fpga/basic_isp/3_yolov3_tiny_acc/zynq_video_stream/vitis_prj/vip/_ide/psinit/ps7_init.tcl
ps7_init
ps7_post_config
targets -set -nocase -filter {name =~ "*A9*#0"}
dow /home/guoxm/isp_fpga/basic_isp/3_yolov3_tiny_acc/zynq_video_stream/vitis_prj/vip/Debug/vip.elf
configparams force-mem-access 0
----------------End of Script----------------

23:05:31 INFO  : Context for processor 'ps7_cortexa9_0' is selected.
23:05:31 INFO  : 'con' command is executed.
23:05:31 INFO  : ----------------XSDB Script (After Launch)----------------
targets -set -nocase -filter {name =~ "*A9*#0"}
con
----------------End of Script----------------

23:05:31 INFO  : Launch script is exported to file '/home/guoxm/isp_fpga/basic_isp/3_yolov3_tiny_acc/zynq_video_stream/vitis_prj/vip_system/_ide/scripts/debugger_vip-default.tcl'
23:06:37 INFO  : Disconnected from the channel tcfchan#3.
11:18:35 DEBUG : Logs will be stored at '/home/guoxm/isp_fpga/basic_isp/3_yolov3_tiny_acc/zynq_video_stream/vitis_prj/IDE.log'.
11:18:36 INFO  : Launching XSCT server: xsct -n  -interactive /home/guoxm/isp_fpga/basic_isp/3_yolov3_tiny_acc/zynq_video_stream/vitis_prj/temp_xsdb_launch_script.tcl
11:18:37 INFO  : Platform repository initialization has completed.
11:18:37 INFO  : Registering command handlers for Vitis TCF services
11:18:37 INFO  : XSCT server has started successfully.
11:18:37 INFO  : plnx-install-location is set to ''
11:18:37 INFO  : Successfully done setting XSCT server connection channel  
11:18:37 INFO  : Successfully done setting workspace for the tool. 
11:18:37 INFO  : Successfully done query RDI_DATADIR 
11:20:17 INFO  : Checking for BSP changes to sync application flags for project 'vip'...
11:21:29 INFO  : Connected to target on host '127.0.0.1' and port '3121'.
11:21:30 INFO  : Jtag cable 'Digilent JTAG-SMT2 B1774B45ABCD' is selected.
11:21:30 INFO  : 'jtag frequency' command is executed.
11:21:30 INFO  : Context for 'APU' is selected.
11:21:30 INFO  : System reset is completed.
11:21:33 INFO  : 'after 3000' command is executed.
11:21:33 INFO  : 'targets -set -filter {jtag_cable_name =~ "Digilent JTAG-SMT2 B1774B45ABCD" && level==0 && jtag_device_ctx=="jsn-JTAG-SMT2-B1774B45ABCD-23727093-0"}' command is executed.
11:21:35 INFO  : Device configured successfully with "/home/guoxm/isp_fpga/basic_isp/3_yolov3_tiny_acc/zynq_video_stream/vitis_prj/vip/_ide/bitstream/design_1_wrapper.bit"
11:21:35 INFO  : Context for 'APU' is selected.
11:21:35 INFO  : Hardware design and registers information is loaded from '/home/guoxm/isp_fpga/basic_isp/3_yolov3_tiny_acc/zynq_video_stream/vitis_prj/design_1_wrapper/export/design_1_wrapper/hw/design_1_wrapper.xsa'.
11:21:35 INFO  : 'configparams force-mem-access 1' command is executed.
11:21:35 INFO  : Context for 'APU' is selected.
11:21:35 INFO  : Sourcing of '/home/guoxm/isp_fpga/basic_isp/3_yolov3_tiny_acc/zynq_video_stream/vitis_prj/vip/_ide/psinit/ps7_init.tcl' is done.
11:21:36 INFO  : 'ps7_init' command is executed.
11:21:36 INFO  : 'ps7_post_config' command is executed.
11:21:36 INFO  : Context for processor 'ps7_cortexa9_0' is selected.
11:21:36 INFO  : The application '/home/guoxm/isp_fpga/basic_isp/3_yolov3_tiny_acc/zynq_video_stream/vitis_prj/vip/Debug/vip.elf' is downloaded to processor 'ps7_cortexa9_0'.
11:21:36 INFO  : 'configparams force-mem-access 0' command is executed.
11:21:36 INFO  : ----------------XSDB Script----------------
connect -url tcp:127.0.0.1:3121
targets -set -nocase -filter {name =~"APU*"}
rst -system
after 3000
targets -set -filter {jtag_cable_name =~ "Digilent JTAG-SMT2 B1774B45ABCD" && level==0 && jtag_device_ctx=="jsn-JTAG-SMT2-B1774B45ABCD-23727093-0"}
fpga -file /home/guoxm/isp_fpga/basic_isp/3_yolov3_tiny_acc/zynq_video_stream/vitis_prj/vip/_ide/bitstream/design_1_wrapper.bit
targets -set -nocase -filter {name =~"APU*"}
loadhw -hw /home/guoxm/isp_fpga/basic_isp/3_yolov3_tiny_acc/zynq_video_stream/vitis_prj/design_1_wrapper/export/design_1_wrapper/hw/design_1_wrapper.xsa -mem-ranges [list {0x40000000 0xbfffffff}] -regs
configparams force-mem-access 1
targets -set -nocase -filter {name =~"APU*"}
source /home/guoxm/isp_fpga/basic_isp/3_yolov3_tiny_acc/zynq_video_stream/vitis_prj/vip/_ide/psinit/ps7_init.tcl
ps7_init
ps7_post_config
targets -set -nocase -filter {name =~ "*A9*#0"}
dow /home/guoxm/isp_fpga/basic_isp/3_yolov3_tiny_acc/zynq_video_stream/vitis_prj/vip/Debug/vip.elf
configparams force-mem-access 0
----------------End of Script----------------

11:21:36 INFO  : Context for processor 'ps7_cortexa9_0' is selected.
11:21:36 INFO  : 'con' command is executed.
11:21:36 INFO  : ----------------XSDB Script (After Launch)----------------
targets -set -nocase -filter {name =~ "*A9*#0"}
con
----------------End of Script----------------

11:21:36 INFO  : Launch script is exported to file '/home/guoxm/isp_fpga/basic_isp/3_yolov3_tiny_acc/zynq_video_stream/vitis_prj/vip_system/_ide/scripts/debugger_vip-default.tcl'
11:25:59 INFO  : Checking for BSP changes to sync application flags for project 'vip'...
11:26:46 INFO  : Connected to target on host '127.0.0.1' and port '3121'.
11:26:51 INFO  : Connected to target on host '127.0.0.1' and port '3121'.
11:27:00 INFO  : Disconnected from the channel tcfchan#1.
11:27:01 INFO  : Connected to target on host '127.0.0.1' and port '3121'.
11:27:01 INFO  : Jtag cable 'Digilent JTAG-SMT2 B1774B45ABCD' is selected.
11:27:01 INFO  : 'jtag frequency' command is executed.
11:27:01 INFO  : Context for 'APU' is selected.
11:27:01 INFO  : System reset is completed.
11:27:04 INFO  : 'after 3000' command is executed.
11:27:04 INFO  : 'targets -set -filter {jtag_cable_name =~ "Digilent JTAG-SMT2 B1774B45ABCD" && level==0 && jtag_device_ctx=="jsn-JTAG-SMT2-B1774B45ABCD-23727093-0"}' command is executed.
11:27:07 INFO  : Device configured successfully with "/home/guoxm/isp_fpga/basic_isp/3_yolov3_tiny_acc/zynq_video_stream/vitis_prj/vip/_ide/bitstream/design_1_wrapper.bit"
11:27:07 INFO  : Context for 'APU' is selected.
11:27:08 INFO  : Hardware design and registers information is loaded from '/home/guoxm/isp_fpga/basic_isp/3_yolov3_tiny_acc/zynq_video_stream/vitis_prj/design_1_wrapper/export/design_1_wrapper/hw/design_1_wrapper.xsa'.
11:27:08 INFO  : 'configparams force-mem-access 1' command is executed.
11:27:08 INFO  : Context for 'APU' is selected.
11:27:08 INFO  : Sourcing of '/home/guoxm/isp_fpga/basic_isp/3_yolov3_tiny_acc/zynq_video_stream/vitis_prj/vip/_ide/psinit/ps7_init.tcl' is done.
11:27:08 INFO  : 'ps7_init' command is executed.
11:27:08 INFO  : 'ps7_post_config' command is executed.
11:27:08 INFO  : Context for processor 'ps7_cortexa9_0' is selected.
11:27:08 INFO  : The application '/home/guoxm/isp_fpga/basic_isp/3_yolov3_tiny_acc/zynq_video_stream/vitis_prj/vip/Debug/vip.elf' is downloaded to processor 'ps7_cortexa9_0'.
11:27:08 INFO  : 'configparams force-mem-access 0' command is executed.
11:27:08 INFO  : ----------------XSDB Script----------------
connect -url tcp:127.0.0.1:3121
targets -set -nocase -filter {name =~"APU*"}
rst -system
after 3000
targets -set -filter {jtag_cable_name =~ "Digilent JTAG-SMT2 B1774B45ABCD" && level==0 && jtag_device_ctx=="jsn-JTAG-SMT2-B1774B45ABCD-23727093-0"}
fpga -file /home/guoxm/isp_fpga/basic_isp/3_yolov3_tiny_acc/zynq_video_stream/vitis_prj/vip/_ide/bitstream/design_1_wrapper.bit
targets -set -nocase -filter {name =~"APU*"}
loadhw -hw /home/guoxm/isp_fpga/basic_isp/3_yolov3_tiny_acc/zynq_video_stream/vitis_prj/design_1_wrapper/export/design_1_wrapper/hw/design_1_wrapper.xsa -mem-ranges [list {0x40000000 0xbfffffff}] -regs
configparams force-mem-access 1
targets -set -nocase -filter {name =~"APU*"}
source /home/guoxm/isp_fpga/basic_isp/3_yolov3_tiny_acc/zynq_video_stream/vitis_prj/vip/_ide/psinit/ps7_init.tcl
ps7_init
ps7_post_config
targets -set -nocase -filter {name =~ "*A9*#0"}
dow /home/guoxm/isp_fpga/basic_isp/3_yolov3_tiny_acc/zynq_video_stream/vitis_prj/vip/Debug/vip.elf
configparams force-mem-access 0
----------------End of Script----------------

11:27:08 INFO  : Context for processor 'ps7_cortexa9_0' is selected.
11:27:08 INFO  : 'con' command is executed.
11:27:08 INFO  : ----------------XSDB Script (After Launch)----------------
targets -set -nocase -filter {name =~ "*A9*#0"}
con
----------------End of Script----------------

11:27:08 INFO  : Launch script is exported to file '/home/guoxm/isp_fpga/basic_isp/3_yolov3_tiny_acc/zynq_video_stream/vitis_prj/vip_system/_ide/scripts/debugger_vip-default.tcl'
11:40:18 INFO  : Hardware specification for platform project 'design_1_wrapper' is updated.
11:40:32 INFO  : Result from executing command 'removePlatformRepo': 
11:40:47 INFO  : Result from executing command 'getProjects': design_1_wrapper
11:40:47 INFO  : Result from executing command 'getPlatforms': xilinx_zcu102_base_202220_1|/tools/Xilinx/Vitis/2022.2/base_platforms/xilinx_zcu102_base_202220_1/xilinx_zcu102_base_202220_1.xpfm;xilinx_zcu102_base_dfx_202220_1|/tools/Xilinx/Vitis/2022.2/base_platforms/xilinx_zcu102_base_dfx_202220_1/xilinx_zcu102_base_dfx_202220_1.xpfm;xilinx_zcu104_base_202220_1|/tools/Xilinx/Vitis/2022.2/base_platforms/xilinx_zcu104_base_202220_1/xilinx_zcu104_base_202220_1.xpfm
11:42:08 INFO  : Result from executing command 'getProjects': design_1_wrapper
11:42:08 INFO  : Result from executing command 'getPlatforms': design_1_wrapper|/home/guoxm/isp_fpga/basic_isp/3_yolov3_tiny_acc/zynq_video_stream/vitis_prj/design_1_wrapper/export/design_1_wrapper/design_1_wrapper.xpfm;xilinx_zcu102_base_202220_1|/tools/Xilinx/Vitis/2022.2/base_platforms/xilinx_zcu102_base_202220_1/xilinx_zcu102_base_202220_1.xpfm;xilinx_zcu102_base_dfx_202220_1|/tools/Xilinx/Vitis/2022.2/base_platforms/xilinx_zcu102_base_dfx_202220_1/xilinx_zcu102_base_dfx_202220_1.xpfm;xilinx_zcu104_base_202220_1|/tools/Xilinx/Vitis/2022.2/base_platforms/xilinx_zcu104_base_202220_1/xilinx_zcu104_base_202220_1.xpfm
11:43:17 INFO  : Result from executing command 'removePlatformRepo': 
11:43:27 INFO  : Result from executing command 'getProjects': design_1_wrapper
11:43:27 INFO  : Result from executing command 'getPlatforms': xilinx_zcu102_base_202220_1|/tools/Xilinx/Vitis/2022.2/base_platforms/xilinx_zcu102_base_202220_1/xilinx_zcu102_base_202220_1.xpfm;xilinx_zcu102_base_dfx_202220_1|/tools/Xilinx/Vitis/2022.2/base_platforms/xilinx_zcu102_base_dfx_202220_1/xilinx_zcu102_base_dfx_202220_1.xpfm;xilinx_zcu104_base_202220_1|/tools/Xilinx/Vitis/2022.2/base_platforms/xilinx_zcu104_base_202220_1/xilinx_zcu104_base_202220_1.xpfm
11:43:30 INFO  : Checking for BSP changes to sync application flags for project 'vip'...
11:44:52 INFO  : Checking for BSP changes to sync application flags for project 'vip'...
11:45:08 INFO  : Checking for BSP changes to sync application flags for project 'vip'...
11:45:20 INFO  : Disconnected from the channel tcfchan#2.
11:45:21 INFO  : Connected to target on host '127.0.0.1' and port '3121'.
11:45:21 INFO  : Jtag cable 'Digilent JTAG-SMT2 B1774B45ABCD' is selected.
11:45:21 INFO  : 'jtag frequency' command is executed.
11:45:23 INFO  : Context for 'APU' is selected.
11:45:24 INFO  : System reset is completed.
11:45:27 INFO  : 'after 3000' command is executed.
11:45:27 INFO  : 'targets -set -filter {jtag_cable_name =~ "Digilent JTAG-SMT2 B1774B45ABCD" && level==0 && jtag_device_ctx=="jsn-JTAG-SMT2-B1774B45ABCD-23727093-0"}' command is executed.
11:45:29 INFO  : Device configured successfully with "/home/guoxm/isp_fpga/basic_isp/3_yolov3_tiny_acc/zynq_video_stream/vitis_prj/vip/_ide/bitstream/design_1_wrapper.bit"
11:45:29 INFO  : Context for 'APU' is selected.
11:45:29 INFO  : Hardware design and registers information is loaded from '/home/guoxm/isp_fpga/basic_isp/3_yolov3_tiny_acc/zynq_video_stream/vitis_prj/design_1_wrapper/export/design_1_wrapper/hw/design_1_wrapper.xsa'.
11:45:29 INFO  : 'configparams force-mem-access 1' command is executed.
11:45:29 INFO  : Context for 'APU' is selected.
11:45:29 INFO  : Sourcing of '/home/guoxm/isp_fpga/basic_isp/3_yolov3_tiny_acc/zynq_video_stream/vitis_prj/vip/_ide/psinit/ps7_init.tcl' is done.
11:45:29 INFO  : 'ps7_init' command is executed.
11:45:29 INFO  : 'ps7_post_config' command is executed.
11:45:29 INFO  : Context for processor 'ps7_cortexa9_0' is selected.
11:45:29 INFO  : The application '/home/guoxm/isp_fpga/basic_isp/3_yolov3_tiny_acc/zynq_video_stream/vitis_prj/vip/Debug/vip.elf' is downloaded to processor 'ps7_cortexa9_0'.
11:45:29 INFO  : 'configparams force-mem-access 0' command is executed.
11:45:29 INFO  : ----------------XSDB Script----------------
connect -url tcp:127.0.0.1:3121
targets -set -nocase -filter {name =~"APU*"}
rst -system
after 3000
targets -set -filter {jtag_cable_name =~ "Digilent JTAG-SMT2 B1774B45ABCD" && level==0 && jtag_device_ctx=="jsn-JTAG-SMT2-B1774B45ABCD-23727093-0"}
fpga -file /home/guoxm/isp_fpga/basic_isp/3_yolov3_tiny_acc/zynq_video_stream/vitis_prj/vip/_ide/bitstream/design_1_wrapper.bit
targets -set -nocase -filter {name =~"APU*"}
loadhw -hw /home/guoxm/isp_fpga/basic_isp/3_yolov3_tiny_acc/zynq_video_stream/vitis_prj/design_1_wrapper/export/design_1_wrapper/hw/design_1_wrapper.xsa -mem-ranges [list {0x40000000 0xbfffffff}] -regs
configparams force-mem-access 1
targets -set -nocase -filter {name =~"APU*"}
source /home/guoxm/isp_fpga/basic_isp/3_yolov3_tiny_acc/zynq_video_stream/vitis_prj/vip/_ide/psinit/ps7_init.tcl
ps7_init
ps7_post_config
targets -set -nocase -filter {name =~ "*A9*#0"}
dow /home/guoxm/isp_fpga/basic_isp/3_yolov3_tiny_acc/zynq_video_stream/vitis_prj/vip/Debug/vip.elf
configparams force-mem-access 0
----------------End of Script----------------

11:45:29 INFO  : Context for processor 'ps7_cortexa9_0' is selected.
11:45:29 INFO  : 'con' command is executed.
11:45:29 INFO  : ----------------XSDB Script (After Launch)----------------
targets -set -nocase -filter {name =~ "*A9*#0"}
con
----------------End of Script----------------

11:45:29 INFO  : Launch script is exported to file '/home/guoxm/isp_fpga/basic_isp/3_yolov3_tiny_acc/zynq_video_stream/vitis_prj/vip_system/_ide/scripts/debugger_vip-default.tcl'
11:48:24 INFO  : Disconnected from the channel tcfchan#9.
11:48:47 DEBUG : Logs will be stored at '/home/guoxm/isp_fpga/basic_isp/3_yolov3_tiny_acc/zynq_video_stream/vitis_prj/IDE.log'.
11:48:47 INFO  : Launching XSCT server: xsct -n  -interactive /home/guoxm/isp_fpga/basic_isp/3_yolov3_tiny_acc/zynq_video_stream/vitis_prj/temp_xsdb_launch_script.tcl
11:48:48 INFO  : Platform repository initialization has completed.
11:48:48 INFO  : Registering command handlers for Vitis TCF services
11:48:49 INFO  : XSCT server has started successfully.
11:48:49 INFO  : Successfully done setting XSCT server connection channel  
11:48:49 INFO  : plnx-install-location is set to ''
11:48:49 INFO  : Successfully done setting workspace for the tool. 
11:48:49 INFO  : Successfully done query RDI_DATADIR 
11:49:20 DEBUG : Logs will be stored at '/home/guoxm/isp_fpga/basic_isp/3_yolov3_tiny_acc/zynq_video_stream/vitis_prj/IDE.log'.
11:49:20 INFO  : Launching XSCT server: xsct -n  -interactive /home/guoxm/isp_fpga/basic_isp/3_yolov3_tiny_acc/zynq_video_stream/vitis_prj/temp_xsdb_launch_script.tcl
11:49:21 INFO  : Platform repository initialization has completed.
11:49:21 INFO  : Registering command handlers for Vitis TCF services
11:49:21 INFO  : XSCT server has started successfully.
11:49:21 INFO  : plnx-install-location is set to ''
11:49:21 INFO  : Successfully done setting XSCT server connection channel  
11:49:21 INFO  : Successfully done query RDI_DATADIR 
11:49:21 INFO  : Successfully done setting workspace for the tool. 
11:50:54 INFO  : Result from executing command 'getProjects': design_1_wrapper
11:50:54 INFO  : Result from executing command 'getPlatforms': design_1_wrapper|/home/guoxm/isp_fpga/basic_isp/3_yolov3_tiny_acc/zynq_video_stream/vitis_prj/design_1_wrapper/export/design_1_wrapper/design_1_wrapper.xpfm;xilinx_zcu102_base_202220_1|/tools/Xilinx/Vitis/2022.2/base_platforms/xilinx_zcu102_base_202220_1/xilinx_zcu102_base_202220_1.xpfm;xilinx_zcu102_base_dfx_202220_1|/tools/Xilinx/Vitis/2022.2/base_platforms/xilinx_zcu102_base_dfx_202220_1/xilinx_zcu102_base_dfx_202220_1.xpfm;xilinx_zcu104_base_202220_1|/tools/Xilinx/Vitis/2022.2/base_platforms/xilinx_zcu104_base_202220_1/xilinx_zcu104_base_202220_1.xpfm
11:50:57 INFO  : Checking for BSP changes to sync application flags for project 'vip'...
11:52:08 INFO  : Connected to target on host '127.0.0.1' and port '3121'.
11:52:09 INFO  : Jtag cable 'Digilent JTAG-SMT2 B1774B45ABCD' is selected.
11:52:09 INFO  : 'jtag frequency' command is executed.
11:52:09 INFO  : Context for 'APU' is selected.
11:52:09 INFO  : System reset is completed.
11:52:12 INFO  : 'after 3000' command is executed.
11:52:12 INFO  : 'targets -set -filter {jtag_cable_name =~ "Digilent JTAG-SMT2 B1774B45ABCD" && level==0 && jtag_device_ctx=="jsn-JTAG-SMT2-B1774B45ABCD-23727093-0"}' command is executed.
11:52:14 INFO  : Device configured successfully with "/home/guoxm/isp_fpga/basic_isp/3_yolov3_tiny_acc/zynq_video_stream/vitis_prj/vip/_ide/bitstream/design_1_wrapper.bit"
11:52:14 INFO  : Context for 'APU' is selected.
11:52:14 INFO  : Hardware design and registers information is loaded from '/home/guoxm/isp_fpga/basic_isp/3_yolov3_tiny_acc/zynq_video_stream/vitis_prj/design_1_wrapper/export/design_1_wrapper/hw/design_1_wrapper.xsa'.
11:52:14 INFO  : 'configparams force-mem-access 1' command is executed.
11:52:14 INFO  : Context for 'APU' is selected.
11:52:14 INFO  : Sourcing of '/home/guoxm/isp_fpga/basic_isp/3_yolov3_tiny_acc/zynq_video_stream/vitis_prj/vip/_ide/psinit/ps7_init.tcl' is done.
11:52:14 INFO  : 'ps7_init' command is executed.
11:52:14 INFO  : 'ps7_post_config' command is executed.
11:52:14 INFO  : Context for processor 'ps7_cortexa9_0' is selected.
11:52:15 INFO  : The application '/home/guoxm/isp_fpga/basic_isp/3_yolov3_tiny_acc/zynq_video_stream/vitis_prj/vip/Debug/vip.elf' is downloaded to processor 'ps7_cortexa9_0'.
11:52:15 INFO  : 'configparams force-mem-access 0' command is executed.
11:52:15 INFO  : ----------------XSDB Script----------------
connect -url tcp:127.0.0.1:3121
targets -set -nocase -filter {name =~"APU*"}
rst -system
after 3000
targets -set -filter {jtag_cable_name =~ "Digilent JTAG-SMT2 B1774B45ABCD" && level==0 && jtag_device_ctx=="jsn-JTAG-SMT2-B1774B45ABCD-23727093-0"}
fpga -file /home/guoxm/isp_fpga/basic_isp/3_yolov3_tiny_acc/zynq_video_stream/vitis_prj/vip/_ide/bitstream/design_1_wrapper.bit
targets -set -nocase -filter {name =~"APU*"}
loadhw -hw /home/guoxm/isp_fpga/basic_isp/3_yolov3_tiny_acc/zynq_video_stream/vitis_prj/design_1_wrapper/export/design_1_wrapper/hw/design_1_wrapper.xsa -mem-ranges [list {0x40000000 0xbfffffff}] -regs
configparams force-mem-access 1
targets -set -nocase -filter {name =~"APU*"}
source /home/guoxm/isp_fpga/basic_isp/3_yolov3_tiny_acc/zynq_video_stream/vitis_prj/vip/_ide/psinit/ps7_init.tcl
ps7_init
ps7_post_config
targets -set -nocase -filter {name =~ "*A9*#0"}
dow /home/guoxm/isp_fpga/basic_isp/3_yolov3_tiny_acc/zynq_video_stream/vitis_prj/vip/Debug/vip.elf
configparams force-mem-access 0
----------------End of Script----------------

11:52:15 INFO  : Context for processor 'ps7_cortexa9_0' is selected.
11:52:15 INFO  : 'con' command is executed.
11:52:15 INFO  : ----------------XSDB Script (After Launch)----------------
targets -set -nocase -filter {name =~ "*A9*#0"}
con
----------------End of Script----------------

11:52:15 INFO  : Launch script is exported to file '/home/guoxm/isp_fpga/basic_isp/3_yolov3_tiny_acc/zynq_video_stream/vitis_prj/vip_system/_ide/scripts/debugger_vip-default.tcl'
12:17:52 INFO  : Disconnected from the channel tcfchan#2.
12:18:19 DEBUG : Logs will be stored at '/home/guoxm/isp_fpga/basic_isp/3_yolov3_tiny_acc/zynq_video_stream/vitis_prj/IDE.log'.
12:18:19 INFO  : Launching XSCT server: xsct -n  -interactive /home/guoxm/isp_fpga/basic_isp/3_yolov3_tiny_acc/zynq_video_stream/vitis_prj/temp_xsdb_launch_script.tcl
12:18:20 INFO  : Platform repository initialization has completed.
12:18:20 INFO  : Registering command handlers for Vitis TCF services
12:18:20 INFO  : XSCT server has started successfully.
12:18:20 INFO  : plnx-install-location is set to ''
12:18:20 INFO  : Successfully done setting XSCT server connection channel  
12:18:20 INFO  : Successfully done query RDI_DATADIR 
12:18:20 INFO  : Successfully done setting workspace for the tool. 
12:18:32 INFO  : Checking for BSP changes to sync application flags for project 'vip'...
12:18:50 INFO  : Connected to target on host '127.0.0.1' and port '3121'.
12:18:50 INFO  : Jtag cable 'Digilent JTAG-SMT2 B1774B45ABCD' is selected.
12:18:50 INFO  : 'jtag frequency' command is executed.
12:18:50 INFO  : Context for 'APU' is selected.
12:18:50 INFO  : System reset is completed.
12:18:53 INFO  : 'after 3000' command is executed.
12:18:53 INFO  : 'targets -set -filter {jtag_cable_name =~ "Digilent JTAG-SMT2 B1774B45ABCD" && level==0 && jtag_device_ctx=="jsn-JTAG-SMT2-B1774B45ABCD-23727093-0"}' command is executed.
12:18:55 INFO  : Device configured successfully with "/home/guoxm/isp_fpga/basic_isp/3_yolov3_tiny_acc/zynq_video_stream/vitis_prj/vip/_ide/bitstream/design_1_wrapper.bit"
12:18:55 INFO  : Context for 'APU' is selected.
12:18:55 INFO  : Hardware design and registers information is loaded from '/home/guoxm/isp_fpga/basic_isp/3_yolov3_tiny_acc/zynq_video_stream/vitis_prj/design_1_wrapper/export/design_1_wrapper/hw/design_1_wrapper.xsa'.
12:18:55 INFO  : 'configparams force-mem-access 1' command is executed.
12:18:55 INFO  : Context for 'APU' is selected.
12:18:55 INFO  : Sourcing of '/home/guoxm/isp_fpga/basic_isp/3_yolov3_tiny_acc/zynq_video_stream/vitis_prj/vip/_ide/psinit/ps7_init.tcl' is done.
12:18:56 INFO  : 'ps7_init' command is executed.
12:18:56 INFO  : 'ps7_post_config' command is executed.
12:18:56 INFO  : Context for processor 'ps7_cortexa9_0' is selected.
12:18:56 INFO  : The application '/home/guoxm/isp_fpga/basic_isp/3_yolov3_tiny_acc/zynq_video_stream/vitis_prj/vip/Debug/vip.elf' is downloaded to processor 'ps7_cortexa9_0'.
12:18:56 INFO  : 'configparams force-mem-access 0' command is executed.
12:18:56 INFO  : ----------------XSDB Script----------------
connect -url tcp:127.0.0.1:3121
targets -set -nocase -filter {name =~"APU*"}
rst -system
after 3000
targets -set -filter {jtag_cable_name =~ "Digilent JTAG-SMT2 B1774B45ABCD" && level==0 && jtag_device_ctx=="jsn-JTAG-SMT2-B1774B45ABCD-23727093-0"}
fpga -file /home/guoxm/isp_fpga/basic_isp/3_yolov3_tiny_acc/zynq_video_stream/vitis_prj/vip/_ide/bitstream/design_1_wrapper.bit
targets -set -nocase -filter {name =~"APU*"}
loadhw -hw /home/guoxm/isp_fpga/basic_isp/3_yolov3_tiny_acc/zynq_video_stream/vitis_prj/design_1_wrapper/export/design_1_wrapper/hw/design_1_wrapper.xsa -mem-ranges [list {0x40000000 0xbfffffff}] -regs
configparams force-mem-access 1
targets -set -nocase -filter {name =~"APU*"}
source /home/guoxm/isp_fpga/basic_isp/3_yolov3_tiny_acc/zynq_video_stream/vitis_prj/vip/_ide/psinit/ps7_init.tcl
ps7_init
ps7_post_config
targets -set -nocase -filter {name =~ "*A9*#0"}
dow /home/guoxm/isp_fpga/basic_isp/3_yolov3_tiny_acc/zynq_video_stream/vitis_prj/vip/Debug/vip.elf
configparams force-mem-access 0
----------------End of Script----------------

12:18:56 INFO  : Context for processor 'ps7_cortexa9_0' is selected.
12:18:56 INFO  : 'con' command is executed.
12:18:56 INFO  : ----------------XSDB Script (After Launch)----------------
targets -set -nocase -filter {name =~ "*A9*#0"}
con
----------------End of Script----------------

12:18:56 INFO  : Launch script is exported to file '/home/guoxm/isp_fpga/basic_isp/3_yolov3_tiny_acc/zynq_video_stream/vitis_prj/vip_system/_ide/scripts/debugger_vip-default.tcl'
12:29:35 INFO  : Disconnected from the channel tcfchan#1.
12:48:19 DEBUG : Logs will be stored at '/home/guoxm/isp_fpga/basic_isp/3_yolov3_tiny_acc/zynq_video_stream/vitis_prj/IDE.log'.
12:48:20 INFO  : Launching XSCT server: xsct -n  -interactive /home/guoxm/isp_fpga/basic_isp/3_yolov3_tiny_acc/zynq_video_stream/vitis_prj/temp_xsdb_launch_script.tcl
12:48:20 INFO  : Registering command handlers for Vitis TCF services
12:48:20 INFO  : Platform repository initialization has completed.
12:48:21 INFO  : XSCT server has started successfully.
12:48:21 INFO  : plnx-install-location is set to ''
12:48:21 INFO  : Successfully done setting XSCT server connection channel  
12:48:21 INFO  : Successfully done query RDI_DATADIR 
12:48:21 INFO  : Successfully done setting workspace for the tool. 
12:48:55 DEBUG : Logs will be stored at '/home/guoxm/isp_fpga/basic_isp/3_yolov3_tiny_acc/zynq_video_stream/vitis_prj/IDE.log'.
12:48:55 INFO  : Launching XSCT server: xsct -n  -interactive /home/guoxm/isp_fpga/basic_isp/3_yolov3_tiny_acc/zynq_video_stream/vitis_prj/temp_xsdb_launch_script.tcl
12:48:56 INFO  : Platform repository initialization has completed.
12:48:56 INFO  : Registering command handlers for Vitis TCF services
12:48:56 INFO  : XSCT server has started successfully.
12:48:56 INFO  : Successfully done setting XSCT server connection channel  
12:48:56 INFO  : plnx-install-location is set to ''
12:48:56 INFO  : Successfully done query RDI_DATADIR 
12:48:56 INFO  : Successfully done setting workspace for the tool. 
12:49:29 INFO  : Result from executing command 'getProjects': design_1_wrapper
12:49:29 INFO  : Result from executing command 'getPlatforms': design_1_wrapper|/home/guoxm/isp_fpga/basic_isp/3_yolov3_tiny_acc/zynq_video_stream/vitis_prj/design_1_wrapper/export/design_1_wrapper/design_1_wrapper.xpfm;xilinx_zcu102_base_202220_1|/tools/Xilinx/Vitis/2022.2/base_platforms/xilinx_zcu102_base_202220_1/xilinx_zcu102_base_202220_1.xpfm;xilinx_zcu102_base_dfx_202220_1|/tools/Xilinx/Vitis/2022.2/base_platforms/xilinx_zcu102_base_dfx_202220_1/xilinx_zcu102_base_dfx_202220_1.xpfm;xilinx_zcu104_base_202220_1|/tools/Xilinx/Vitis/2022.2/base_platforms/xilinx_zcu104_base_202220_1/xilinx_zcu104_base_202220_1.xpfm
12:49:32 INFO  : Checking for BSP changes to sync application flags for project 'vip'...
12:49:55 INFO  : Connected to target on host '127.0.0.1' and port '3121'.
12:49:55 INFO  : Jtag cable 'Digilent JTAG-SMT2 B1774B45ABCD' is selected.
12:49:55 INFO  : 'jtag frequency' command is executed.
12:49:55 INFO  : Context for 'APU' is selected.
12:49:55 INFO  : System reset is completed.
12:49:58 INFO  : 'after 3000' command is executed.
12:49:58 INFO  : 'targets -set -filter {jtag_cable_name =~ "Digilent JTAG-SMT2 B1774B45ABCD" && level==0 && jtag_device_ctx=="jsn-JTAG-SMT2-B1774B45ABCD-23727093-0"}' command is executed.
12:50:00 INFO  : Device configured successfully with "/home/guoxm/isp_fpga/basic_isp/3_yolov3_tiny_acc/zynq_video_stream/vitis_prj/vip/_ide/bitstream/design_1_wrapper.bit"
12:50:00 INFO  : Context for 'APU' is selected.
12:50:00 INFO  : Hardware design and registers information is loaded from '/home/guoxm/isp_fpga/basic_isp/3_yolov3_tiny_acc/zynq_video_stream/vitis_prj/design_1_wrapper/export/design_1_wrapper/hw/design_1_wrapper.xsa'.
12:50:00 INFO  : 'configparams force-mem-access 1' command is executed.
12:50:00 INFO  : Context for 'APU' is selected.
12:50:00 INFO  : Sourcing of '/home/guoxm/isp_fpga/basic_isp/3_yolov3_tiny_acc/zynq_video_stream/vitis_prj/vip/_ide/psinit/ps7_init.tcl' is done.
12:50:01 INFO  : 'ps7_init' command is executed.
12:50:01 INFO  : 'ps7_post_config' command is executed.
12:50:01 INFO  : Context for processor 'ps7_cortexa9_0' is selected.
12:50:01 INFO  : The application '/home/guoxm/isp_fpga/basic_isp/3_yolov3_tiny_acc/zynq_video_stream/vitis_prj/vip/Debug/vip.elf' is downloaded to processor 'ps7_cortexa9_0'.
12:50:01 INFO  : 'configparams force-mem-access 0' command is executed.
12:50:01 INFO  : ----------------XSDB Script----------------
connect -url tcp:127.0.0.1:3121
targets -set -nocase -filter {name =~"APU*"}
rst -system
after 3000
targets -set -filter {jtag_cable_name =~ "Digilent JTAG-SMT2 B1774B45ABCD" && level==0 && jtag_device_ctx=="jsn-JTAG-SMT2-B1774B45ABCD-23727093-0"}
fpga -file /home/guoxm/isp_fpga/basic_isp/3_yolov3_tiny_acc/zynq_video_stream/vitis_prj/vip/_ide/bitstream/design_1_wrapper.bit
targets -set -nocase -filter {name =~"APU*"}
loadhw -hw /home/guoxm/isp_fpga/basic_isp/3_yolov3_tiny_acc/zynq_video_stream/vitis_prj/design_1_wrapper/export/design_1_wrapper/hw/design_1_wrapper.xsa -mem-ranges [list {0x40000000 0xbfffffff}] -regs
configparams force-mem-access 1
targets -set -nocase -filter {name =~"APU*"}
source /home/guoxm/isp_fpga/basic_isp/3_yolov3_tiny_acc/zynq_video_stream/vitis_prj/vip/_ide/psinit/ps7_init.tcl
ps7_init
ps7_post_config
targets -set -nocase -filter {name =~ "*A9*#0"}
dow /home/guoxm/isp_fpga/basic_isp/3_yolov3_tiny_acc/zynq_video_stream/vitis_prj/vip/Debug/vip.elf
configparams force-mem-access 0
----------------End of Script----------------

12:50:01 INFO  : Context for processor 'ps7_cortexa9_0' is selected.
12:50:01 INFO  : 'con' command is executed.
12:50:01 INFO  : ----------------XSDB Script (After Launch)----------------
targets -set -nocase -filter {name =~ "*A9*#0"}
con
----------------End of Script----------------

12:50:01 INFO  : Launch script is exported to file '/home/guoxm/isp_fpga/basic_isp/3_yolov3_tiny_acc/zynq_video_stream/vitis_prj/vip_system/_ide/scripts/debugger_vip-default.tcl'
13:09:46 INFO  : Disconnected from the channel tcfchan#2.
13:09:47 INFO  : Connected to target on host '127.0.0.1' and port '3121'.
13:09:47 INFO  : Jtag cable 'Digilent JTAG-SMT2 B1774B45ABCD' is selected.
13:09:47 INFO  : 'jtag frequency' command is executed.
13:09:47 INFO  : Context for 'APU' is selected.
13:09:47 INFO  : System reset is completed.
13:09:50 INFO  : 'after 3000' command is executed.
13:09:50 INFO  : 'targets -set -filter {jtag_cable_name =~ "Digilent JTAG-SMT2 B1774B45ABCD" && level==0 && jtag_device_ctx=="jsn-JTAG-SMT2-B1774B45ABCD-23727093-0"}' command is executed.
13:09:53 INFO  : Device configured successfully with "/home/guoxm/isp_fpga/basic_isp/3_yolov3_tiny_acc/zynq_video_stream/vitis_prj/vip/_ide/bitstream/design_1_wrapper.bit"
13:09:53 INFO  : Context for 'APU' is selected.
13:09:53 INFO  : Hardware design and registers information is loaded from '/home/guoxm/isp_fpga/basic_isp/3_yolov3_tiny_acc/zynq_video_stream/vitis_prj/design_1_wrapper/export/design_1_wrapper/hw/design_1_wrapper.xsa'.
13:09:53 INFO  : 'configparams force-mem-access 1' command is executed.
13:09:53 INFO  : Context for 'APU' is selected.
13:09:53 INFO  : Sourcing of '/home/guoxm/isp_fpga/basic_isp/3_yolov3_tiny_acc/zynq_video_stream/vitis_prj/vip/_ide/psinit/ps7_init.tcl' is done.
13:09:53 INFO  : 'ps7_init' command is executed.
13:09:53 INFO  : 'ps7_post_config' command is executed.
13:09:53 INFO  : Context for processor 'ps7_cortexa9_0' is selected.
13:09:53 INFO  : The application '/home/guoxm/isp_fpga/basic_isp/3_yolov3_tiny_acc/zynq_video_stream/vitis_prj/vip/Debug/vip.elf' is downloaded to processor 'ps7_cortexa9_0'.
13:09:53 INFO  : 'configparams force-mem-access 0' command is executed.
13:09:53 INFO  : ----------------XSDB Script----------------
connect -url tcp:127.0.0.1:3121
targets -set -nocase -filter {name =~"APU*"}
rst -system
after 3000
targets -set -filter {jtag_cable_name =~ "Digilent JTAG-SMT2 B1774B45ABCD" && level==0 && jtag_device_ctx=="jsn-JTAG-SMT2-B1774B45ABCD-23727093-0"}
fpga -file /home/guoxm/isp_fpga/basic_isp/3_yolov3_tiny_acc/zynq_video_stream/vitis_prj/vip/_ide/bitstream/design_1_wrapper.bit
targets -set -nocase -filter {name =~"APU*"}
loadhw -hw /home/guoxm/isp_fpga/basic_isp/3_yolov3_tiny_acc/zynq_video_stream/vitis_prj/design_1_wrapper/export/design_1_wrapper/hw/design_1_wrapper.xsa -mem-ranges [list {0x40000000 0xbfffffff}] -regs
configparams force-mem-access 1
targets -set -nocase -filter {name =~"APU*"}
source /home/guoxm/isp_fpga/basic_isp/3_yolov3_tiny_acc/zynq_video_stream/vitis_prj/vip/_ide/psinit/ps7_init.tcl
ps7_init
ps7_post_config
targets -set -nocase -filter {name =~ "*A9*#0"}
dow /home/guoxm/isp_fpga/basic_isp/3_yolov3_tiny_acc/zynq_video_stream/vitis_prj/vip/Debug/vip.elf
configparams force-mem-access 0
----------------End of Script----------------

13:09:53 INFO  : Context for processor 'ps7_cortexa9_0' is selected.
13:09:53 INFO  : 'con' command is executed.
13:09:53 INFO  : ----------------XSDB Script (After Launch)----------------
targets -set -nocase -filter {name =~ "*A9*#0"}
con
----------------End of Script----------------

13:09:53 INFO  : Launch script is exported to file '/home/guoxm/isp_fpga/basic_isp/3_yolov3_tiny_acc/zynq_video_stream/vitis_prj/vip_system/_ide/scripts/debugger_vip-default.tcl'
13:11:43 DEBUG : Logs will be stored at '/home/guoxm/isp_fpga/basic_isp/3_yolov3_tiny_acc/zynq_video_stream/vitis_prj/IDE.log'.
13:11:44 INFO  : Launching XSCT server: xsct -n  -interactive /home/guoxm/isp_fpga/basic_isp/3_yolov3_tiny_acc/zynq_video_stream/vitis_prj/temp_xsdb_launch_script.tcl
13:11:45 INFO  : Platform repository initialization has completed.
13:11:45 INFO  : Registering command handlers for Vitis TCF services
13:11:46 INFO  : XSCT server has started successfully.
13:11:46 INFO  : Successfully done setting XSCT server connection channel  
13:11:46 INFO  : Successfully done setting workspace for the tool. 
13:11:46 INFO  : plnx-install-location is set to ''
13:11:46 INFO  : Successfully done query RDI_DATADIR 
13:16:43 INFO  : Connected to target on host '127.0.0.1' and port '3121'.
13:16:44 INFO  : Jtag cable 'Digilent JTAG-SMT2 B1774B45ABCD' is selected.
13:16:44 INFO  : 'jtag frequency' command is executed.
13:16:44 INFO  : Context for 'APU' is selected.
13:16:44 INFO  : System reset is completed.
13:16:47 INFO  : 'after 3000' command is executed.
13:16:47 INFO  : 'targets -set -filter {jtag_cable_name =~ "Digilent JTAG-SMT2 B1774B45ABCD" && level==0 && jtag_device_ctx=="jsn-JTAG-SMT2-B1774B45ABCD-23727093-0"}' command is executed.
13:16:49 INFO  : Device configured successfully with "/home/guoxm/isp_fpga/basic_isp/3_yolov3_tiny_acc/zynq_video_stream/vitis_prj/vip/_ide/bitstream/design_1_wrapper.bit"
13:16:49 INFO  : Context for 'APU' is selected.
13:16:49 INFO  : Hardware design and registers information is loaded from '/home/guoxm/isp_fpga/basic_isp/3_yolov3_tiny_acc/zynq_video_stream/vitis_prj/design_1_wrapper/export/design_1_wrapper/hw/design_1_wrapper.xsa'.
13:16:49 INFO  : 'configparams force-mem-access 1' command is executed.
13:16:49 INFO  : Context for 'APU' is selected.
13:16:49 INFO  : Sourcing of '/home/guoxm/isp_fpga/basic_isp/3_yolov3_tiny_acc/zynq_video_stream/vitis_prj/vip/_ide/psinit/ps7_init.tcl' is done.
13:16:49 INFO  : 'ps7_init' command is executed.
13:16:49 INFO  : 'ps7_post_config' command is executed.
13:16:49 INFO  : Context for processor 'ps7_cortexa9_0' is selected.
13:16:50 INFO  : The application '/home/guoxm/isp_fpga/basic_isp/3_yolov3_tiny_acc/zynq_video_stream/vitis_prj/vip/Debug/vip.elf' is downloaded to processor 'ps7_cortexa9_0'.
13:16:50 INFO  : 'configparams force-mem-access 0' command is executed.
13:16:50 INFO  : ----------------XSDB Script----------------
connect -url tcp:127.0.0.1:3121
targets -set -nocase -filter {name =~"APU*"}
rst -system
after 3000
targets -set -filter {jtag_cable_name =~ "Digilent JTAG-SMT2 B1774B45ABCD" && level==0 && jtag_device_ctx=="jsn-JTAG-SMT2-B1774B45ABCD-23727093-0"}
fpga -file /home/guoxm/isp_fpga/basic_isp/3_yolov3_tiny_acc/zynq_video_stream/vitis_prj/vip/_ide/bitstream/design_1_wrapper.bit
targets -set -nocase -filter {name =~"APU*"}
loadhw -hw /home/guoxm/isp_fpga/basic_isp/3_yolov3_tiny_acc/zynq_video_stream/vitis_prj/design_1_wrapper/export/design_1_wrapper/hw/design_1_wrapper.xsa -mem-ranges [list {0x40000000 0xbfffffff}] -regs
configparams force-mem-access 1
targets -set -nocase -filter {name =~"APU*"}
source /home/guoxm/isp_fpga/basic_isp/3_yolov3_tiny_acc/zynq_video_stream/vitis_prj/vip/_ide/psinit/ps7_init.tcl
ps7_init
ps7_post_config
targets -set -nocase -filter {name =~ "*A9*#0"}
dow /home/guoxm/isp_fpga/basic_isp/3_yolov3_tiny_acc/zynq_video_stream/vitis_prj/vip/Debug/vip.elf
configparams force-mem-access 0
----------------End of Script----------------

13:16:50 INFO  : Context for processor 'ps7_cortexa9_0' is selected.
13:16:50 INFO  : 'con' command is executed.
13:16:50 INFO  : ----------------XSDB Script (After Launch)----------------
targets -set -nocase -filter {name =~ "*A9*#0"}
con
----------------End of Script----------------

13:16:50 INFO  : Launch script is exported to file '/home/guoxm/isp_fpga/basic_isp/3_yolov3_tiny_acc/zynq_video_stream/vitis_prj/vip_system/_ide/scripts/debugger_vip-default.tcl'
13:28:53 INFO  : Disconnected from the channel tcfchan#1.
13:29:06 DEBUG : Logs will be stored at '/home/guoxm/isp_fpga/basic_isp/3_yolov3_tiny_acc/zynq_video_stream/vitis_prj/IDE.log'.
13:29:07 INFO  : Launching XSCT server: xsct -n  -interactive /home/guoxm/isp_fpga/basic_isp/3_yolov3_tiny_acc/zynq_video_stream/vitis_prj/temp_xsdb_launch_script.tcl
13:29:08 INFO  : Platform repository initialization has completed.
13:29:08 INFO  : Registering command handlers for Vitis TCF services
13:29:08 INFO  : XSCT server has started successfully.
13:29:08 INFO  : Successfully done setting XSCT server connection channel  
13:29:08 INFO  : plnx-install-location is set to ''
13:29:08 INFO  : Successfully done setting workspace for the tool. 
13:29:08 INFO  : Successfully done query RDI_DATADIR 
13:30:01 DEBUG : Logs will be stored at '/home/guoxm/isp_fpga/basic_isp/3_yolov3_tiny_acc/zynq_video_stream/vitis_prj/IDE.log'.
13:30:01 INFO  : Launching XSCT server: xsct -n  -interactive /home/guoxm/isp_fpga/basic_isp/3_yolov3_tiny_acc/zynq_video_stream/vitis_prj/temp_xsdb_launch_script.tcl
13:30:02 INFO  : Platform repository initialization has completed.
13:30:02 INFO  : Registering command handlers for Vitis TCF services
13:30:02 INFO  : XSCT server has started successfully.
13:30:02 INFO  : plnx-install-location is set to ''
13:30:02 INFO  : Successfully done setting XSCT server connection channel  
13:30:02 INFO  : Successfully done query RDI_DATADIR 
13:30:02 INFO  : Successfully done setting workspace for the tool. 
13:31:50 DEBUG : Logs will be stored at '/home/guoxm/isp_fpga/basic_isp/3_yolov3_tiny_acc/zynq_video_stream/vitis_prj/IDE.log'.
13:31:50 INFO  : Launching XSCT server: xsct -n  -interactive /home/guoxm/isp_fpga/basic_isp/3_yolov3_tiny_acc/zynq_video_stream/vitis_prj/temp_xsdb_launch_script.tcl
13:31:51 INFO  : Platform repository initialization has completed.
13:31:51 INFO  : Registering command handlers for Vitis TCF services
13:31:51 INFO  : XSCT server has started successfully.
13:31:51 INFO  : Successfully done setting XSCT server connection channel  
13:31:51 INFO  : plnx-install-location is set to ''
13:31:51 INFO  : Successfully done setting workspace for the tool. 
13:31:51 INFO  : Successfully done query RDI_DATADIR 
13:34:26 INFO  : Result from executing command 'getProjects': design_1_wrapper
13:34:26 INFO  : Result from executing command 'getPlatforms': design_1_wrapper|/home/guoxm/isp_fpga/basic_isp/3_yolov3_tiny_acc/zynq_video_stream/vitis_prj/design_1_wrapper/export/design_1_wrapper/design_1_wrapper.xpfm;xilinx_zcu102_base_202220_1|/tools/Xilinx/Vitis/2022.2/base_platforms/xilinx_zcu102_base_202220_1/xilinx_zcu102_base_202220_1.xpfm;xilinx_zcu102_base_dfx_202220_1|/tools/Xilinx/Vitis/2022.2/base_platforms/xilinx_zcu102_base_dfx_202220_1/xilinx_zcu102_base_dfx_202220_1.xpfm;xilinx_zcu104_base_202220_1|/tools/Xilinx/Vitis/2022.2/base_platforms/xilinx_zcu104_base_202220_1/xilinx_zcu104_base_202220_1.xpfm
13:34:29 INFO  : Checking for BSP changes to sync application flags for project 'vip'...
13:34:51 INFO  : Connected to target on host '127.0.0.1' and port '3121'.
13:34:52 INFO  : Jtag cable 'Digilent JTAG-SMT2 B1774B45ABCD' is selected.
13:34:52 INFO  : 'jtag frequency' command is executed.
13:34:52 INFO  : Context for 'APU' is selected.
13:34:52 INFO  : System reset is completed.
13:34:55 INFO  : 'after 3000' command is executed.
13:34:55 INFO  : 'targets -set -filter {jtag_cable_name =~ "Digilent JTAG-SMT2 B1774B45ABCD" && level==0 && jtag_device_ctx=="jsn-JTAG-SMT2-B1774B45ABCD-23727093-0"}' command is executed.
13:34:57 INFO  : Device configured successfully with "/home/guoxm/isp_fpga/basic_isp/3_yolov3_tiny_acc/zynq_video_stream/vitis_prj/vip/_ide/bitstream/design_1_wrapper.bit"
13:34:57 INFO  : Context for 'APU' is selected.
13:34:57 INFO  : Hardware design and registers information is loaded from '/home/guoxm/isp_fpga/basic_isp/3_yolov3_tiny_acc/zynq_video_stream/vitis_prj/design_1_wrapper/export/design_1_wrapper/hw/design_1_wrapper.xsa'.
13:34:57 INFO  : 'configparams force-mem-access 1' command is executed.
13:34:57 INFO  : Context for 'APU' is selected.
13:34:57 INFO  : Sourcing of '/home/guoxm/isp_fpga/basic_isp/3_yolov3_tiny_acc/zynq_video_stream/vitis_prj/vip/_ide/psinit/ps7_init.tcl' is done.
13:34:57 INFO  : 'ps7_init' command is executed.
13:34:57 INFO  : 'ps7_post_config' command is executed.
13:34:57 INFO  : Context for processor 'ps7_cortexa9_0' is selected.
13:34:58 INFO  : The application '/home/guoxm/isp_fpga/basic_isp/3_yolov3_tiny_acc/zynq_video_stream/vitis_prj/vip/Debug/vip.elf' is downloaded to processor 'ps7_cortexa9_0'.
13:34:58 INFO  : 'configparams force-mem-access 0' command is executed.
13:34:58 INFO  : ----------------XSDB Script----------------
connect -url tcp:127.0.0.1:3121
targets -set -nocase -filter {name =~"APU*"}
rst -system
after 3000
targets -set -filter {jtag_cable_name =~ "Digilent JTAG-SMT2 B1774B45ABCD" && level==0 && jtag_device_ctx=="jsn-JTAG-SMT2-B1774B45ABCD-23727093-0"}
fpga -file /home/guoxm/isp_fpga/basic_isp/3_yolov3_tiny_acc/zynq_video_stream/vitis_prj/vip/_ide/bitstream/design_1_wrapper.bit
targets -set -nocase -filter {name =~"APU*"}
loadhw -hw /home/guoxm/isp_fpga/basic_isp/3_yolov3_tiny_acc/zynq_video_stream/vitis_prj/design_1_wrapper/export/design_1_wrapper/hw/design_1_wrapper.xsa -mem-ranges [list {0x40000000 0xbfffffff}] -regs
configparams force-mem-access 1
targets -set -nocase -filter {name =~"APU*"}
source /home/guoxm/isp_fpga/basic_isp/3_yolov3_tiny_acc/zynq_video_stream/vitis_prj/vip/_ide/psinit/ps7_init.tcl
ps7_init
ps7_post_config
targets -set -nocase -filter {name =~ "*A9*#0"}
dow /home/guoxm/isp_fpga/basic_isp/3_yolov3_tiny_acc/zynq_video_stream/vitis_prj/vip/Debug/vip.elf
configparams force-mem-access 0
----------------End of Script----------------

13:34:58 INFO  : Context for processor 'ps7_cortexa9_0' is selected.
13:34:58 INFO  : 'con' command is executed.
13:34:58 INFO  : ----------------XSDB Script (After Launch)----------------
targets -set -nocase -filter {name =~ "*A9*#0"}
con
----------------End of Script----------------

13:34:58 INFO  : Launch script is exported to file '/home/guoxm/isp_fpga/basic_isp/3_yolov3_tiny_acc/zynq_video_stream/vitis_prj/vip_system/_ide/scripts/debugger_vip-default.tcl'
13:41:48 INFO  : Disconnected from the channel tcfchan#2.
13:41:49 INFO  : Connected to target on host '127.0.0.1' and port '3121'.
13:41:49 INFO  : Jtag cable 'Digilent JTAG-SMT2 B1774B45ABCD' is selected.
13:41:49 INFO  : 'jtag frequency' command is executed.
13:41:51 INFO  : Context for 'APU' is selected.
13:41:51 INFO  : System reset is completed.
13:41:54 INFO  : 'after 3000' command is executed.
13:41:54 INFO  : 'targets -set -filter {jtag_cable_name =~ "Digilent JTAG-SMT2 B1774B45ABCD" && level==0 && jtag_device_ctx=="jsn-JTAG-SMT2-B1774B45ABCD-23727093-0"}' command is executed.
13:41:56 INFO  : Device configured successfully with "/home/guoxm/isp_fpga/basic_isp/3_yolov3_tiny_acc/zynq_video_stream/vitis_prj/vip/_ide/bitstream/design_1_wrapper.bit"
13:41:56 INFO  : Context for 'APU' is selected.
13:41:56 INFO  : Hardware design and registers information is loaded from '/home/guoxm/isp_fpga/basic_isp/3_yolov3_tiny_acc/zynq_video_stream/vitis_prj/design_1_wrapper/export/design_1_wrapper/hw/design_1_wrapper.xsa'.
13:41:56 INFO  : 'configparams force-mem-access 1' command is executed.
13:41:56 INFO  : Context for 'APU' is selected.
13:41:56 INFO  : Sourcing of '/home/guoxm/isp_fpga/basic_isp/3_yolov3_tiny_acc/zynq_video_stream/vitis_prj/vip/_ide/psinit/ps7_init.tcl' is done.
13:41:57 INFO  : 'ps7_init' command is executed.
13:41:57 INFO  : 'ps7_post_config' command is executed.
13:41:57 INFO  : Context for processor 'ps7_cortexa9_0' is selected.
13:41:57 INFO  : The application '/home/guoxm/isp_fpga/basic_isp/3_yolov3_tiny_acc/zynq_video_stream/vitis_prj/vip/Debug/vip.elf' is downloaded to processor 'ps7_cortexa9_0'.
13:41:57 INFO  : 'configparams force-mem-access 0' command is executed.
13:41:57 INFO  : ----------------XSDB Script----------------
connect -url tcp:127.0.0.1:3121
targets -set -nocase -filter {name =~"APU*"}
rst -system
after 3000
targets -set -filter {jtag_cable_name =~ "Digilent JTAG-SMT2 B1774B45ABCD" && level==0 && jtag_device_ctx=="jsn-JTAG-SMT2-B1774B45ABCD-23727093-0"}
fpga -file /home/guoxm/isp_fpga/basic_isp/3_yolov3_tiny_acc/zynq_video_stream/vitis_prj/vip/_ide/bitstream/design_1_wrapper.bit
targets -set -nocase -filter {name =~"APU*"}
loadhw -hw /home/guoxm/isp_fpga/basic_isp/3_yolov3_tiny_acc/zynq_video_stream/vitis_prj/design_1_wrapper/export/design_1_wrapper/hw/design_1_wrapper.xsa -mem-ranges [list {0x40000000 0xbfffffff}] -regs
configparams force-mem-access 1
targets -set -nocase -filter {name =~"APU*"}
source /home/guoxm/isp_fpga/basic_isp/3_yolov3_tiny_acc/zynq_video_stream/vitis_prj/vip/_ide/psinit/ps7_init.tcl
ps7_init
ps7_post_config
targets -set -nocase -filter {name =~ "*A9*#0"}
dow /home/guoxm/isp_fpga/basic_isp/3_yolov3_tiny_acc/zynq_video_stream/vitis_prj/vip/Debug/vip.elf
configparams force-mem-access 0
----------------End of Script----------------

13:41:57 INFO  : Context for processor 'ps7_cortexa9_0' is selected.
13:41:57 INFO  : 'con' command is executed.
13:41:57 INFO  : ----------------XSDB Script (After Launch)----------------
targets -set -nocase -filter {name =~ "*A9*#0"}
con
----------------End of Script----------------

13:41:57 INFO  : Launch script is exported to file '/home/guoxm/isp_fpga/basic_isp/3_yolov3_tiny_acc/zynq_video_stream/vitis_prj/vip_system/_ide/scripts/debugger_vip-default.tcl'
16:07:41 INFO  : Disconnected from the channel tcfchan#3.
20:17:32 DEBUG : Logs will be stored at '/home/guoxm/isp_fpga/basic_isp/3_yolov3_tiny_acc/zynq_video_stream/vitis_prj/IDE.log'.
20:17:32 INFO  : Launching XSCT server: xsct -n  -interactive /home/guoxm/isp_fpga/basic_isp/3_yolov3_tiny_acc/zynq_video_stream/vitis_prj/temp_xsdb_launch_script.tcl
20:17:33 INFO  : Registering command handlers for Vitis TCF services
20:17:33 INFO  : Platform repository initialization has completed.
20:17:33 INFO  : XSCT server has started successfully.
20:17:33 INFO  : Successfully done setting XSCT server connection channel  
20:17:33 INFO  : plnx-install-location is set to ''
20:17:33 INFO  : Successfully done query RDI_DATADIR 
20:17:33 INFO  : Successfully done setting workspace for the tool. 
20:31:27 INFO  : Checking for BSP changes to sync application flags for project 'vip'...
20:35:22 INFO  : Example project vdma_1 has been created successfully.
22:47:00 INFO  : Result from executing command 'getProjects': design_1_wrapper
22:47:00 INFO  : Result from executing command 'getPlatforms': design_1_wrapper|/home/guoxm/isp_fpga/basic_isp/3_yolov3_tiny_acc/zynq_video_stream/vitis_prj/design_1_wrapper/export/design_1_wrapper/design_1_wrapper.xpfm;xilinx_zcu102_base_202220_1|/tools/Xilinx/Vitis/2022.2/base_platforms/xilinx_zcu102_base_202220_1/xilinx_zcu102_base_202220_1.xpfm;xilinx_zcu102_base_dfx_202220_1|/tools/Xilinx/Vitis/2022.2/base_platforms/xilinx_zcu102_base_dfx_202220_1/xilinx_zcu102_base_dfx_202220_1.xpfm;xilinx_zcu104_base_202220_1|/tools/Xilinx/Vitis/2022.2/base_platforms/xilinx_zcu104_base_202220_1/xilinx_zcu104_base_202220_1.xpfm
22:47:03 INFO  : Checking for BSP changes to sync application flags for project 'vip'...
22:47:54 INFO  : Checking for BSP changes to sync application flags for project 'vip'...
13:14:24 INFO  : Checking for BSP changes to sync application flags for project 'vip'...
13:15:10 INFO  : Connected to target on host '127.0.0.1' and port '3121'.
13:16:57 INFO  : Jtag cable 'Digilent JTAG-SMT2 B1774B45ABCD' is selected.
13:16:57 INFO  : 'jtag frequency' command is executed.
13:16:57 INFO  : Context for 'APU' is selected.
13:16:57 INFO  : System reset is completed.
13:17:00 INFO  : 'after 3000' command is executed.
13:17:00 INFO  : 'targets -set -filter {jtag_cable_name =~ "Digilent JTAG-SMT2 B1774B45ABCD" && level==0 && jtag_device_ctx=="jsn-JTAG-SMT2-B1774B45ABCD-23727093-0"}' command is executed.
13:17:03 INFO  : Device configured successfully with "/home/guoxm/isp_fpga/basic_isp/3_yolov3_tiny_acc/zynq_video_stream/vitis_prj/vip/_ide/bitstream/design_1_wrapper.bit"
13:17:06 ERROR : no targets found with "name =~"APU*"". available targets: none
13:17:06 INFO  : ----------------XSDB Script----------------
connect -url tcp:127.0.0.1:3121
targets -set -nocase -filter {name =~"APU*"}
rst -system
after 3000
targets -set -filter {jtag_cable_name =~ "Digilent JTAG-SMT2 B1774B45ABCD" && level==0 && jtag_device_ctx=="jsn-JTAG-SMT2-B1774B45ABCD-23727093-0"}
fpga -file /home/guoxm/isp_fpga/basic_isp/3_yolov3_tiny_acc/zynq_video_stream/vitis_prj/vip/_ide/bitstream/design_1_wrapper.bit
targets -set -nocase -filter {name =~"APU*"}
----------------End of Script----------------

13:17:06 ERROR : no targets found with "name =~"APU*"". available targets: none
13:17:21 INFO  : Checking for BSP changes to sync application flags for project 'vip'...
13:17:46 INFO  : Connected to target on host '127.0.0.1' and port '3121'.
13:17:46 INFO  : Jtag cable 'Digilent JTAG-SMT2 B1774B45ABCD' is selected.
13:17:46 INFO  : 'jtag frequency' command is executed.
13:17:46 INFO  : Context for 'APU' is selected.
13:17:46 INFO  : System reset is completed.
13:17:49 INFO  : 'after 3000' command is executed.
13:17:49 INFO  : 'targets -set -filter {jtag_cable_name =~ "Digilent JTAG-SMT2 B1774B45ABCD" && level==0 && jtag_device_ctx=="jsn-JTAG-SMT2-B1774B45ABCD-23727093-0"}' command is executed.
13:17:52 INFO  : Device configured successfully with "/home/guoxm/isp_fpga/basic_isp/3_yolov3_tiny_acc/zynq_video_stream/vitis_prj/vip/_ide/bitstream/design_1_wrapper.bit"
13:17:52 INFO  : Context for 'APU' is selected.
13:17:52 INFO  : Hardware design and registers information is loaded from '/home/guoxm/isp_fpga/basic_isp/3_yolov3_tiny_acc/zynq_video_stream/vitis_prj/design_1_wrapper/export/design_1_wrapper/hw/design_1_wrapper.xsa'.
13:17:52 INFO  : 'configparams force-mem-access 1' command is executed.
13:17:52 INFO  : Context for 'APU' is selected.
13:17:52 INFO  : Sourcing of '/home/guoxm/isp_fpga/basic_isp/3_yolov3_tiny_acc/zynq_video_stream/vitis_prj/vip/_ide/psinit/ps7_init.tcl' is done.
13:20:18 INFO  : Checking for BSP changes to sync application flags for project 'vip'...
13:21:12 ERROR : Failed to connect to hardware server on host '127.0.0.1' and port '3121'.
Reason: 'connect -url tcp:127.0.0.1:3121' is cancelled.
13:21:12 INFO  : ----------------XSDB Script----------------
connect -url tcp:127.0.0.1:3121
----------------End of Script----------------

13:21:12 ERROR : Failed to connect to hardware server on host '127.0.0.1' and port '3121'.
Reason: 'connect -url tcp:127.0.0.1:3121' is cancelled.
13:21:29 ERROR : Failed to connect to hardware server on host '127.0.0.1' and port '3121'.
Reason: 'connect -url tcp:127.0.0.1:3121' is cancelled.
13:21:29 INFO  : ----------------XSDB Script----------------
connect -url tcp:127.0.0.1:3121
----------------End of Script----------------

13:21:29 ERROR : Failed to connect to hardware server on host '127.0.0.1' and port '3121'.
Reason: 'connect -url tcp:127.0.0.1:3121' is cancelled.
13:21:32 ERROR : 'ps7_init' is cancelled.
13:21:32 INFO  : ----------------XSDB Script----------------
connect -url tcp:127.0.0.1:3121
targets -set -nocase -filter {name =~"APU*"}
rst -system
after 3000
targets -set -filter {jtag_cable_name =~ "Digilent JTAG-SMT2 B1774B45ABCD" && level==0 && jtag_device_ctx=="jsn-JTAG-SMT2-B1774B45ABCD-23727093-0"}
fpga -file /home/guoxm/isp_fpga/basic_isp/3_yolov3_tiny_acc/zynq_video_stream/vitis_prj/vip/_ide/bitstream/design_1_wrapper.bit
targets -set -nocase -filter {name =~"APU*"}
loadhw -hw /home/guoxm/isp_fpga/basic_isp/3_yolov3_tiny_acc/zynq_video_stream/vitis_prj/design_1_wrapper/export/design_1_wrapper/hw/design_1_wrapper.xsa -mem-ranges [list {0x40000000 0xbfffffff}] -regs
configparams force-mem-access 1
targets -set -nocase -filter {name =~"APU*"}
source /home/guoxm/isp_fpga/basic_isp/3_yolov3_tiny_acc/zynq_video_stream/vitis_prj/vip/_ide/psinit/ps7_init.tcl
ps7_init
----------------End of Script----------------

13:21:32 ERROR : 'ps7_init' is cancelled.
13:23:20 DEBUG : Logs will be stored at '/home/guoxm/isp_fpga/basic_isp/3_yolov3_tiny_acc/zynq_video_stream/vitis_prj/IDE.log'.
13:23:20 INFO  : Launching XSCT server: xsct -n  -interactive /home/guoxm/isp_fpga/basic_isp/3_yolov3_tiny_acc/zynq_video_stream/vitis_prj/temp_xsdb_launch_script.tcl
13:23:21 INFO  : Platform repository initialization has completed.
13:23:21 INFO  : Registering command handlers for Vitis TCF services
13:23:21 INFO  : XSCT server has started successfully.
13:23:21 INFO  : plnx-install-location is set to ''
13:23:21 INFO  : Successfully done setting XSCT server connection channel  
13:23:21 INFO  : Successfully done query RDI_DATADIR 
13:23:21 INFO  : Successfully done setting workspace for the tool. 
13:23:39 INFO  : Result from executing command 'removePlatformRepo': 
13:23:49 INFO  : Result from executing command 'getProjects': design_1_wrapper
13:23:49 INFO  : Result from executing command 'getPlatforms': xilinx_zcu102_base_202220_1|/tools/Xilinx/Vitis/2022.2/base_platforms/xilinx_zcu102_base_202220_1/xilinx_zcu102_base_202220_1.xpfm;xilinx_zcu102_base_dfx_202220_1|/tools/Xilinx/Vitis/2022.2/base_platforms/xilinx_zcu102_base_dfx_202220_1/xilinx_zcu102_base_dfx_202220_1.xpfm;xilinx_zcu104_base_202220_1|/tools/Xilinx/Vitis/2022.2/base_platforms/xilinx_zcu104_base_202220_1/xilinx_zcu104_base_202220_1.xpfm
13:23:53 INFO  : Checking for BSP changes to sync application flags for project 'vip'...
13:24:16 INFO  : Connected to target on host '127.0.0.1' and port '3121'.
13:24:17 INFO  : Jtag cable 'Digilent JTAG-SMT2 B1774B45ABCD' is selected.
13:24:17 INFO  : 'jtag frequency' command is executed.
13:24:17 INFO  : Context for 'APU' is selected.
13:24:17 INFO  : System reset is completed.
13:24:20 INFO  : 'after 3000' command is executed.
13:24:20 INFO  : 'targets -set -filter {jtag_cable_name =~ "Digilent JTAG-SMT2 B1774B45ABCD" && level==0 && jtag_device_ctx=="jsn-JTAG-SMT2-B1774B45ABCD-23727093-0"}' command is executed.
13:24:22 INFO  : Device configured successfully with "/home/guoxm/isp_fpga/basic_isp/3_yolov3_tiny_acc/zynq_video_stream/vitis_prj/vip/_ide/bitstream/design_1_wrapper.bit"
13:24:22 INFO  : Context for 'APU' is selected.
13:24:22 INFO  : Hardware design and registers information is loaded from '/home/guoxm/isp_fpga/basic_isp/3_yolov3_tiny_acc/zynq_video_stream/vitis_prj/design_1_wrapper/export/design_1_wrapper/hw/design_1_wrapper.xsa'.
13:24:22 INFO  : 'configparams force-mem-access 1' command is executed.
13:24:22 INFO  : Context for 'APU' is selected.
13:24:22 INFO  : Sourcing of '/home/guoxm/isp_fpga/basic_isp/3_yolov3_tiny_acc/zynq_video_stream/vitis_prj/vip/_ide/psinit/ps7_init.tcl' is done.
13:24:22 INFO  : 'ps7_init' command is executed.
13:24:22 INFO  : 'ps7_post_config' command is executed.
13:24:22 INFO  : Context for processor 'ps7_cortexa9_0' is selected.
13:24:23 INFO  : The application '/home/guoxm/isp_fpga/basic_isp/3_yolov3_tiny_acc/zynq_video_stream/vitis_prj/vip/Debug/vip.elf' is downloaded to processor 'ps7_cortexa9_0'.
13:24:23 INFO  : 'configparams force-mem-access 0' command is executed.
13:24:23 INFO  : ----------------XSDB Script----------------
connect -url tcp:127.0.0.1:3121
targets -set -nocase -filter {name =~"APU*"}
rst -system
after 3000
targets -set -filter {jtag_cable_name =~ "Digilent JTAG-SMT2 B1774B45ABCD" && level==0 && jtag_device_ctx=="jsn-JTAG-SMT2-B1774B45ABCD-23727093-0"}
fpga -file /home/guoxm/isp_fpga/basic_isp/3_yolov3_tiny_acc/zynq_video_stream/vitis_prj/vip/_ide/bitstream/design_1_wrapper.bit
targets -set -nocase -filter {name =~"APU*"}
loadhw -hw /home/guoxm/isp_fpga/basic_isp/3_yolov3_tiny_acc/zynq_video_stream/vitis_prj/design_1_wrapper/export/design_1_wrapper/hw/design_1_wrapper.xsa -mem-ranges [list {0x40000000 0xbfffffff}] -regs
configparams force-mem-access 1
targets -set -nocase -filter {name =~"APU*"}
source /home/guoxm/isp_fpga/basic_isp/3_yolov3_tiny_acc/zynq_video_stream/vitis_prj/vip/_ide/psinit/ps7_init.tcl
ps7_init
ps7_post_config
targets -set -nocase -filter {name =~ "*A9*#0"}
dow /home/guoxm/isp_fpga/basic_isp/3_yolov3_tiny_acc/zynq_video_stream/vitis_prj/vip/Debug/vip.elf
configparams force-mem-access 0
----------------End of Script----------------

13:24:23 INFO  : Context for processor 'ps7_cortexa9_0' is selected.
13:24:23 INFO  : 'con' command is executed.
13:24:23 INFO  : ----------------XSDB Script (After Launch)----------------
targets -set -nocase -filter {name =~ "*A9*#0"}
con
----------------End of Script----------------

13:24:23 INFO  : Launch script is exported to file '/home/guoxm/isp_fpga/basic_isp/3_yolov3_tiny_acc/zynq_video_stream/vitis_prj/vip_system/_ide/scripts/debugger_vip-default.tcl'
13:28:15 INFO  : Disconnected from the channel tcfchan#3.
13:28:16 INFO  : Connected to target on host '127.0.0.1' and port '3121'.
13:28:16 INFO  : Jtag cable 'Digilent JTAG-SMT2 B1774B45ABCD' is selected.
13:28:16 INFO  : 'jtag frequency' command is executed.
13:28:16 INFO  : Context for 'APU' is selected.
13:28:16 INFO  : System reset is completed.
13:28:19 INFO  : 'after 3000' command is executed.
13:28:19 INFO  : 'targets -set -filter {jtag_cable_name =~ "Digilent JTAG-SMT2 B1774B45ABCD" && level==0 && jtag_device_ctx=="jsn-JTAG-SMT2-B1774B45ABCD-23727093-0"}' command is executed.
13:28:21 INFO  : Device configured successfully with "/home/guoxm/isp_fpga/basic_isp/3_yolov3_tiny_acc/zynq_video_stream/vitis_prj/vip/_ide/bitstream/design_1_wrapper.bit"
13:28:21 INFO  : Context for 'APU' is selected.
13:28:21 INFO  : Hardware design and registers information is loaded from '/home/guoxm/isp_fpga/basic_isp/3_yolov3_tiny_acc/zynq_video_stream/vitis_prj/design_1_wrapper/export/design_1_wrapper/hw/design_1_wrapper.xsa'.
13:28:21 INFO  : 'configparams force-mem-access 1' command is executed.
13:28:22 INFO  : Context for 'APU' is selected.
13:28:22 INFO  : Sourcing of '/home/guoxm/isp_fpga/basic_isp/3_yolov3_tiny_acc/zynq_video_stream/vitis_prj/vip/_ide/psinit/ps7_init.tcl' is done.
13:28:22 INFO  : 'ps7_init' command is executed.
13:28:22 INFO  : 'ps7_post_config' command is executed.
13:28:22 INFO  : Context for processor 'ps7_cortexa9_0' is selected.
13:28:22 INFO  : The application '/home/guoxm/isp_fpga/basic_isp/3_yolov3_tiny_acc/zynq_video_stream/vitis_prj/vip/Debug/vip.elf' is downloaded to processor 'ps7_cortexa9_0'.
13:28:22 INFO  : 'configparams force-mem-access 0' command is executed.
13:28:22 INFO  : ----------------XSDB Script----------------
connect -url tcp:127.0.0.1:3121
targets -set -nocase -filter {name =~"APU*"}
rst -system
after 3000
targets -set -filter {jtag_cable_name =~ "Digilent JTAG-SMT2 B1774B45ABCD" && level==0 && jtag_device_ctx=="jsn-JTAG-SMT2-B1774B45ABCD-23727093-0"}
fpga -file /home/guoxm/isp_fpga/basic_isp/3_yolov3_tiny_acc/zynq_video_stream/vitis_prj/vip/_ide/bitstream/design_1_wrapper.bit
targets -set -nocase -filter {name =~"APU*"}
loadhw -hw /home/guoxm/isp_fpga/basic_isp/3_yolov3_tiny_acc/zynq_video_stream/vitis_prj/design_1_wrapper/export/design_1_wrapper/hw/design_1_wrapper.xsa -mem-ranges [list {0x40000000 0xbfffffff}] -regs
configparams force-mem-access 1
targets -set -nocase -filter {name =~"APU*"}
source /home/guoxm/isp_fpga/basic_isp/3_yolov3_tiny_acc/zynq_video_stream/vitis_prj/vip/_ide/psinit/ps7_init.tcl
ps7_init
ps7_post_config
targets -set -nocase -filter {name =~ "*A9*#0"}
dow /home/guoxm/isp_fpga/basic_isp/3_yolov3_tiny_acc/zynq_video_stream/vitis_prj/vip/Debug/vip.elf
configparams force-mem-access 0
----------------End of Script----------------

13:28:22 INFO  : Context for processor 'ps7_cortexa9_0' is selected.
13:28:22 INFO  : 'con' command is executed.
13:28:22 INFO  : ----------------XSDB Script (After Launch)----------------
targets -set -nocase -filter {name =~ "*A9*#0"}
con
----------------End of Script----------------

13:28:22 INFO  : Launch script is exported to file '/home/guoxm/isp_fpga/basic_isp/3_yolov3_tiny_acc/zynq_video_stream/vitis_prj/vip_system/_ide/scripts/debugger_vip-default.tcl'
14:16:17 INFO  : Result from executing command 'removePlatformRepo': 
14:16:28 INFO  : Result from executing command 'getProjects': design_1_wrapper
14:16:28 INFO  : Result from executing command 'getPlatforms': xilinx_zcu102_base_202220_1|/tools/Xilinx/Vitis/2022.2/base_platforms/xilinx_zcu102_base_202220_1/xilinx_zcu102_base_202220_1.xpfm;xilinx_zcu102_base_dfx_202220_1|/tools/Xilinx/Vitis/2022.2/base_platforms/xilinx_zcu102_base_dfx_202220_1/xilinx_zcu102_base_dfx_202220_1.xpfm;xilinx_zcu104_base_202220_1|/tools/Xilinx/Vitis/2022.2/base_platforms/xilinx_zcu104_base_202220_1/xilinx_zcu104_base_202220_1.xpfm
14:16:32 INFO  : Checking for BSP changes to sync application flags for project 'vip'...
14:17:06 INFO  : Disconnected from the channel tcfchan#4.
14:17:07 INFO  : Connected to target on host '127.0.0.1' and port '3121'.
14:17:07 INFO  : Jtag cable 'Digilent JTAG-SMT2 B1774B45ABCD' is selected.
14:17:07 INFO  : 'jtag frequency' command is executed.
14:17:09 INFO  : Context for 'APU' is selected.
14:17:10 INFO  : System reset is completed.
14:17:13 INFO  : 'after 3000' command is executed.
14:17:13 INFO  : 'targets -set -filter {jtag_cable_name =~ "Digilent JTAG-SMT2 B1774B45ABCD" && level==0 && jtag_device_ctx=="jsn-JTAG-SMT2-B1774B45ABCD-23727093-0"}' command is executed.
14:17:15 INFO  : Device configured successfully with "/home/guoxm/isp_fpga/basic_isp/3_yolov3_tiny_acc/zynq_video_stream/vitis_prj/vip/_ide/bitstream/design_1_wrapper.bit"
14:17:15 INFO  : Context for 'APU' is selected.
14:17:15 INFO  : Hardware design and registers information is loaded from '/home/guoxm/isp_fpga/basic_isp/3_yolov3_tiny_acc/zynq_video_stream/vitis_prj/design_1_wrapper/export/design_1_wrapper/hw/design_1_wrapper.xsa'.
14:17:15 INFO  : 'configparams force-mem-access 1' command is executed.
14:17:15 INFO  : Context for 'APU' is selected.
14:17:15 INFO  : Sourcing of '/home/guoxm/isp_fpga/basic_isp/3_yolov3_tiny_acc/zynq_video_stream/vitis_prj/vip/_ide/psinit/ps7_init.tcl' is done.
14:17:15 INFO  : 'ps7_init' command is executed.
14:17:15 INFO  : 'ps7_post_config' command is executed.
14:17:15 INFO  : Context for processor 'ps7_cortexa9_0' is selected.
14:17:15 INFO  : The application '/home/guoxm/isp_fpga/basic_isp/3_yolov3_tiny_acc/zynq_video_stream/vitis_prj/vip/Debug/vip.elf' is downloaded to processor 'ps7_cortexa9_0'.
14:17:15 INFO  : 'configparams force-mem-access 0' command is executed.
14:17:15 INFO  : ----------------XSDB Script----------------
connect -url tcp:127.0.0.1:3121
targets -set -nocase -filter {name =~"APU*"}
rst -system
after 3000
targets -set -filter {jtag_cable_name =~ "Digilent JTAG-SMT2 B1774B45ABCD" && level==0 && jtag_device_ctx=="jsn-JTAG-SMT2-B1774B45ABCD-23727093-0"}
fpga -file /home/guoxm/isp_fpga/basic_isp/3_yolov3_tiny_acc/zynq_video_stream/vitis_prj/vip/_ide/bitstream/design_1_wrapper.bit
targets -set -nocase -filter {name =~"APU*"}
loadhw -hw /home/guoxm/isp_fpga/basic_isp/3_yolov3_tiny_acc/zynq_video_stream/vitis_prj/design_1_wrapper/export/design_1_wrapper/hw/design_1_wrapper.xsa -mem-ranges [list {0x40000000 0xbfffffff}] -regs
configparams force-mem-access 1
targets -set -nocase -filter {name =~"APU*"}
source /home/guoxm/isp_fpga/basic_isp/3_yolov3_tiny_acc/zynq_video_stream/vitis_prj/vip/_ide/psinit/ps7_init.tcl
ps7_init
ps7_post_config
targets -set -nocase -filter {name =~ "*A9*#0"}
dow /home/guoxm/isp_fpga/basic_isp/3_yolov3_tiny_acc/zynq_video_stream/vitis_prj/vip/Debug/vip.elf
configparams force-mem-access 0
----------------End of Script----------------

14:17:15 INFO  : Context for processor 'ps7_cortexa9_0' is selected.
14:17:15 INFO  : 'con' command is executed.
14:17:15 INFO  : ----------------XSDB Script (After Launch)----------------
targets -set -nocase -filter {name =~ "*A9*#0"}
con
----------------End of Script----------------

14:17:15 INFO  : Launch script is exported to file '/home/guoxm/isp_fpga/basic_isp/3_yolov3_tiny_acc/zynq_video_stream/vitis_prj/vip_system/_ide/scripts/debugger_vip-default.tcl'
14:22:55 INFO  : Checking for BSP changes to sync application flags for project 'vip'...
14:23:05 INFO  : Disconnected from the channel tcfchan#7.
14:23:06 INFO  : Connected to target on host '127.0.0.1' and port '3121'.
14:23:06 INFO  : Jtag cable 'Digilent JTAG-SMT2 B1774B45ABCD' is selected.
14:23:06 INFO  : 'jtag frequency' command is executed.
14:23:06 INFO  : Context for 'APU' is selected.
14:23:06 INFO  : System reset is completed.
14:23:09 INFO  : 'after 3000' command is executed.
14:23:09 INFO  : 'targets -set -filter {jtag_cable_name =~ "Digilent JTAG-SMT2 B1774B45ABCD" && level==0 && jtag_device_ctx=="jsn-JTAG-SMT2-B1774B45ABCD-23727093-0"}' command is executed.
14:23:11 INFO  : Device configured successfully with "/home/guoxm/isp_fpga/basic_isp/3_yolov3_tiny_acc/zynq_video_stream/vitis_prj/vip/_ide/bitstream/design_1_wrapper.bit"
14:23:11 INFO  : Context for 'APU' is selected.
14:23:11 INFO  : Hardware design and registers information is loaded from '/home/guoxm/isp_fpga/basic_isp/3_yolov3_tiny_acc/zynq_video_stream/vitis_prj/design_1_wrapper/export/design_1_wrapper/hw/design_1_wrapper.xsa'.
14:23:11 INFO  : 'configparams force-mem-access 1' command is executed.
14:23:11 INFO  : Context for 'APU' is selected.
14:23:11 INFO  : Sourcing of '/home/guoxm/isp_fpga/basic_isp/3_yolov3_tiny_acc/zynq_video_stream/vitis_prj/vip/_ide/psinit/ps7_init.tcl' is done.
14:23:11 INFO  : 'ps7_init' command is executed.
14:23:11 INFO  : 'ps7_post_config' command is executed.
14:23:11 INFO  : Context for processor 'ps7_cortexa9_0' is selected.
14:23:12 INFO  : The application '/home/guoxm/isp_fpga/basic_isp/3_yolov3_tiny_acc/zynq_video_stream/vitis_prj/vip/Debug/vip.elf' is downloaded to processor 'ps7_cortexa9_0'.
14:23:12 INFO  : 'configparams force-mem-access 0' command is executed.
14:23:12 INFO  : ----------------XSDB Script----------------
connect -url tcp:127.0.0.1:3121
targets -set -nocase -filter {name =~"APU*"}
rst -system
after 3000
targets -set -filter {jtag_cable_name =~ "Digilent JTAG-SMT2 B1774B45ABCD" && level==0 && jtag_device_ctx=="jsn-JTAG-SMT2-B1774B45ABCD-23727093-0"}
fpga -file /home/guoxm/isp_fpga/basic_isp/3_yolov3_tiny_acc/zynq_video_stream/vitis_prj/vip/_ide/bitstream/design_1_wrapper.bit
targets -set -nocase -filter {name =~"APU*"}
loadhw -hw /home/guoxm/isp_fpga/basic_isp/3_yolov3_tiny_acc/zynq_video_stream/vitis_prj/design_1_wrapper/export/design_1_wrapper/hw/design_1_wrapper.xsa -mem-ranges [list {0x40000000 0xbfffffff}] -regs
configparams force-mem-access 1
targets -set -nocase -filter {name =~"APU*"}
source /home/guoxm/isp_fpga/basic_isp/3_yolov3_tiny_acc/zynq_video_stream/vitis_prj/vip/_ide/psinit/ps7_init.tcl
ps7_init
ps7_post_config
targets -set -nocase -filter {name =~ "*A9*#0"}
dow /home/guoxm/isp_fpga/basic_isp/3_yolov3_tiny_acc/zynq_video_stream/vitis_prj/vip/Debug/vip.elf
configparams force-mem-access 0
----------------End of Script----------------

14:23:12 INFO  : Context for processor 'ps7_cortexa9_0' is selected.
14:23:12 INFO  : 'con' command is executed.
14:23:12 INFO  : ----------------XSDB Script (After Launch)----------------
targets -set -nocase -filter {name =~ "*A9*#0"}
con
----------------End of Script----------------

14:23:12 INFO  : Launch script is exported to file '/home/guoxm/isp_fpga/basic_isp/3_yolov3_tiny_acc/zynq_video_stream/vitis_prj/vip_system/_ide/scripts/debugger_vip-default.tcl'
