
*** Running vivado
    with args -log design_1_dvi_transmitter_0_0.vds -m64 -product Vivado -mode batch -messageDb vivado.pb -notrace -source design_1_dvi_transmitter_0_0.tcl


****** Vivado v2022.2 (64-bit)
  **** SW Build 3671981 on Fri Oct 14 04:59:54 MDT 2022
  **** IP Build 3669848 on Fri Oct 14 08:30:02 MDT 2022
    ** Copyright 1986-2022 Xilinx, Inc. All Rights Reserved.

source design_1_dvi_transmitter_0_0.tcl -notrace
INFO: [IP_Flow 19-234] Refreshing IP repositories
INFO: [IP_Flow 19-1700] Loaded user IP repository '/home/guoxm/isp_fpga/basic_isp/3_yolov3_tiny_acc/zynq_video_stream/ip_repo'.
INFO: [IP_Flow 19-2313] Loaded Vivado IP repository '/tools/Xilinx/Vivado/2022.2/data/ip'.
INFO: [IP_Flow 19-6924] IPCACHE: Running cache check for IP inst: design_1_dvi_transmitter_0_0
Command: synth_design -top design_1_dvi_transmitter_0_0 -part xc7z020clg484-2 -incremental_mode off -mode out_of_context
Starting synth_design
Attempting to get a license for feature 'Synthesis' and/or device 'xc7z020'
INFO: [Common 17-349] Got license for feature 'Synthesis' and/or device 'xc7z020'
INFO: [Device 21-403] Loading part xc7z020clg484-2
INFO: [Synth 8-7079] Multithreading enabled for synth_design using a maximum of 4 processes.
INFO: [Synth 8-7078] Launching helper process for spawning children vivado processes
INFO: [Synth 8-7075] Helper process launched with PID 49759
INFO: [Synth 8-11241] undeclared symbol 'REGCCE', assumed default net type 'wire' [/tools/Xilinx/Vivado/2022.2/data/verilog/src/unimacro/BRAM_SINGLE_MACRO.v:2170]
---------------------------------------------------------------------------------
Starting RTL Elaboration : Time (s): cpu = 00:00:02 ; elapsed = 00:00:02 . Memory (MB): peak = 2078.832 ; gain = 375.738 ; free physical = 906 ; free virtual = 3463
Synthesis current peak Physical Memory [PSS] (MB): peak = 1358.335; parent = 1211.469; children = 146.866
Synthesis current peak Virtual Memory [VSS] (MB): peak = 3071.527; parent = 2084.773; children = 986.754
---------------------------------------------------------------------------------
INFO: [Synth 8-6157] synthesizing module 'design_1_dvi_transmitter_0_0' [/home/guoxm/isp_fpga/basic_isp/3_yolov3_tiny_acc/zynq_video_stream/vivado_prj/zynq_video.gen/sources_1/bd/design_1/ip/design_1_dvi_transmitter_0_0/synth/design_1_dvi_transmitter_0_0.v:53]
INFO: [Synth 8-6157] synthesizing module 'dvi_transmitter_top' [/home/guoxm/isp_fpga/basic_isp/3_yolov3_tiny_acc/zynq_video_stream/vivado_prj/zynq_video.gen/sources_1/bd/design_1/ipshared/a900/dvi_transmitter_top.v:2]
INFO: [Synth 8-6157] synthesizing module 'asyn_rst_syn' [/home/guoxm/isp_fpga/basic_isp/3_yolov3_tiny_acc/zynq_video_stream/vivado_prj/zynq_video.gen/sources_1/bd/design_1/ipshared/a900/asyn_rst_syn.v:2]
INFO: [Synth 8-6155] done synthesizing module 'asyn_rst_syn' (0#1) [/home/guoxm/isp_fpga/basic_isp/3_yolov3_tiny_acc/zynq_video_stream/vivado_prj/zynq_video.gen/sources_1/bd/design_1/ipshared/a900/asyn_rst_syn.v:2]
INFO: [Synth 8-6157] synthesizing module 'dvi_encoder' [/home/guoxm/isp_fpga/basic_isp/3_yolov3_tiny_acc/zynq_video_stream/vivado_prj/zynq_video.gen/sources_1/bd/design_1/ipshared/a900/dvi_encoder.v:1]
INFO: [Synth 8-6155] done synthesizing module 'dvi_encoder' (0#1) [/home/guoxm/isp_fpga/basic_isp/3_yolov3_tiny_acc/zynq_video_stream/vivado_prj/zynq_video.gen/sources_1/bd/design_1/ipshared/a900/dvi_encoder.v:1]
INFO: [Synth 8-6157] synthesizing module 'serializer_10_to_1' [/home/guoxm/isp_fpga/basic_isp/3_yolov3_tiny_acc/zynq_video_stream/vivado_prj/zynq_video.gen/sources_1/bd/design_1/ipshared/a900/serializer_10_to_1.v:2]
INFO: [Synth 8-6157] synthesizing module 'OSERDESE2' [/tools/Xilinx/Vivado/2022.2/scripts/rt/data/unisim_comp.v:94875]
INFO: [Synth 8-6155] done synthesizing module 'OSERDESE2' (0#1) [/tools/Xilinx/Vivado/2022.2/scripts/rt/data/unisim_comp.v:94875]
INFO: [Synth 8-6157] synthesizing module 'OSERDESE2__parameterized0' [/tools/Xilinx/Vivado/2022.2/scripts/rt/data/unisim_comp.v:94875]
INFO: [Synth 8-6155] done synthesizing module 'OSERDESE2__parameterized0' (0#1) [/tools/Xilinx/Vivado/2022.2/scripts/rt/data/unisim_comp.v:94875]
INFO: [Synth 8-6155] done synthesizing module 'serializer_10_to_1' (0#1) [/home/guoxm/isp_fpga/basic_isp/3_yolov3_tiny_acc/zynq_video_stream/vivado_prj/zynq_video.gen/sources_1/bd/design_1/ipshared/a900/serializer_10_to_1.v:2]
INFO: [Synth 8-6157] synthesizing module 'OBUFDS' [/tools/Xilinx/Vivado/2022.2/scripts/rt/data/unisim_comp.v:90676]
INFO: [Synth 8-6155] done synthesizing module 'OBUFDS' (0#1) [/tools/Xilinx/Vivado/2022.2/scripts/rt/data/unisim_comp.v:90676]
INFO: [Synth 8-6155] done synthesizing module 'dvi_transmitter_top' (0#1) [/home/guoxm/isp_fpga/basic_isp/3_yolov3_tiny_acc/zynq_video_stream/vivado_prj/zynq_video.gen/sources_1/bd/design_1/ipshared/a900/dvi_transmitter_top.v:2]
INFO: [Synth 8-6155] done synthesizing module 'design_1_dvi_transmitter_0_0' (0#1) [/home/guoxm/isp_fpga/basic_isp/3_yolov3_tiny_acc/zynq_video_stream/vivado_prj/zynq_video.gen/sources_1/bd/design_1/ip/design_1_dvi_transmitter_0_0/synth/design_1_dvi_transmitter_0_0.v:53]
---------------------------------------------------------------------------------
Finished RTL Elaboration : Time (s): cpu = 00:00:03 ; elapsed = 00:00:03 . Memory (MB): peak = 2150.738 ; gain = 447.645 ; free physical = 954 ; free virtual = 3512
Synthesis current peak Physical Memory [PSS] (MB): peak = 1358.335; parent = 1211.469; children = 146.866
Synthesis current peak Virtual Memory [VSS] (MB): peak = 3137.496; parent = 2150.742; children = 986.754
---------------------------------------------------------------------------------
---------------------------------------------------------------------------------
Start Handling Custom Attributes
---------------------------------------------------------------------------------
---------------------------------------------------------------------------------
Finished Handling Custom Attributes : Time (s): cpu = 00:00:03 ; elapsed = 00:00:03 . Memory (MB): peak = 2165.582 ; gain = 462.488 ; free physical = 954 ; free virtual = 3512
Synthesis current peak Physical Memory [PSS] (MB): peak = 1358.335; parent = 1211.469; children = 146.866
Synthesis current peak Virtual Memory [VSS] (MB): peak = 3152.340; parent = 2165.586; children = 986.754
---------------------------------------------------------------------------------
---------------------------------------------------------------------------------
Finished RTL Optimization Phase 1 : Time (s): cpu = 00:00:03 ; elapsed = 00:00:03 . Memory (MB): peak = 2165.582 ; gain = 462.488 ; free physical = 950 ; free virtual = 3508
Synthesis current peak Physical Memory [PSS] (MB): peak = 1358.335; parent = 1211.469; children = 146.866
Synthesis current peak Virtual Memory [VSS] (MB): peak = 3152.340; parent = 2165.586; children = 986.754
---------------------------------------------------------------------------------
Netlist sorting complete. Time (s): cpu = 00:00:00 ; elapsed = 00:00:00.01 . Memory (MB): peak = 2171.520 ; gain = 0.000 ; free physical = 937 ; free virtual = 3495
INFO: [Netlist 29-17] Analyzing 4 Unisim elements for replacement
INFO: [Netlist 29-28] Unisim Transformation completed in 0 CPU seconds
INFO: [Project 1-570] Preparing netlist for logic optimization

Processing XDC Constraints
Initializing timing engine
Completed Processing XDC Constraints

Netlist sorting complete. Time (s): cpu = 00:00:00 ; elapsed = 00:00:00 . Memory (MB): peak = 2328.332 ; gain = 0.000 ; free physical = 881 ; free virtual = 3454
INFO: [Project 1-111] Unisim Transformation Summary:
No Unisim elements were transformed.

Constraint Validation Runtime : Time (s): cpu = 00:00:00 ; elapsed = 00:00:00 . Memory (MB): peak = 2328.332 ; gain = 0.000 ; free physical = 879 ; free virtual = 3453
INFO: [Designutils 20-5008] Incremental synthesis strategy off
INFO: [Synth 8-11241] undeclared symbol 'REGCCE', assumed default net type 'wire' [/tools/Xilinx/Vivado/2022.2/data/verilog/src/unimacro/BRAM_SINGLE_MACRO.v:2170]
---------------------------------------------------------------------------------
Finished Constraint Validation : Time (s): cpu = 00:00:06 ; elapsed = 00:00:06 . Memory (MB): peak = 2328.332 ; gain = 625.238 ; free physical = 1114 ; free virtual = 3709
Synthesis current peak Physical Memory [PSS] (MB): peak = 1358.335; parent = 1211.469; children = 150.009
Synthesis current peak Virtual Memory [VSS] (MB): peak = 3283.074; parent = 2296.320; children = 986.754
---------------------------------------------------------------------------------
---------------------------------------------------------------------------------
Start Loading Part and Timing Information
---------------------------------------------------------------------------------
Loading part: xc7z020clg484-2
---------------------------------------------------------------------------------
Finished Loading Part and Timing Information : Time (s): cpu = 00:00:06 ; elapsed = 00:00:06 . Memory (MB): peak = 2328.332 ; gain = 625.238 ; free physical = 1114 ; free virtual = 3709
Synthesis current peak Physical Memory [PSS] (MB): peak = 1358.335; parent = 1211.469; children = 150.009
Synthesis current peak Virtual Memory [VSS] (MB): peak = 3283.074; parent = 2296.320; children = 986.754
---------------------------------------------------------------------------------
---------------------------------------------------------------------------------
Start Applying 'set_property' XDC Constraints
---------------------------------------------------------------------------------
---------------------------------------------------------------------------------
Finished applying 'set_property' XDC Constraints : Time (s): cpu = 00:00:06 ; elapsed = 00:00:06 . Memory (MB): peak = 2328.332 ; gain = 625.238 ; free physical = 1114 ; free virtual = 3710
Synthesis current peak Physical Memory [PSS] (MB): peak = 1358.335; parent = 1211.469; children = 150.009
Synthesis current peak Virtual Memory [VSS] (MB): peak = 3283.074; parent = 2296.320; children = 986.754
---------------------------------------------------------------------------------
---------------------------------------------------------------------------------
Finished RTL Optimization Phase 2 : Time (s): cpu = 00:00:06 ; elapsed = 00:00:06 . Memory (MB): peak = 2328.332 ; gain = 625.238 ; free physical = 1112 ; free virtual = 3712
Synthesis current peak Physical Memory [PSS] (MB): peak = 1358.335; parent = 1211.469; children = 150.009
Synthesis current peak Virtual Memory [VSS] (MB): peak = 3283.074; parent = 2296.320; children = 986.754
---------------------------------------------------------------------------------
---------------------------------------------------------------------------------
Start RTL Component Statistics 
---------------------------------------------------------------------------------
Detailed RTL Component Info : 
+---Adders : 
	   5 Input    5 Bit       Adders := 6     
	   4 Input    5 Bit       Adders := 3     
	   8 Input    4 Bit       Adders := 6     
	   2 Input    4 Bit       Adders := 3     
+---XORs : 
	   2 Input      1 Bit         XORs := 42    
+---Registers : 
	               10 Bit    Registers := 3     
	                9 Bit    Registers := 3     
	                8 Bit    Registers := 3     
	                5 Bit    Registers := 3     
	                4 Bit    Registers := 9     
	                1 Bit    Registers := 20    
+---Muxes : 
	   5 Input   10 Bit        Muxes := 3     
	   2 Input   10 Bit        Muxes := 6     
	   2 Input    8 Bit        Muxes := 3     
	   2 Input    5 Bit        Muxes := 12    
	   2 Input    4 Bit        Muxes := 3     
	   2 Input    1 Bit        Muxes := 21    
---------------------------------------------------------------------------------
Finished RTL Component Statistics 
---------------------------------------------------------------------------------
---------------------------------------------------------------------------------
Start Part Resource Summary
---------------------------------------------------------------------------------
Part Resources:
DSPs: 220 (col length:60)
BRAMs: 280 (col length: RAMB18 60 RAMB36 30)
---------------------------------------------------------------------------------
Finished Part Resource Summary
---------------------------------------------------------------------------------
---------------------------------------------------------------------------------
Start Cross Boundary and Area Optimization
---------------------------------------------------------------------------------
WARNING: [Synth 8-7080] Parallel synthesis criteria is not met
INFO: [Synth 8-3917] design design_1_dvi_transmitter_0_0 has port tmds_oen driven by constant 1
---------------------------------------------------------------------------------
Finished Cross Boundary and Area Optimization : Time (s): cpu = 00:00:07 ; elapsed = 00:00:08 . Memory (MB): peak = 2328.332 ; gain = 625.238 ; free physical = 986 ; free virtual = 3582
Synthesis current peak Physical Memory [PSS] (MB): peak = 1358.335; parent = 1211.469; children = 150.009
Synthesis current peak Virtual Memory [VSS] (MB): peak = 3283.074; parent = 2296.320; children = 986.754
---------------------------------------------------------------------------------
---------------------------------------------------------------------------------
Start Applying XDC Timing Constraints
---------------------------------------------------------------------------------
---------------------------------------------------------------------------------
Finished Applying XDC Timing Constraints : Time (s): cpu = 00:00:09 ; elapsed = 00:00:10 . Memory (MB): peak = 2328.332 ; gain = 625.238 ; free physical = 1431 ; free virtual = 4024
Synthesis current peak Physical Memory [PSS] (MB): peak = 1466.115; parent = 1302.317; children = 163.798
Synthesis current peak Virtual Memory [VSS] (MB): peak = 3283.074; parent = 2296.320; children = 986.754
---------------------------------------------------------------------------------
---------------------------------------------------------------------------------
Start Timing Optimization
---------------------------------------------------------------------------------
---------------------------------------------------------------------------------
Finished Timing Optimization : Time (s): cpu = 00:00:09 ; elapsed = 00:00:10 . Memory (MB): peak = 2328.332 ; gain = 625.238 ; free physical = 1429 ; free virtual = 4021
Synthesis current peak Physical Memory [PSS] (MB): peak = 1466.172; parent = 1302.374; children = 163.798
Synthesis current peak Virtual Memory [VSS] (MB): peak = 3283.074; parent = 2296.320; children = 986.754
---------------------------------------------------------------------------------
---------------------------------------------------------------------------------
Start Technology Mapping
---------------------------------------------------------------------------------
---------------------------------------------------------------------------------
Finished Technology Mapping : Time (s): cpu = 00:00:09 ; elapsed = 00:00:10 . Memory (MB): peak = 2328.332 ; gain = 625.238 ; free physical = 1401 ; free virtual = 3994
Synthesis current peak Physical Memory [PSS] (MB): peak = 1468.881; parent = 1305.083; children = 163.798
Synthesis current peak Virtual Memory [VSS] (MB): peak = 3283.074; parent = 2296.320; children = 986.754
---------------------------------------------------------------------------------
---------------------------------------------------------------------------------
Start IO Insertion
---------------------------------------------------------------------------------
---------------------------------------------------------------------------------
Start Flattening Before IO Insertion
---------------------------------------------------------------------------------
---------------------------------------------------------------------------------
Finished Flattening Before IO Insertion
---------------------------------------------------------------------------------
---------------------------------------------------------------------------------
Start Final Netlist Cleanup
---------------------------------------------------------------------------------
---------------------------------------------------------------------------------
Finished Final Netlist Cleanup
---------------------------------------------------------------------------------
---------------------------------------------------------------------------------
Finished IO Insertion : Time (s): cpu = 00:00:11 ; elapsed = 00:00:12 . Memory (MB): peak = 2328.332 ; gain = 625.238 ; free physical = 3491 ; free virtual = 6082
Synthesis current peak Physical Memory [PSS] (MB): peak = 1518.467; parent = 1343.105; children = 175.361
Synthesis current peak Virtual Memory [VSS] (MB): peak = 3283.074; parent = 2296.320; children = 986.754
---------------------------------------------------------------------------------
---------------------------------------------------------------------------------
Start Renaming Generated Instances
---------------------------------------------------------------------------------
---------------------------------------------------------------------------------
Finished Renaming Generated Instances : Time (s): cpu = 00:00:11 ; elapsed = 00:00:12 . Memory (MB): peak = 2328.332 ; gain = 625.238 ; free physical = 3490 ; free virtual = 6082
Synthesis current peak Physical Memory [PSS] (MB): peak = 1518.467; parent = 1343.105; children = 175.361
Synthesis current peak Virtual Memory [VSS] (MB): peak = 3283.074; parent = 2296.320; children = 986.754
---------------------------------------------------------------------------------
---------------------------------------------------------------------------------
Start Rebuilding User Hierarchy
---------------------------------------------------------------------------------
---------------------------------------------------------------------------------
Finished Rebuilding User Hierarchy : Time (s): cpu = 00:00:11 ; elapsed = 00:00:12 . Memory (MB): peak = 2328.332 ; gain = 625.238 ; free physical = 3490 ; free virtual = 6082
Synthesis current peak Physical Memory [PSS] (MB): peak = 1518.467; parent = 1343.105; children = 175.361
Synthesis current peak Virtual Memory [VSS] (MB): peak = 3283.074; parent = 2296.320; children = 986.754
---------------------------------------------------------------------------------
---------------------------------------------------------------------------------
Start Renaming Generated Ports
---------------------------------------------------------------------------------
---------------------------------------------------------------------------------
Finished Renaming Generated Ports : Time (s): cpu = 00:00:11 ; elapsed = 00:00:12 . Memory (MB): peak = 2328.332 ; gain = 625.238 ; free physical = 3490 ; free virtual = 6082
Synthesis current peak Physical Memory [PSS] (MB): peak = 1518.467; parent = 1343.105; children = 175.361
Synthesis current peak Virtual Memory [VSS] (MB): peak = 3283.074; parent = 2296.320; children = 986.754
---------------------------------------------------------------------------------
---------------------------------------------------------------------------------
Start Handling Custom Attributes
---------------------------------------------------------------------------------
---------------------------------------------------------------------------------
Finished Handling Custom Attributes : Time (s): cpu = 00:00:11 ; elapsed = 00:00:12 . Memory (MB): peak = 2328.332 ; gain = 625.238 ; free physical = 3490 ; free virtual = 6082
Synthesis current peak Physical Memory [PSS] (MB): peak = 1518.467; parent = 1343.105; children = 175.361
Synthesis current peak Virtual Memory [VSS] (MB): peak = 3283.074; parent = 2296.320; children = 986.754
---------------------------------------------------------------------------------
---------------------------------------------------------------------------------
Start Renaming Generated Nets
---------------------------------------------------------------------------------
---------------------------------------------------------------------------------
Finished Renaming Generated Nets : Time (s): cpu = 00:00:11 ; elapsed = 00:00:12 . Memory (MB): peak = 2328.332 ; gain = 625.238 ; free physical = 3490 ; free virtual = 6082
Synthesis current peak Physical Memory [PSS] (MB): peak = 1518.467; parent = 1343.105; children = 175.361
Synthesis current peak Virtual Memory [VSS] (MB): peak = 3283.074; parent = 2296.320; children = 986.754
---------------------------------------------------------------------------------
---------------------------------------------------------------------------------
Start Writing Synthesis Report
---------------------------------------------------------------------------------

Report BlackBoxes: 
+-+--------------+----------+
| |BlackBox name |Instances |
+-+--------------+----------+
+-+--------------+----------+

Report Cell Usage: 
+------+----------+------+
|      |Cell      |Count |
+------+----------+------+
|1     |LUT1      |     1|
|2     |LUT2      |     8|
|3     |LUT3      |    37|
|4     |LUT4      |    23|
|5     |LUT5      |    76|
|6     |LUT6      |    99|
|7     |OSERDESE2 |     8|
|9     |FDCE      |    42|
|10    |FDPE      |     2|
|11    |FDRE      |    87|
|12    |OBUFDS    |     4|
+------+----------+------+
---------------------------------------------------------------------------------
Finished Writing Synthesis Report : Time (s): cpu = 00:00:11 ; elapsed = 00:00:12 . Memory (MB): peak = 2328.332 ; gain = 625.238 ; free physical = 3490 ; free virtual = 6082
Synthesis current peak Physical Memory [PSS] (MB): peak = 1518.467; parent = 1343.105; children = 175.361
Synthesis current peak Virtual Memory [VSS] (MB): peak = 3283.074; parent = 2296.320; children = 986.754
---------------------------------------------------------------------------------
Synthesis finished with 0 errors, 0 critical warnings and 1 warnings.
Synthesis Optimization Runtime : Time (s): cpu = 00:00:10 ; elapsed = 00:00:11 . Memory (MB): peak = 2328.332 ; gain = 462.488 ; free physical = 3552 ; free virtual = 6144
Synthesis Optimization Complete : Time (s): cpu = 00:00:11 ; elapsed = 00:00:12 . Memory (MB): peak = 2328.332 ; gain = 625.238 ; free physical = 3552 ; free virtual = 6144
INFO: [Project 1-571] Translating synthesized netlist
Netlist sorting complete. Time (s): cpu = 00:00:00 ; elapsed = 00:00:00 . Memory (MB): peak = 2328.332 ; gain = 0.000 ; free physical = 3552 ; free virtual = 6144
INFO: [Netlist 29-17] Analyzing 4 Unisim elements for replacement
INFO: [Netlist 29-28] Unisim Transformation completed in 0 CPU seconds
INFO: [Project 1-570] Preparing netlist for logic optimization
INFO: [Opt 31-138] Pushed 0 inverter(s) to 0 load pin(s).
Netlist sorting complete. Time (s): cpu = 00:00:00 ; elapsed = 00:00:00 . Memory (MB): peak = 2328.332 ; gain = 0.000 ; free physical = 3611 ; free virtual = 6203
INFO: [Project 1-111] Unisim Transformation Summary:
No Unisim elements were transformed.

Synth Design complete, checksum: b3d18f0e
INFO: [Common 17-83] Releasing license: Synthesis
40 Infos, 1 Warnings, 0 Critical Warnings and 0 Errors encountered.
synth_design completed successfully
synth_design: Time (s): cpu = 00:00:16 ; elapsed = 00:00:15 . Memory (MB): peak = 2328.332 ; gain = 960.770 ; free physical = 3745 ; free virtual = 6336
INFO: [Common 17-1381] The checkpoint '/home/guoxm/isp_fpga/basic_isp/3_yolov3_tiny_acc/zynq_video_stream/vivado_prj/zynq_video.runs/design_1_dvi_transmitter_0_0_synth_1/design_1_dvi_transmitter_0_0.dcp' has been generated.
INFO: [Coretcl 2-1648] Added synthesis output to IP cache for IP design_1_dvi_transmitter_0_0, cache-ID = a0d2bd6b6f1d2eb4
INFO: [Coretcl 2-1174] Renamed 9 cell refs.
INFO: [Common 17-1381] The checkpoint '/home/guoxm/isp_fpga/basic_isp/3_yolov3_tiny_acc/zynq_video_stream/vivado_prj/zynq_video.runs/design_1_dvi_transmitter_0_0_synth_1/design_1_dvi_transmitter_0_0.dcp' has been generated.
INFO: [runtcl-4] Executing : report_utilization -file design_1_dvi_transmitter_0_0_utilization_synth.rpt -pb design_1_dvi_transmitter_0_0_utilization_synth.pb
INFO: [Common 17-206] Exiting Vivado at Mon Apr  6 20:33:00 2026...
