#-----------------------------------------------------------
# Vivado v2022.2 (64-bit)
# SW Build 3671981 on Fri Oct 14 04:59:54 MDT 2022
# IP Build 3669848 on Fri Oct 14 08:30:02 MDT 2022
# Start of session at: Mon Apr  6 16:59:50 2026
# Process ID: 6370
# Current directory: /home/guoxm/isp_fpga/basic_isp/3_yolov3_tiny_acc/zynq_video_stream/vivado_prj
# Command line: vivado zynq_video.xpr
# Log file: /home/guoxm/isp_fpga/basic_isp/3_yolov3_tiny_acc/zynq_video_stream/vivado_prj/vivado.log
# Journal file: /home/guoxm/isp_fpga/basic_isp/3_yolov3_tiny_acc/zynq_video_stream/vivado_prj/vivado.jou
# Running On: guoxm, OS: Linux, CPU Frequency: 814.420 MHz, CPU Physical cores: 14, Host memory: 16475 MB
#-----------------------------------------------------------
start_gui
open_project zynq_video.xpr
WARNING: [Board 49-26] cannot add Board Part xilinx.com:kc705:part0:1.6 available at /tools/Xilinx/Vivado/2022.2/data/xhub/boards/XilinxBoardStore/boards/Xilinx/kc705/1.6/board.xml as part xc7k325tffg900-2 specified in board_part file is either invalid or not available
WARNING: [Board 49-26] cannot add Board Part xilinx.com:kcu105:part0:1.6 available at /tools/Xilinx/Vivado/2022.2/data/xhub/boards/XilinxBoardStore/boards/Xilinx/kcu105/1.6/board.xml as part xcku040-ffva1156-2-e specified in board_part file is either invalid or not available
WARNING: [Board 49-26] cannot add Board Part xilinx.com:kcu105:part0:1.7 available at /tools/Xilinx/Vivado/2022.2/data/xhub/boards/XilinxBoardStore/boards/Xilinx/kcu105/1.7/board.xml as part xcku040-ffva1156-2-e specified in board_part file is either invalid or not available
WARNING: [Board 49-26] cannot add Board Part xilinx.com:kcu116:part0:1.4 available at /tools/Xilinx/Vivado/2022.2/data/xhub/boards/XilinxBoardStore/boards/Xilinx/kcu116/1.4/board.xml as part xcku5p-ffvb676-2-e specified in board_part file is either invalid or not available
WARNING: [Board 49-26] cannot add Board Part xilinx.com:kcu116:part0:1.5 available at /tools/Xilinx/Vivado/2022.2/data/xhub/boards/XilinxBoardStore/boards/Xilinx/kcu116/1.5/board.xml as part xcku5p-ffvb676-2-e specified in board_part file is either invalid or not available
WARNING: [Board 49-26] cannot add Board Part xilinx.com:sp701:part0:1.0 available at /tools/Xilinx/Vivado/2022.2/data/xhub/boards/XilinxBoardStore/boards/Xilinx/sp701/1.0/board.xml as part xc7s100fgga676-2 specified in board_part file is either invalid or not available
WARNING: [Board 49-26] cannot add Board Part xilinx.com:sp701:part0:1.1 available at /tools/Xilinx/Vivado/2022.2/data/xhub/boards/XilinxBoardStore/boards/Xilinx/sp701/1.1/board.xml as part xc7s100fgga676-2 specified in board_part file is either invalid or not available
WARNING: [Board 49-26] cannot add Board Part xilinx.com:vc707:part0:1.4 available at /tools/Xilinx/Vivado/2022.2/data/xhub/boards/XilinxBoardStore/boards/Xilinx/vc707/1.4/board.xml as part xc7vx485tffg1761-2 specified in board_part file is either invalid or not available
WARNING: [Board 49-26] cannot add Board Part xilinx.com:vc709:part0:1.8 available at /tools/Xilinx/Vivado/2022.2/data/xhub/boards/XilinxBoardStore/boards/Xilinx/vc709/1.8/board.xml as part xc7vx690tffg1761-2 specified in board_part file is either invalid or not available
WARNING: [Board 49-26] cannot add Board Part xilinx.com:vcu108:part0:1.6 available at /tools/Xilinx/Vivado/2022.2/data/xhub/boards/XilinxBoardStore/boards/Xilinx/vcu108/1.6/board.xml as part xcvu095-ffva2104-2-e specified in board_part file is either invalid or not available
WARNING: [Board 49-26] cannot add Board Part xilinx.com:vcu108:part0:1.7 available at /tools/Xilinx/Vivado/2022.2/data/xhub/boards/XilinxBoardStore/boards/Xilinx/vcu108/1.7/board.xml as part xcvu095-ffva2104-2-e specified in board_part file is either invalid or not available
WARNING: [Board 49-26] cannot add Board Part xilinx.com:vcu110:part0:1.4 available at /tools/Xilinx/Vivado/2022.2/data/xhub/boards/XilinxBoardStore/boards/Xilinx/vcu110/1.4/board.xml as part xcvu190-flgc2104-2-e specified in board_part file is either invalid or not available
WARNING: [Board 49-26] cannot add Board Part xilinx.com:vek280_es:part0:1.0 available at /tools/Xilinx/Vivado/2022.2/data/xhub/boards/XilinxBoardStore/boards/Xilinx/vek280/es/1.0/board.xml as part xcve2802-vsvh1760-2lp-e-s-es1 specified in board_part file is either invalid or not available
WARNING: [Board 49-26] cannot add Board Part xilinx.com:vermeo_t1_rfsoc:part0:1.0 available at /tools/Xilinx/Vivado/2022.2/data/xhub/boards/XilinxBoardStore/boards/Xilinx/vermeo_t1_rfsoc/1.0/board.xml as part xczu21dr-ffvd1156-2l-e specified in board_part file is either invalid or not available
WARNING: [Board 49-26] cannot add Board Part xilinx.com:vhk158_es:part0:1.0 available at /tools/Xilinx/Vivado/2022.2/data/xhub/boards/XilinxBoardStore/boards/Xilinx/vhk158/es/1.0/board.xml as part xcvh1582-vsva3697-2mp-e-s-es1 specified in board_part file is either invalid or not available
WARNING: [Board 49-26] cannot add Board Part xilinx.com:vmk180:part0:2.2 available at /tools/Xilinx/Vivado/2022.2/data/xhub/boards/XilinxBoardStore/boards/Xilinx/vmk180/production/2.2/board.xml as part xcvm1802-vsva2197-2mp-e-s specified in board_part file is either invalid or not available
WARNING: [Board 49-26] cannot add Board Part xilinx.com:vmk180:part0:3.0 available at /tools/Xilinx/Vivado/2022.2/data/xhub/boards/XilinxBoardStore/boards/Xilinx/vmk180/production/3.0/board.xml as part xcvm1802-vsva2197-2mp-e-s specified in board_part file is either invalid or not available
WARNING: [Board 49-26] cannot add Board Part xilinx.com:vmk180:part0:3.1 available at /tools/Xilinx/Vivado/2022.2/data/xhub/boards/XilinxBoardStore/boards/Xilinx/vmk180/production/3.1/board.xml as part xcvm1802-vsva2197-2mp-e-s specified in board_part file is either invalid or not available
WARNING: [Board 49-26] cannot add Board Part xilinx.com:vmk180_newl:part0:1.0 available at /tools/Xilinx/Vivado/2022.2/data/xhub/boards/XilinxBoardStore/boards/Xilinx/vmk180_newl/production/1.0/board.xml as part xcvm1802-vsva2197-2mp-e-s specified in board_part file is either invalid or not available
WARNING: [Board 49-26] cannot add Board Part xilinx.com:vpk120:part0:1.0 available at /tools/Xilinx/Vivado/2022.2/data/xhub/boards/XilinxBoardStore/boards/Xilinx/vpk120/production/1.0/board.xml as part xcvp1202-vsva2785-2mp-e-s specified in board_part file is either invalid or not available
WARNING: [Board 49-26] cannot add Board Part xilinx.com:vpk120_es:part0:1.2 available at /tools/Xilinx/Vivado/2022.2/data/xhub/boards/XilinxBoardStore/boards/Xilinx/vpk120/es/1.2/board.xml as part xcvp1202-vsva2785-2mp-e-s-es1 specified in board_part file is either invalid or not available
WARNING: [Board 49-26] cannot add Board Part xilinx.com:vpk120_es_revb:part0:1.0 available at /tools/Xilinx/Vivado/2022.2/data/xhub/boards/XilinxBoardStore/boards/Xilinx/vpk120_revb/es/1.0/board.xml as part xcvp1202-vsva2785-2mp-e-s-es1 specified in board_part file is either invalid or not available
WARNING: [Board 49-26] cannot add Board Part xilinx.com:vpk180_es:part0:1.0 available at /tools/Xilinx/Vivado/2022.2/data/xhub/boards/XilinxBoardStore/boards/Xilinx/vpk180/es/1.0/board.xml as part xcvp1802-lsvc4072-2mp-e-s-es1 specified in board_part file is either invalid or not available
WARNING: [Board 49-26] cannot add Board Part xilinx.com:zcu111:part0:1.2 available at /tools/Xilinx/Vivado/2022.2/data/xhub/boards/XilinxBoardStore/boards/Xilinx/zcu111/1.2/board.xml as part xczu28dr-ffvg1517-2-e specified in board_part file is either invalid or not available
WARNING: [Board 49-26] cannot add Board Part xilinx.com:zcu111:part0:1.3 available at /tools/Xilinx/Vivado/2022.2/data/xhub/boards/XilinxBoardStore/boards/Xilinx/zcu111/1.3/board.xml as part xczu28dr-ffvg1517-2-e specified in board_part file is either invalid or not available
WARNING: [Board 49-26] cannot add Board Part xilinx.com:zcu111:part0:1.4 available at /tools/Xilinx/Vivado/2022.2/data/xhub/boards/XilinxBoardStore/boards/Xilinx/zcu111/1.4/board.xml as part xczu28dr-ffvg1517-2-e specified in board_part file is either invalid or not available
WARNING: [Board 49-26] cannot add Board Part xilinx.com:zcu1275:part0:1.0 available at /tools/Xilinx/Vivado/2022.2/data/xhub/boards/XilinxBoardStore/boards/Xilinx/zcu1275/1.0/board.xml as part xczu29dr-ffvf1760-2-e specified in board_part file is either invalid or not available
WARNING: [Board 49-26] cannot add Board Part xilinx.com:zcu1285:part0:1.0 available at /tools/Xilinx/Vivado/2022.2/data/xhub/boards/XilinxBoardStore/boards/Xilinx/zcu1285/1.0/board.xml as part xczu39dr-ffvf1760-2-i specified in board_part file is either invalid or not available
WARNING: [Board 49-26] cannot add Board Part xilinx.com:zcu208:part0:2.0 available at /tools/Xilinx/Vivado/2022.2/data/xhub/boards/XilinxBoardStore/boards/Xilinx/zcu208/production/2.0/board.xml as part xczu48dr-fsvg1517-2-e specified in board_part file is either invalid or not available
WARNING: [Board 49-26] cannot add Board Part xilinx.com:zcu208ld:part0:2.0 available at /tools/Xilinx/Vivado/2022.2/data/xhub/boards/XilinxBoardStore/boards/Xilinx/zcu208ld/production/2.0/board.xml as part xczu58dr-fsvg1517-2-i specified in board_part file is either invalid or not available
WARNING: [Board 49-26] cannot add Board Part xilinx.com:zcu216:part0:2.0 available at /tools/Xilinx/Vivado/2022.2/data/xhub/boards/XilinxBoardStore/boards/Xilinx/zcu216/production/2.0/board.xml as part xczu49dr-ffvf1760-2-e specified in board_part file is either invalid or not available
WARNING: [Board 49-26] cannot add Board Part xilinx.com:zcu216ld:part0:2.0 available at /tools/Xilinx/Vivado/2022.2/data/xhub/boards/XilinxBoardStore/boards/Xilinx/zcu216ld/production/2.0/board.xml as part xczu59dr-ffvf1760-2-i specified in board_part file is either invalid or not available
WARNING: [Board 49-26] cannot add Board Part xilinx.com:zcu670:part0:2.0 available at /tools/Xilinx/Vivado/2022.2/data/xhub/boards/XilinxBoardStore/boards/Xilinx/zcu670/2.0/board.xml as part xczu67dr-fsve1156-2-i specified in board_part file is either invalid or not available
WARNING: [Board 49-26] cannot add Board Part xilinx.com:zcu670ld:part0:1.0 available at /tools/Xilinx/Vivado/2022.2/data/xhub/boards/XilinxBoardStore/boards/Xilinx/zcu670ld/1.0/board.xml as part xczu57dr-fsve1156-2-i specified in board_part file is either invalid or not available
Scanning sources...
Finished scanning sources
INFO: [IP_Flow 19-234] Refreshing IP repositories
INFO: [IP_Flow 19-1704] No user IP repositories specified
INFO: [IP_Flow 19-2313] Loaded Vivado IP repository '/tools/Xilinx/Vivado/2022.2/data/ip'.
update_compile_order -fileset sources_1
open_bd_design {/home/guoxm/isp_fpga/basic_isp/3_yolov3_tiny_acc/zynq_video_stream/vivado_prj/zynq_video.srcs/sources_1/bd/design_1/design_1.bd}
Reading block design file </home/guoxm/isp_fpga/basic_isp/3_yolov3_tiny_acc/zynq_video_stream/vivado_prj/zynq_video.srcs/sources_1/bd/design_1/design_1.bd>...
Adding component instance block -- xilinx.com:ip:processing_system7:5.5 - processing_system7_0
Adding component instance block -- xilinx.com:ip:axi_vdma:6.3 - axi_vdma_0
Adding component instance block -- xilinx.com:ip:axi_interconnect:2.1 - ps7_0_axi_periph
Adding component instance block -- xilinx.com:ip:proc_sys_reset:5.0 - rst_ps7_0_100M
Adding component instance block -- xilinx.com:ip:axi_interconnect:2.1 - axi_mem_intercon
Adding component instance block -- xilinx.com:ip:axi_crossbar:2.1 - xbar
Adding component instance block -- xilinx.com:ip:proc_sys_reset:5.0 - rst_ps7_0_150M
Successfully read diagram <design_1> from block design file </home/guoxm/isp_fpga/basic_isp/3_yolov3_tiny_acc/zynq_video_stream/vivado_prj/zynq_video.srcs/sources_1/bd/design_1/design_1.bd>
startgroup
set_property -dict [list \
  CONFIG.c_mm2s_linebuffer_depth {2048} \
  CONFIG.c_mm2s_max_burst_length {64} \
  CONFIG.c_s2mm_linebuffer_depth {2048} \
  CONFIG.c_s2mm_max_burst_length {64} \
] [get_bd_cells axi_vdma_0]
endgroup
startgroup
create_bd_cell -type ip -vlnv xilinx.com:ip:v_vid_in_axi4s:5.0 v_vid_in_axi4s_0
endgroup
set_property location {1.5 262 507} [get_bd_cells v_vid_in_axi4s_0]
set_property CONFIG.C_HAS_ASYNC_CLK {1} [get_bd_cells v_vid_in_axi4s_0]
set_property  ip_repo_paths  /home/guoxm/isp_fpga/basic_isp/3_yolov3_tiny_acc/zynq_video_stream/ip_repo [current_project]
update_ip_catalog
INFO: [IP_Flow 19-234] Refreshing IP repositories
INFO: [IP_Flow 19-1700] Loaded user IP repository '/home/guoxm/isp_fpga/basic_isp/3_yolov3_tiny_acc/zynq_video_stream/ip_repo'.
set_property dataflow_viewer_settings "min_width=16"   [current_fileset]
startgroup
create_bd_cell -type ip -vlnv user.org:user:dvi_transmitter:1.0 dvi_transmitter_0
endgroup
set_property location {2 354 218} [get_bd_cells dvi_transmitter_0]
add_files -norecurse /home/guoxm/isp_fpga/basic_isp/3_yolov3_tiny_acc/zynq_video_stream/hdl_src/ov5640_capture_data.v
update_compile_order -fileset sources_1
create_bd_cell -type module -reference ov5640_capture_data ov5640_capture_data_0
INFO: [IP_Flow 19-5107] Inferred bus interface 'cam_rst_n' of definition 'xilinx.com:signal:reset:1.0' (from Xilinx Repository).
INFO: [IP_Flow 19-5107] Inferred bus interface 'rst_n' of definition 'xilinx.com:signal:reset:1.0' (from Xilinx Repository).
INFO: [IP_Flow 19-5107] Inferred bus interface 'vid_clk' of definition 'xilinx.com:signal:clock:1.0' (from Xilinx Repository).
INFO: [IP_Flow 19-4728] Bus Interface 'cam_rst_n': Added interface parameter 'POLARITY' with value 'ACTIVE_LOW'.
INFO: [IP_Flow 19-4728] Bus Interface 'rst_n': Added interface parameter 'POLARITY' with value 'ACTIVE_LOW'.
WARNING: [IP_Flow 19-3157] Bus Interface 'cam_rst_n': Bus parameter POLARITY is ACTIVE_LOW but port 'cam_rst_n' is not *resetn - please double check the POLARITY setting.
WARNING: [IP_Flow 19-3157] Bus Interface 'rst_n': Bus parameter POLARITY is ACTIVE_LOW but port 'rst_n' is not *resetn - please double check the POLARITY setting.
WARNING: [IP_Flow 19-5661] Bus Interface 'vid_clk' does not have any bus interfaces associated with it.
CRITICAL WARNING: [IP_Flow 19-4751] Bus Interface 'vid_clk': FREQ_HZ bus parameter is missing for output clock interface.
INFO: [IP_Flow 19-234] Refreshing IP repositories
INFO: [IP_Flow 19-1700] Loaded user IP repository '/home/guoxm/isp_fpga/basic_isp/3_yolov3_tiny_acc/zynq_video_stream/ip_repo'.
update_module_reference design_1_ov5640_capture_data_0_0
INFO: [IP_Flow 19-5107] Inferred bus interface 'cam_rst_n' of definition 'xilinx.com:signal:reset:1.0' (from Xilinx Repository).
INFO: [IP_Flow 19-5107] Inferred bus interface 'rst_n' of definition 'xilinx.com:signal:reset:1.0' (from Xilinx Repository).
INFO: [IP_Flow 19-5107] Inferred bus interface 'vid_clk' of definition 'xilinx.com:signal:clock:1.0' (from Xilinx Repository).
INFO: [IP_Flow 19-4728] Bus Interface 'cam_rst_n': Added interface parameter 'POLARITY' with value 'ACTIVE_LOW'.
INFO: [IP_Flow 19-4728] Bus Interface 'rst_n': Added interface parameter 'POLARITY' with value 'ACTIVE_LOW'.
WARNING: [IP_Flow 19-3157] Bus Interface 'cam_rst_n': Bus parameter POLARITY is ACTIVE_LOW but port 'cam_rst_n' is not *resetn - please double check the POLARITY setting.
WARNING: [IP_Flow 19-3157] Bus Interface 'rst_n': Bus parameter POLARITY is ACTIVE_LOW but port 'rst_n' is not *resetn - please double check the POLARITY setting.
WARNING: [IP_Flow 19-5661] Bus Interface 'vid_clk' does not have any bus interfaces associated with it.
CRITICAL WARNING: [IP_Flow 19-4751] Bus Interface 'vid_clk': FREQ_HZ bus parameter is missing for output clock interface.
INFO: [IP_Flow 19-234] Refreshing IP repositories
INFO: [IP_Flow 19-1700] Loaded user IP repository '/home/guoxm/isp_fpga/basic_isp/3_yolov3_tiny_acc/zynq_video_stream/ip_repo'.
Upgrading '/home/guoxm/isp_fpga/basic_isp/3_yolov3_tiny_acc/zynq_video_stream/vivado_prj/zynq_video.srcs/sources_1/bd/design_1/design_1.bd'
INFO: [IP_Flow 19-3420] Updated design_1_ov5640_capture_data_0_0 to use current project options
Wrote  : </home/guoxm/isp_fpga/basic_isp/3_yolov3_tiny_acc/zynq_video_stream/vivado_prj/zynq_video.srcs/sources_1/bd/design_1/design_1.bd> 
Wrote  : </home/guoxm/isp_fpga/basic_isp/3_yolov3_tiny_acc/zynq_video_stream/vivado_prj/zynq_video.srcs/sources_1/bd/design_1/ui/bd_1f5defd0.ui> 
set_property location {1 456 -40} [get_bd_cells ov5640_capture_data_0]
delete_bd_objs [get_bd_cells ov5640_capture_data_0]
export_ip_user_files -of_objects  [get_files /home/guoxm/isp_fpga/basic_isp/3_yolov3_tiny_acc/zynq_video_stream/hdl_src/ov5640_capture_data.v] -no_script -reset -force -quiet
remove_files  /home/guoxm/isp_fpga/basic_isp/3_yolov3_tiny_acc/zynq_video_stream/hdl_src/ov5640_capture_data.v
update_compile_order -fileset sources_1
save_bd_design
Wrote  : </home/guoxm/isp_fpga/basic_isp/3_yolov3_tiny_acc/zynq_video_stream/vivado_prj/zynq_video.srcs/sources_1/bd/design_1/design_1.bd> 
Wrote  : </home/guoxm/isp_fpga/basic_isp/3_yolov3_tiny_acc/zynq_video_stream/vivado_prj/zynq_video.srcs/sources_1/bd/design_1/ui/bd_1f5defd0.ui> 
update_ip_catalog -rebuild
INFO: [IP_Flow 19-234] Refreshing IP repositories
INFO: [IP_Flow 19-1700] Loaded user IP repository '/home/guoxm/isp_fpga/basic_isp/3_yolov3_tiny_acc/zynq_video_stream/ip_repo'.
startgroup
create_bd_cell -type ip -vlnv user.org:user:ov5640_capture_data:1.0 ov5640_capture_data_0
endgroup
create_bd_intf_port -mode Slave -vlnv xilinx.com:signal:clock_rtl:1.0 cam_pclk
startgroup
make_bd_pins_external  [get_bd_pins ov5640_capture_data_0/cam_pclk]
endgroup
delete_bd_objs [get_bd_intf_ports cam_pclk]
startgroup
make_bd_pins_external  [get_bd_pins ov5640_capture_data_0/cam_href] [get_bd_pins ov5640_capture_data_0/cam_vsync] [get_bd_pins ov5640_capture_data_0/cam_data]
endgroup
set_property name cam_pclk [get_bd_ports cam_pclk_0]
set_property name cam_vsync [get_bd_ports cam_vsync_0]
set_property name cam_href [get_bd_ports cam_href_0]
set_property name cam_data [get_bd_ports cam_data_0]
startgroup
make_bd_pins_external  [get_bd_pins ov5640_capture_data_0/cam_rst_n] [get_bd_pins ov5640_capture_data_0/cam_pwdn]
endgroup
set_property name cam_rst_n [get_bd_ports cam_rst_n_0]
set_property name cam_pwdn [get_bd_ports cam_pwdn_0]
regenerate_bd_layout
startgroup
make_bd_intf_pins_external  [get_bd_intf_pins dvi_transmitter_0/hdmi_out]
endgroup
set_property name hdmi_out [get_bd_intf_ports hdmi_out_0]
startgroup
make_bd_pins_external  [get_bd_pins dvi_transmitter_0/tmds_oen]
endgroup
set_property name tmds_oen [get_bd_ports tmds_oen_0]
startgroup
create_bd_cell -type ip -vlnv xilinx.com:ip:v_tc:6.2 v_tc_0
endgroup
startgroup
create_bd_cell -type ip -vlnv xilinx.com:ip:v_axi4s_vid_out:4.0 v_axi4s_vid_out_0
endgroup
startgroup
create_bd_cell -type ip -vlnv xilinx.com:ip:clk_wiz:6.0 clk_wiz_0
endgroup
set_property -dict [list \
  CONFIG.CLKOUT1_JITTER {128.710} \
  CONFIG.CLKOUT1_PHASE_ERROR {91.100} \
  CONFIG.CLKOUT1_REQUESTED_OUT_FREQ {75.000} \
  CONFIG.CLKOUT2_JITTER {95.380} \
  CONFIG.CLKOUT2_PHASE_ERROR {91.100} \
  CONFIG.CLKOUT2_REQUESTED_OUT_FREQ {375.000} \
  CONFIG.CLKOUT2_USED {true} \
  CONFIG.MMCM_CLKFBOUT_MULT_F {11.250} \
  CONFIG.MMCM_CLKOUT0_DIVIDE_F {15.000} \
  CONFIG.MMCM_CLKOUT1_DIVIDE {3} \
  CONFIG.NUM_OUT_CLKS {2} \
] [get_bd_cells clk_wiz_0]
set_property CONFIG.enable_detection {false} [get_bd_cells v_tc_0]
set_property CONFIG.C_HAS_ASYNC_CLK {1} [get_bd_cells v_axi4s_vid_out_0]
startgroup
apply_bd_automation -rule xilinx.com:bd_rule:board -config { Clk {/processing_system7_0/FCLK_CLK0 (100 MHz)} Manual_Source {Auto}}  [get_bd_pins clk_wiz_0/clk_in1]
apply_bd_automation -rule xilinx.com:bd_rule:board -config { Manual_Source {New External Port (ACTIVE_HIGH)}}  [get_bd_pins clk_wiz_0/reset]
INFO: [BoardRule 102-10] create_bd_port -dir I reset_rtl_0 -type rst
INFO: [BoardRule 102-7] set_property CONFIG.POLARITY ACTIVE_HIGH /reset_rtl_0
INFO: [BoardRule 102-15] connect_bd_net /reset_rtl_0 /clk_wiz_0/reset
INFO: [BoardRule 102-19] set_property CONFIG.POLARITY ACTIVE_HIGH /reset_rtl_0
apply_bd_automation -rule xilinx.com:bd_rule:clkrst -config { Clk {/clk_wiz_0/clk_out1 (75 MHz)} Freq {75} Ref_Clk0 {None} Ref_Clk1 {None} Ref_Clk2 {None}}  [get_bd_pins dvi_transmitter_0/pclk]
apply_bd_automation -rule xilinx.com:bd_rule:clkrst -config { Clk {/clk_wiz_0/clk_out2 (375 MHz)} Freq {375} Ref_Clk0 {None} Ref_Clk1 {None} Ref_Clk2 {None}}  [get_bd_pins dvi_transmitter_0/pclk_x5]
apply_bd_automation -rule xilinx.com:bd_rule:axi4 -config { Clk_master {/processing_system7_0/FCLK_CLK0 (100 MHz)} Clk_slave {/clk_wiz_0/clk_out1 (75 MHz)} Clk_xbar {/processing_system7_0/FCLK_CLK0 (100 MHz)} Master {/processing_system7_0/M_AXI_GP0} Slave {/v_tc_0/ctrl} ddr_seg {Auto} intc_ip {/ps7_0_axi_periph} master_apm {0}}  [get_bd_intf_pins v_tc_0/ctrl]
Slave segment '/v_tc_0/ctrl/Reg' is being assigned into address space '/processing_system7_0/Data' at <0x43C0_0000 [ 64K ]>.
endgroup
regenerate_bd_layout
connect_bd_net [get_bd_pins clk_wiz_0/locked] [get_bd_pins ov5640_capture_data_0/rst_n]
connect_bd_net [get_bd_pins ov5640_capture_data_0/vid_clk] [get_bd_pins v_vid_in_axi4s_0/vid_io_in_clk]
connect_bd_net [get_bd_pins ov5640_capture_data_0/vid_ce] [get_bd_pins v_vid_in_axi4s_0/vid_io_in_ce]
set_property location {4 1420 1076} [get_bd_cells v_vid_in_axi4s_0]
connect_bd_net [get_bd_pins ov5640_capture_data_0/vid_active_video] [get_bd_pins v_vid_in_axi4s_0/vid_active_video]
WARNING: [BD 41-1306] The connection to interface pin </v_vid_in_axi4s_0/vid_active_video> is being overridden by the user with net <ov5640_capture_data_0_vid_active_video>. This pin will not be connected as a part of interface connection <vid_io_in>.
connect_bd_net [get_bd_pins ov5640_capture_data_0/vid_data] [get_bd_pins v_vid_in_axi4s_0/vid_data]
WARNING: [BD 41-1306] The connection to interface pin </v_vid_in_axi4s_0/vid_data> is being overridden by the user with net <ov5640_capture_data_0_vid_data>. This pin will not be connected as a part of interface connection <vid_io_in>.
connect_bd_net [get_bd_pins ov5640_capture_data_0/vid_vsync] [get_bd_pins v_vid_in_axi4s_0/vid_vsync]
WARNING: [BD 41-1306] The connection to interface pin </v_vid_in_axi4s_0/vid_vsync> is being overridden by the user with net <ov5640_capture_data_0_vid_vsync>. This pin will not be connected as a part of interface connection <vid_io_in>.
set_property location {1 203 692} [get_bd_cells clk_wiz_0]
connect_bd_net [get_bd_pins v_vid_in_axi4s_0/aclk] [get_bd_pins processing_system7_0/FCLK_CLK0]
connect_bd_intf_net [get_bd_intf_pins axi_vdma_0/S_AXIS_S2MM] [get_bd_intf_pins v_vid_in_axi4s_0/video_out]
startgroup
set_property -dict [list \
  CONFIG.c_mm2s_linebuffer_depth {1024} \
  CONFIG.c_mm2s_max_burst_length {16} \
  CONFIG.c_s2mm_linebuffer_depth {1024} \
  CONFIG.c_s2mm_max_burst_length {16} \
] [get_bd_cells axi_vdma_0]
endgroup
apply_bd_automation -rule xilinx.com:bd_rule:clkrst -config { Clk {/processing_system7_0/FCLK_CLK1 (150 MHz)} Freq {150} Ref_Clk0 {None} Ref_Clk1 {None} Ref_Clk2 {None}}  [get_bd_pins axi_vdma_0/s_axis_s2mm_aclk]
disconnect_bd_net /processing_system7_0_FCLK_CLK0 [get_bd_pins v_vid_in_axi4s_0/aclk]
apply_bd_automation -rule xilinx.com:bd_rule:clkrst -config { Clk {/processing_system7_0/FCLK_CLK1 (150 MHz)} Freq {100} Ref_Clk0 {} Ref_Clk1 {} Ref_Clk2 {}}  [get_bd_pins v_vid_in_axi4s_0/aclk]
regenerate_bd_layout
set_property location {5 1821 1004} [get_bd_cells v_axi4s_vid_out_0]
set_property location {6 2247 825} [get_bd_cells dvi_transmitter_0]
connect_bd_intf_net [get_bd_intf_pins v_axi4s_vid_out_0/vid_io_out] [get_bd_intf_pins dvi_transmitter_0/video_in]
connect_bd_intf_net [get_bd_intf_pins axi_vdma_0/M_AXIS_MM2S] [get_bd_intf_pins v_axi4s_vid_out_0/video_in]
startgroup
endgroup
startgroup
set_property CONFIG.HAS_AXI4_LITE {false} [get_bd_cells v_tc_0]
WARNING: [BD 41-1684] Pin /v_tc_0/s_axi_aclk is now disabled. All connections to this pin have been removed. 
WARNING: [BD 41-1684] Pin /v_tc_0/s_axi_aresetn is now disabled. All connections to this pin have been removed. 
delete_bd_objs [get_bd_intf_nets ps7_0_axi_periph_M01_AXI]
endgroup
connect_bd_intf_net [get_bd_intf_pins v_tc_0/vtiming_out] [get_bd_intf_pins v_axi4s_vid_out_0/vtiming_in]
connect_bd_net [get_bd_pins v_axi4s_vid_out_0/vtg_ce] [get_bd_pins v_tc_0/gen_clken]
startgroup
set_property -dict [list \
  CONFIG.CLKOUT1_JITTER {337.616} \
  CONFIG.CLKOUT1_PHASE_ERROR {322.999} \
  CONFIG.CLKOUT1_REQUESTED_OUT_FREQ {74.25} \
  CONFIG.CLKOUT2_JITTER {258.703} \
  CONFIG.CLKOUT2_PHASE_ERROR {322.999} \
  CONFIG.CLKOUT2_REQUESTED_OUT_FREQ {371.25} \
  CONFIG.MMCM_CLKFBOUT_MULT_F {37.125} \
  CONFIG.MMCM_CLKOUT0_DIVIDE_F {10.000} \
  CONFIG.MMCM_CLKOUT1_DIVIDE {2} \
  CONFIG.MMCM_DIVCLK_DIVIDE {5} \
] [get_bd_cells clk_wiz_0]
endgroup
startgroup
endgroup
connect_bd_net [get_bd_pins v_axi4s_vid_out_0/vid_io_out_clk] [get_bd_pins clk_wiz_0/clk_out1]
connect_bd_net [get_bd_pins clk_wiz_0/locked] [get_bd_pins dvi_transmitter_0/reset_n]
connect_bd_net [get_bd_pins v_tc_0/resetn] [get_bd_pins clk_wiz_0/locked]
connect_bd_net [get_bd_pins clk_wiz_0/clk_out1] [get_bd_pins v_tc_0/clk]
startgroup
apply_bd_automation -rule xilinx.com:bd_rule:clkrst -config { Clk {/processing_system7_0/FCLK_CLK1 (150 MHz)} Freq {150} Ref_Clk0 {None} Ref_Clk1 {None} Ref_Clk2 {None}}  [get_bd_pins axi_vdma_0/m_axis_mm2s_aclk]
INFO: [BD 5-455] Automation on '/v_axi4s_vid_out_0/aclk' will not be run, since it is obsolete due to previously run automations
endgroup
regenerate_bd_layout
delete_bd_objs [get_bd_nets reset_rtl_0_1]
delete_bd_objs [get_bd_ports reset_rtl_0]
connect_bd_net [get_bd_pins rst_ps7_0_100M/peripheral_reset] [get_bd_pins clk_wiz_0/reset]
delete_bd_objs [get_bd_nets rst_clk_wiz_0_75M_peripheral_aresetn] [get_bd_cells rst_clk_wiz_0_75M]
validate_bd_design
WARNING: [BD 41-2670] Found an incomplete address path from address space '/processing_system7_0/Data' to master interface '/ps7_0_axi_periph/M01_AXI'. Please either complete or remove this path to resolve.
WARNING: [BD 5-699] No address segments matched 'get_bd_addr_segs -addressables -of_objects /v_axi4s_vid_out_0/video_in'
INFO: [xilinx.com:ip:clk_wiz:6.0-1] /clk_wiz_0 clk_wiz propagate
CRITICAL WARNING: [BD 41-759] The input pins (listed below) are either not connected or do not have a source port, and they don't have a tie-off specified. These pins are tied-off to all 0's to avoid error in Implementation flow.
Please check your design and connect them as needed: 
/ps7_0_axi_periph/M01_ARESETN

regenerate_bd_layout
startgroup
set_property CONFIG.NUM_MI {1} [get_bd_cells ps7_0_axi_periph]
endgroup
regenerate_bd_layout
save_bd_design
Wrote  : </home/guoxm/isp_fpga/basic_isp/3_yolov3_tiny_acc/zynq_video_stream/vivado_prj/zynq_video.srcs/sources_1/bd/design_1/design_1.bd> 
Wrote  : </home/guoxm/isp_fpga/basic_isp/3_yolov3_tiny_acc/zynq_video_stream/vivado_prj/zynq_video.srcs/sources_1/bd/design_1/ui/bd_1f5defd0.ui> 
validate_bd_design
INFO: [xilinx.com:ip:clk_wiz:6.0-1] /clk_wiz_0 clk_wiz propagate
regenerate_bd_layout
regenerate_bd_layout
set_property location {3 694 798} [get_bd_cells ov5640_capture_data_0]
regenerate_bd_layout
save_bd_design
Wrote  : </home/guoxm/isp_fpga/basic_isp/3_yolov3_tiny_acc/zynq_video_stream/vivado_prj/zynq_video.srcs/sources_1/bd/design_1/design_1.bd> 
generate_target all [get_files  /home/guoxm/isp_fpga/basic_isp/3_yolov3_tiny_acc/zynq_video_stream/vivado_prj/zynq_video.srcs/sources_1/bd/design_1/design_1.bd]
INFO: [BD 41-1662] The design 'design_1.bd' is already validated. Therefore parameter propagation will not be re-run.
WARNING: [BD 41-2384] Width mismatch when connecting pin: '/axi_mem_intercon/m00_couplers/auto_pc/m_axi_bid'(1) to pin: '/axi_mem_intercon/m00_couplers/M_AXI_bid'(6) - Only lower order bits will be connected.
WARNING: [BD 41-2384] Width mismatch when connecting pin: '/axi_mem_intercon/m00_couplers/auto_pc/m_axi_rid'(1) to pin: '/axi_mem_intercon/m00_couplers/M_AXI_rid'(6) - Only lower order bits will be connected.
WARNING: [BD 41-2384] Width mismatch when connecting pin: '/processing_system7_0/S_AXI_HP0_AWID'(6) to pin: '/axi_mem_intercon/M00_AXI_awid'(1) - Only lower order bits will be connected.
WARNING: [BD 41-2384] Width mismatch when connecting pin: '/processing_system7_0/S_AXI_HP0_WID'(6) to pin: '/axi_mem_intercon/M00_AXI_wid'(1) - Only lower order bits will be connected.
WARNING: [BD 41-2384] Width mismatch when connecting pin: '/processing_system7_0/S_AXI_HP0_ARID'(6) to pin: '/axi_mem_intercon/M00_AXI_arid'(1) - Only lower order bits will be connected.
Verilog Output written to : /home/guoxm/isp_fpga/basic_isp/3_yolov3_tiny_acc/zynq_video_stream/vivado_prj/zynq_video.gen/sources_1/bd/design_1/synth/design_1.v
WARNING: [BD 41-2384] Width mismatch when connecting pin: '/axi_mem_intercon/m00_couplers/auto_pc/m_axi_bid'(1) to pin: '/axi_mem_intercon/m00_couplers/M_AXI_bid'(6) - Only lower order bits will be connected.
WARNING: [BD 41-2384] Width mismatch when connecting pin: '/axi_mem_intercon/m00_couplers/auto_pc/m_axi_rid'(1) to pin: '/axi_mem_intercon/m00_couplers/M_AXI_rid'(6) - Only lower order bits will be connected.
WARNING: [BD 41-2384] Width mismatch when connecting pin: '/processing_system7_0/S_AXI_HP0_AWID'(6) to pin: '/axi_mem_intercon/M00_AXI_awid'(1) - Only lower order bits will be connected.
WARNING: [BD 41-2384] Width mismatch when connecting pin: '/processing_system7_0/S_AXI_HP0_WID'(6) to pin: '/axi_mem_intercon/M00_AXI_wid'(1) - Only lower order bits will be connected.
WARNING: [BD 41-2384] Width mismatch when connecting pin: '/processing_system7_0/S_AXI_HP0_ARID'(6) to pin: '/axi_mem_intercon/M00_AXI_arid'(1) - Only lower order bits will be connected.
Verilog Output written to : /home/guoxm/isp_fpga/basic_isp/3_yolov3_tiny_acc/zynq_video_stream/vivado_prj/zynq_video.gen/sources_1/bd/design_1/sim/design_1.v
Verilog Output written to : /home/guoxm/isp_fpga/basic_isp/3_yolov3_tiny_acc/zynq_video_stream/vivado_prj/zynq_video.gen/sources_1/bd/design_1/hdl/design_1_wrapper.v
INFO: [IP_Flow 19-5611] Unable to find an associated reset port for the interface 'M_AXI_GP0'. A default connection has been created.
INFO: [IP_Flow 19-5611] Unable to find an associated reset port for the interface 'S_AXI_HP0'. A default connection has been created.
INFO: [BD 41-1029] Generation completed for the IP Integrator block processing_system7_0 .
WARNING: [IP_Flow 19-4994] Overwriting existing constraint file '/home/guoxm/isp_fpga/basic_isp/3_yolov3_tiny_acc/zynq_video_stream/vivado_prj/zynq_video.gen/sources_1/bd/design_1/ip/design_1_axi_vdma_0_1/design_1_axi_vdma_0_1_ooc.xdc'
INFO: [BD 41-1029] Generation completed for the IP Integrator block axi_vdma_0 .
INFO: [BD 41-1029] Generation completed for the IP Integrator block rst_ps7_0_100M .
INFO: [BD 41-1029] Generation completed for the IP Integrator block axi_mem_intercon/xbar .
INFO: [BD 41-1029] Generation completed for the IP Integrator block rst_ps7_0_150M .
INFO: [BD 41-1029] Generation completed for the IP Integrator block v_vid_in_axi4s_0 .
INFO: [BD 41-1029] Generation completed for the IP Integrator block dvi_transmitter_0 .
INFO: [BD 41-1029] Generation completed for the IP Integrator block ov5640_capture_data_0 .
INFO: [BD 41-1029] Generation completed for the IP Integrator block v_tc_0 .
INFO: [BD 41-1029] Generation completed for the IP Integrator block v_axi4s_vid_out_0 .
INFO: [BD 41-1029] Generation completed for the IP Integrator block clk_wiz_0 .
WARNING: [IP_Flow 19-4994] Overwriting existing constraint file '/home/guoxm/isp_fpga/basic_isp/3_yolov3_tiny_acc/zynq_video_stream/vivado_prj/zynq_video.gen/sources_1/bd/design_1/ip/design_1_auto_pc_0/design_1_auto_pc_0_ooc.xdc'
INFO: [BD 41-1029] Generation completed for the IP Integrator block ps7_0_axi_periph/s00_couplers/auto_pc .
WARNING: [IP_Flow 19-4994] Overwriting existing constraint file '/home/guoxm/isp_fpga/basic_isp/3_yolov3_tiny_acc/zynq_video_stream/vivado_prj/zynq_video.gen/sources_1/bd/design_1/ip/design_1_auto_pc_1/design_1_auto_pc_1_ooc.xdc'
INFO: [BD 41-1029] Generation completed for the IP Integrator block axi_mem_intercon/m00_couplers/auto_pc .
Exporting to file /home/guoxm/isp_fpga/basic_isp/3_yolov3_tiny_acc/zynq_video_stream/vivado_prj/zynq_video.gen/sources_1/bd/design_1/hw_handoff/design_1.hwh
Generated Hardware Definition File /home/guoxm/isp_fpga/basic_isp/3_yolov3_tiny_acc/zynq_video_stream/vivado_prj/zynq_video.gen/sources_1/bd/design_1/synth/design_1.hwdef
generate_target: Time (s): cpu = 00:00:09 ; elapsed = 00:00:09 . Memory (MB): peak = 9389.156 ; gain = 0.000 ; free physical = 451 ; free virtual = 7785
catch { config_ip_cache -export [get_ips -all design_1_axi_vdma_0_1] }
INFO: [IP_Flow 19-6924] IPCACHE: Running cache check for IP inst: design_1_axi_vdma_0_1
catch { config_ip_cache -export [get_ips -all design_1_rst_ps7_0_100M_0] }
INFO: [IP_Flow 19-6924] IPCACHE: Running cache check for IP inst: design_1_rst_ps7_0_100M_0
catch { config_ip_cache -export [get_ips -all design_1_xbar_0] }
INFO: [IP_Flow 19-6924] IPCACHE: Running cache check for IP inst: design_1_xbar_0
catch { config_ip_cache -export [get_ips -all design_1_rst_ps7_0_150M_0] }
INFO: [IP_Flow 19-6924] IPCACHE: Running cache check for IP inst: design_1_rst_ps7_0_150M_0
catch { config_ip_cache -export [get_ips -all design_1_v_vid_in_axi4s_0_0] }
INFO: [IP_Flow 19-6924] IPCACHE: Running cache check for IP inst: design_1_v_vid_in_axi4s_0_0
catch { config_ip_cache -export [get_ips -all design_1_dvi_transmitter_0_0] }
INFO: [IP_Flow 19-6924] IPCACHE: Running cache check for IP inst: design_1_dvi_transmitter_0_0
catch { config_ip_cache -export [get_ips -all design_1_ov5640_capture_data_0_1] }
INFO: [IP_Flow 19-6924] IPCACHE: Running cache check for IP inst: design_1_ov5640_capture_data_0_1
catch { config_ip_cache -export [get_ips -all design_1_v_tc_0_0] }
INFO: [IP_Flow 19-6924] IPCACHE: Running cache check for IP inst: design_1_v_tc_0_0
catch { config_ip_cache -export [get_ips -all design_1_v_axi4s_vid_out_0_0] }
INFO: [IP_Flow 19-6924] IPCACHE: Running cache check for IP inst: design_1_v_axi4s_vid_out_0_0
catch { config_ip_cache -export [get_ips -all design_1_clk_wiz_0_0] }
INFO: [IP_Flow 19-6924] IPCACHE: Running cache check for IP inst: design_1_clk_wiz_0_0
catch { config_ip_cache -export [get_ips -all design_1_auto_pc_0] }
INFO: [IP_Flow 19-6924] IPCACHE: Running cache check for IP inst: design_1_auto_pc_0
catch { config_ip_cache -export [get_ips -all design_1_auto_pc_1] }
INFO: [IP_Flow 19-6924] IPCACHE: Running cache check for IP inst: design_1_auto_pc_1
export_ip_user_files -of_objects [get_files /home/guoxm/isp_fpga/basic_isp/3_yolov3_tiny_acc/zynq_video_stream/vivado_prj/zynq_video.srcs/sources_1/bd/design_1/design_1.bd] -no_script -sync -force -quiet
create_ip_run [get_files -of_objects [get_fileset sources_1] /home/guoxm/isp_fpga/basic_isp/3_yolov3_tiny_acc/zynq_video_stream/vivado_prj/zynq_video.srcs/sources_1/bd/design_1/design_1.bd]
launch_runs design_1_processing_system7_0_0_synth_1 design_1_axi_vdma_0_1_synth_1 design_1_rst_ps7_0_100M_0_synth_1 design_1_xbar_0_synth_1 design_1_rst_ps7_0_150M_0_synth_1 design_1_v_vid_in_axi4s_0_0_synth_1 design_1_dvi_transmitter_0_0_synth_1 design_1_ov5640_capture_data_0_1_synth_1 design_1_v_tc_0_0_synth_1 design_1_v_axi4s_vid_out_0_0_synth_1 design_1_clk_wiz_0_0_synth_1 design_1_auto_pc_0_synth_1 design_1_auto_pc_1_synth_1 -jobs 4
INFO: [IP_Flow 19-6924] IPCACHE: Running cache check for IP inst: design_1_axi_vdma_0_1
INFO: [IP_Flow 19-6924] IPCACHE: Running cache check for IP inst: design_1_rst_ps7_0_100M_0
INFO: [IP_Flow 19-6924] IPCACHE: Running cache check for IP inst: design_1_xbar_0
INFO: [IP_Flow 19-6924] IPCACHE: Running cache check for IP inst: design_1_rst_ps7_0_150M_0
INFO: [IP_Flow 19-6924] IPCACHE: Running cache check for IP inst: design_1_v_vid_in_axi4s_0_0
INFO: [IP_Flow 19-6924] IPCACHE: Running cache check for IP inst: design_1_dvi_transmitter_0_0
INFO: [IP_Flow 19-6924] IPCACHE: Running cache check for IP inst: design_1_ov5640_capture_data_0_1
INFO: [IP_Flow 19-6924] IPCACHE: Running cache check for IP inst: design_1_v_tc_0_0
INFO: [IP_Flow 19-6924] IPCACHE: Running cache check for IP inst: design_1_v_axi4s_vid_out_0_0
INFO: [IP_Flow 19-6924] IPCACHE: Running cache check for IP inst: design_1_clk_wiz_0_0
INFO: [IP_Flow 19-6924] IPCACHE: Running cache check for IP inst: design_1_auto_pc_0
INFO: [IP_Flow 19-6924] IPCACHE: Running cache check for IP inst: design_1_auto_pc_1
[Mon Apr  6 20:32:09 2026] Launched design_1_processing_system7_0_0_synth_1, design_1_axi_vdma_0_1_synth_1, design_1_rst_ps7_0_100M_0_synth_1, design_1_xbar_0_synth_1, design_1_rst_ps7_0_150M_0_synth_1, design_1_v_vid_in_axi4s_0_0_synth_1, design_1_dvi_transmitter_0_0_synth_1, design_1_ov5640_capture_data_0_1_synth_1, design_1_v_tc_0_0_synth_1, design_1_v_axi4s_vid_out_0_0_synth_1, design_1_clk_wiz_0_0_synth_1, design_1_auto_pc_0_synth_1, design_1_auto_pc_1_synth_1...
Run output will be captured here:
design_1_processing_system7_0_0_synth_1: /home/guoxm/isp_fpga/basic_isp/3_yolov3_tiny_acc/zynq_video_stream/vivado_prj/zynq_video.runs/design_1_processing_system7_0_0_synth_1/runme.log
design_1_axi_vdma_0_1_synth_1: /home/guoxm/isp_fpga/basic_isp/3_yolov3_tiny_acc/zynq_video_stream/vivado_prj/zynq_video.runs/design_1_axi_vdma_0_1_synth_1/runme.log
design_1_rst_ps7_0_100M_0_synth_1: /home/guoxm/isp_fpga/basic_isp/3_yolov3_tiny_acc/zynq_video_stream/vivado_prj/zynq_video.runs/design_1_rst_ps7_0_100M_0_synth_1/runme.log
design_1_xbar_0_synth_1: /home/guoxm/isp_fpga/basic_isp/3_yolov3_tiny_acc/zynq_video_stream/vivado_prj/zynq_video.runs/design_1_xbar_0_synth_1/runme.log
design_1_rst_ps7_0_150M_0_synth_1: /home/guoxm/isp_fpga/basic_isp/3_yolov3_tiny_acc/zynq_video_stream/vivado_prj/zynq_video.runs/design_1_rst_ps7_0_150M_0_synth_1/runme.log
design_1_v_vid_in_axi4s_0_0_synth_1: /home/guoxm/isp_fpga/basic_isp/3_yolov3_tiny_acc/zynq_video_stream/vivado_prj/zynq_video.runs/design_1_v_vid_in_axi4s_0_0_synth_1/runme.log
design_1_dvi_transmitter_0_0_synth_1: /home/guoxm/isp_fpga/basic_isp/3_yolov3_tiny_acc/zynq_video_stream/vivado_prj/zynq_video.runs/design_1_dvi_transmitter_0_0_synth_1/runme.log
design_1_ov5640_capture_data_0_1_synth_1: /home/guoxm/isp_fpga/basic_isp/3_yolov3_tiny_acc/zynq_video_stream/vivado_prj/zynq_video.runs/design_1_ov5640_capture_data_0_1_synth_1/runme.log
design_1_v_tc_0_0_synth_1: /home/guoxm/isp_fpga/basic_isp/3_yolov3_tiny_acc/zynq_video_stream/vivado_prj/zynq_video.runs/design_1_v_tc_0_0_synth_1/runme.log
design_1_v_axi4s_vid_out_0_0_synth_1: /home/guoxm/isp_fpga/basic_isp/3_yolov3_tiny_acc/zynq_video_stream/vivado_prj/zynq_video.runs/design_1_v_axi4s_vid_out_0_0_synth_1/runme.log
design_1_clk_wiz_0_0_synth_1: /home/guoxm/isp_fpga/basic_isp/3_yolov3_tiny_acc/zynq_video_stream/vivado_prj/zynq_video.runs/design_1_clk_wiz_0_0_synth_1/runme.log
design_1_auto_pc_0_synth_1: /home/guoxm/isp_fpga/basic_isp/3_yolov3_tiny_acc/zynq_video_stream/vivado_prj/zynq_video.runs/design_1_auto_pc_0_synth_1/runme.log
design_1_auto_pc_1_synth_1: /home/guoxm/isp_fpga/basic_isp/3_yolov3_tiny_acc/zynq_video_stream/vivado_prj/zynq_video.runs/design_1_auto_pc_1_synth_1/runme.log
export_simulation -of_objects [get_files /home/guoxm/isp_fpga/basic_isp/3_yolov3_tiny_acc/zynq_video_stream/vivado_prj/zynq_video.srcs/sources_1/bd/design_1/design_1.bd] -directory /home/guoxm/isp_fpga/basic_isp/3_yolov3_tiny_acc/zynq_video_stream/vivado_prj/zynq_video.ip_user_files/sim_scripts -ip_user_files_dir /home/guoxm/isp_fpga/basic_isp/3_yolov3_tiny_acc/zynq_video_stream/vivado_prj/zynq_video.ip_user_files -ipstatic_source_dir /home/guoxm/isp_fpga/basic_isp/3_yolov3_tiny_acc/zynq_video_stream/vivado_prj/zynq_video.ip_user_files/ipstatic -lib_map_path [list {modelsim=/home/guoxm/isp_fpga/basic_isp/3_yolov3_tiny_acc/zynq_video_stream/vivado_prj/zynq_video.cache/compile_simlib/modelsim} {questa=/home/guoxm/isp_fpga/basic_isp/3_yolov3_tiny_acc/zynq_video_stream/vivado_prj/zynq_video.cache/compile_simlib/questa} {xcelium=/home/guoxm/isp_fpga/basic_isp/3_yolov3_tiny_acc/zynq_video_stream/vivado_prj/zynq_video.cache/compile_simlib/xcelium} {vcs=/home/guoxm/isp_fpga/basic_isp/3_yolov3_tiny_acc/zynq_video_stream/vivado_prj/zynq_video.cache/compile_simlib/vcs} {riviera=/home/guoxm/isp_fpga/basic_isp/3_yolov3_tiny_acc/zynq_video_stream/vivado_prj/zynq_video.cache/compile_simlib/riviera}] -use_ip_compiled_libs -force -quiet
startgroup
endgroup
make_wrapper -files [get_files /home/guoxm/isp_fpga/basic_isp/3_yolov3_tiny_acc/zynq_video_stream/vivado_prj/zynq_video.srcs/sources_1/bd/design_1/design_1.bd] -top
add_files -norecurse /home/guoxm/isp_fpga/basic_isp/3_yolov3_tiny_acc/zynq_video_stream/vivado_prj/zynq_video.gen/sources_1/bd/design_1/hdl/design_1_wrapper.v
add_files -fileset constrs_1 -norecurse /home/guoxm/isp_fpga/basic_isp/3_yolov3_tiny_acc/zynq_video_stream/hdl_src/ov5640_lcd.xdc
delete_bd_objs [get_bd_nets dvi_transmitter_0_tmds_oen] [get_bd_ports tmds_oen]
delete_bd_objs [get_bd_nets ov5640_capture_data_0_cam_pwdn] [get_bd_ports cam_pwdn]
save_bd_design
Wrote  : </home/guoxm/isp_fpga/basic_isp/3_yolov3_tiny_acc/zynq_video_stream/vivado_prj/zynq_video.srcs/sources_1/bd/design_1/design_1.bd> 
Wrote  : </home/guoxm/isp_fpga/basic_isp/3_yolov3_tiny_acc/zynq_video_stream/vivado_prj/zynq_video.srcs/sources_1/bd/design_1/ui/bd_1f5defd0.ui> 
generate_target all [get_files  /home/guoxm/isp_fpga/basic_isp/3_yolov3_tiny_acc/zynq_video_stream/vivado_prj/zynq_video.srcs/sources_1/bd/design_1/design_1.bd]
INFO: [xilinx.com:ip:clk_wiz:6.0-1] /clk_wiz_0 clk_wiz propagate
INFO: [xilinx.com:ip:clk_wiz:6.0-1] /clk_wiz_0 clk_wiz propagate
Wrote  : </home/guoxm/isp_fpga/basic_isp/3_yolov3_tiny_acc/zynq_video_stream/vivado_prj/zynq_video.srcs/sources_1/bd/design_1/design_1.bd> 
WARNING: [BD 41-2384] Width mismatch when connecting pin: '/axi_mem_intercon/m00_couplers/auto_pc/m_axi_bid'(1) to pin: '/axi_mem_intercon/m00_couplers/M_AXI_bid'(6) - Only lower order bits will be connected.
WARNING: [BD 41-2384] Width mismatch when connecting pin: '/axi_mem_intercon/m00_couplers/auto_pc/m_axi_rid'(1) to pin: '/axi_mem_intercon/m00_couplers/M_AXI_rid'(6) - Only lower order bits will be connected.
WARNING: [BD 41-2384] Width mismatch when connecting pin: '/processing_system7_0/S_AXI_HP0_AWID'(6) to pin: '/axi_mem_intercon/M00_AXI_awid'(1) - Only lower order bits will be connected.
WARNING: [BD 41-2384] Width mismatch when connecting pin: '/processing_system7_0/S_AXI_HP0_WID'(6) to pin: '/axi_mem_intercon/M00_AXI_wid'(1) - Only lower order bits will be connected.
WARNING: [BD 41-2384] Width mismatch when connecting pin: '/processing_system7_0/S_AXI_HP0_ARID'(6) to pin: '/axi_mem_intercon/M00_AXI_arid'(1) - Only lower order bits will be connected.
Verilog Output written to : /home/guoxm/isp_fpga/basic_isp/3_yolov3_tiny_acc/zynq_video_stream/vivado_prj/zynq_video.gen/sources_1/bd/design_1/synth/design_1.v
WARNING: [BD 41-2384] Width mismatch when connecting pin: '/axi_mem_intercon/m00_couplers/auto_pc/m_axi_bid'(1) to pin: '/axi_mem_intercon/m00_couplers/M_AXI_bid'(6) - Only lower order bits will be connected.
WARNING: [BD 41-2384] Width mismatch when connecting pin: '/axi_mem_intercon/m00_couplers/auto_pc/m_axi_rid'(1) to pin: '/axi_mem_intercon/m00_couplers/M_AXI_rid'(6) - Only lower order bits will be connected.
WARNING: [BD 41-2384] Width mismatch when connecting pin: '/processing_system7_0/S_AXI_HP0_AWID'(6) to pin: '/axi_mem_intercon/M00_AXI_awid'(1) - Only lower order bits will be connected.
WARNING: [BD 41-2384] Width mismatch when connecting pin: '/processing_system7_0/S_AXI_HP0_WID'(6) to pin: '/axi_mem_intercon/M00_AXI_wid'(1) - Only lower order bits will be connected.
WARNING: [BD 41-2384] Width mismatch when connecting pin: '/processing_system7_0/S_AXI_HP0_ARID'(6) to pin: '/axi_mem_intercon/M00_AXI_arid'(1) - Only lower order bits will be connected.
Verilog Output written to : /home/guoxm/isp_fpga/basic_isp/3_yolov3_tiny_acc/zynq_video_stream/vivado_prj/zynq_video.gen/sources_1/bd/design_1/sim/design_1.v
Verilog Output written to : /home/guoxm/isp_fpga/basic_isp/3_yolov3_tiny_acc/zynq_video_stream/vivado_prj/zynq_video.gen/sources_1/bd/design_1/hdl/design_1_wrapper.v
WARNING: [IP_Flow 19-4994] Overwriting existing constraint file '/home/guoxm/isp_fpga/basic_isp/3_yolov3_tiny_acc/zynq_video_stream/vivado_prj/zynq_video.gen/sources_1/bd/design_1/ip/design_1_auto_pc_0/design_1_auto_pc_0_ooc.xdc'
INFO: [BD 41-1029] Generation completed for the IP Integrator block ps7_0_axi_periph/s00_couplers/auto_pc .
WARNING: [IP_Flow 19-4994] Overwriting existing constraint file '/home/guoxm/isp_fpga/basic_isp/3_yolov3_tiny_acc/zynq_video_stream/vivado_prj/zynq_video.gen/sources_1/bd/design_1/ip/design_1_auto_pc_1/design_1_auto_pc_1_ooc.xdc'
INFO: [BD 41-1029] Generation completed for the IP Integrator block axi_mem_intercon/m00_couplers/auto_pc .
Exporting to file /home/guoxm/isp_fpga/basic_isp/3_yolov3_tiny_acc/zynq_video_stream/vivado_prj/zynq_video.gen/sources_1/bd/design_1/hw_handoff/design_1.hwh
Generated Hardware Definition File /home/guoxm/isp_fpga/basic_isp/3_yolov3_tiny_acc/zynq_video_stream/vivado_prj/zynq_video.gen/sources_1/bd/design_1/synth/design_1.hwdef
generate_target: Time (s): cpu = 00:00:08 ; elapsed = 00:00:05 . Memory (MB): peak = 9864.363 ; gain = 0.000 ; free physical = 3885 ; free virtual = 8773
catch { config_ip_cache -export [get_ips -all design_1_auto_pc_0] }
INFO: [IP_Flow 19-6924] IPCACHE: Running cache check for IP inst: design_1_auto_pc_0
INFO: [IP_Flow 19-6922] IPCACHE: Exporting cached entry 9f66051da07b0d5b to dir: /home/guoxm/isp_fpga/basic_isp/3_yolov3_tiny_acc/zynq_video_stream/vivado_prj/zynq_video.gen/sources_1/bd/design_1/ip/design_1_auto_pc_0
INFO: [IP_Flow 19-6928] IPCACHE: copied cached file /home/guoxm/isp_fpga/basic_isp/3_yolov3_tiny_acc/zynq_video_stream/vivado_prj/zynq_video.cache/ip/2022.2/9/f/9f66051da07b0d5b/design_1_auto_pc_0.dcp to /home/guoxm/isp_fpga/basic_isp/3_yolov3_tiny_acc/zynq_video_stream/vivado_prj/zynq_video.gen/sources_1/bd/design_1/ip/design_1_auto_pc_0/design_1_auto_pc_0.dcp.
INFO: [IP_Flow 19-6926] IPCACHE: added file to list for BOM: /home/guoxm/isp_fpga/basic_isp/3_yolov3_tiny_acc/zynq_video_stream/vivado_prj/zynq_video.gen/sources_1/bd/design_1/ip/design_1_auto_pc_0/design_1_auto_pc_0.dcp
INFO: [IP_Flow 19-6928] IPCACHE: copied cached file /home/guoxm/isp_fpga/basic_isp/3_yolov3_tiny_acc/zynq_video_stream/vivado_prj/zynq_video.cache/ip/2022.2/9/f/9f66051da07b0d5b/design_1_auto_pc_0_stub.v to /home/guoxm/isp_fpga/basic_isp/3_yolov3_tiny_acc/zynq_video_stream/vivado_prj/zynq_video.gen/sources_1/bd/design_1/ip/design_1_auto_pc_0/design_1_auto_pc_0_stub.v.
INFO: [IP_Flow 19-6926] IPCACHE: added file to list for BOM: /home/guoxm/isp_fpga/basic_isp/3_yolov3_tiny_acc/zynq_video_stream/vivado_prj/zynq_video.gen/sources_1/bd/design_1/ip/design_1_auto_pc_0/design_1_auto_pc_0_stub.v
INFO: [IP_Flow 19-6928] IPCACHE: copied cached file /home/guoxm/isp_fpga/basic_isp/3_yolov3_tiny_acc/zynq_video_stream/vivado_prj/zynq_video.cache/ip/2022.2/9/f/9f66051da07b0d5b/design_1_auto_pc_0_sim_netlist.vhdl to /home/guoxm/isp_fpga/basic_isp/3_yolov3_tiny_acc/zynq_video_stream/vivado_prj/zynq_video.gen/sources_1/bd/design_1/ip/design_1_auto_pc_0/design_1_auto_pc_0_sim_netlist.vhdl.
INFO: [IP_Flow 19-6926] IPCACHE: added file to list for BOM: /home/guoxm/isp_fpga/basic_isp/3_yolov3_tiny_acc/zynq_video_stream/vivado_prj/zynq_video.gen/sources_1/bd/design_1/ip/design_1_auto_pc_0/design_1_auto_pc_0_sim_netlist.vhdl
INFO: [IP_Flow 19-6928] IPCACHE: copied cached file /home/guoxm/isp_fpga/basic_isp/3_yolov3_tiny_acc/zynq_video_stream/vivado_prj/zynq_video.cache/ip/2022.2/9/f/9f66051da07b0d5b/design_1_auto_pc_0_sim_netlist.v to /home/guoxm/isp_fpga/basic_isp/3_yolov3_tiny_acc/zynq_video_stream/vivado_prj/zynq_video.gen/sources_1/bd/design_1/ip/design_1_auto_pc_0/design_1_auto_pc_0_sim_netlist.v.
INFO: [IP_Flow 19-6926] IPCACHE: added file to list for BOM: /home/guoxm/isp_fpga/basic_isp/3_yolov3_tiny_acc/zynq_video_stream/vivado_prj/zynq_video.gen/sources_1/bd/design_1/ip/design_1_auto_pc_0/design_1_auto_pc_0_sim_netlist.v
INFO: [IP_Flow 19-6928] IPCACHE: copied cached file /home/guoxm/isp_fpga/basic_isp/3_yolov3_tiny_acc/zynq_video_stream/vivado_prj/zynq_video.cache/ip/2022.2/9/f/9f66051da07b0d5b/design_1_auto_pc_0_stub.vhdl to /home/guoxm/isp_fpga/basic_isp/3_yolov3_tiny_acc/zynq_video_stream/vivado_prj/zynq_video.gen/sources_1/bd/design_1/ip/design_1_auto_pc_0/design_1_auto_pc_0_stub.vhdl.
INFO: [IP_Flow 19-6926] IPCACHE: added file to list for BOM: /home/guoxm/isp_fpga/basic_isp/3_yolov3_tiny_acc/zynq_video_stream/vivado_prj/zynq_video.gen/sources_1/bd/design_1/ip/design_1_auto_pc_0/design_1_auto_pc_0_stub.vhdl
INFO: [IP_Flow 19-4993] Using cached IP synthesis design for IP design_1_auto_pc_0, cache-ID = 9f66051da07b0d5b; cache size = 16.384 MB.
catch { config_ip_cache -export [get_ips -all design_1_auto_pc_1] }
INFO: [IP_Flow 19-6924] IPCACHE: Running cache check for IP inst: design_1_auto_pc_1
INFO: [IP_Flow 19-6922] IPCACHE: Exporting cached entry 4ad25ed7a5d269f2 to dir: /home/guoxm/isp_fpga/basic_isp/3_yolov3_tiny_acc/zynq_video_stream/vivado_prj/zynq_video.gen/sources_1/bd/design_1/ip/design_1_auto_pc_1
INFO: [IP_Flow 19-6928] IPCACHE: copied cached file /home/guoxm/isp_fpga/basic_isp/3_yolov3_tiny_acc/zynq_video_stream/vivado_prj/zynq_video.cache/ip/2022.2/4/a/4ad25ed7a5d269f2/design_1_auto_pc_1_sim_netlist.v to /home/guoxm/isp_fpga/basic_isp/3_yolov3_tiny_acc/zynq_video_stream/vivado_prj/zynq_video.gen/sources_1/bd/design_1/ip/design_1_auto_pc_1/design_1_auto_pc_1_sim_netlist.v.
INFO: [IP_Flow 19-6926] IPCACHE: added file to list for BOM: /home/guoxm/isp_fpga/basic_isp/3_yolov3_tiny_acc/zynq_video_stream/vivado_prj/zynq_video.gen/sources_1/bd/design_1/ip/design_1_auto_pc_1/design_1_auto_pc_1_sim_netlist.v
INFO: [IP_Flow 19-6928] IPCACHE: copied cached file /home/guoxm/isp_fpga/basic_isp/3_yolov3_tiny_acc/zynq_video_stream/vivado_prj/zynq_video.cache/ip/2022.2/4/a/4ad25ed7a5d269f2/design_1_auto_pc_1_stub.v to /home/guoxm/isp_fpga/basic_isp/3_yolov3_tiny_acc/zynq_video_stream/vivado_prj/zynq_video.gen/sources_1/bd/design_1/ip/design_1_auto_pc_1/design_1_auto_pc_1_stub.v.
INFO: [IP_Flow 19-6926] IPCACHE: added file to list for BOM: /home/guoxm/isp_fpga/basic_isp/3_yolov3_tiny_acc/zynq_video_stream/vivado_prj/zynq_video.gen/sources_1/bd/design_1/ip/design_1_auto_pc_1/design_1_auto_pc_1_stub.v
INFO: [IP_Flow 19-6928] IPCACHE: copied cached file /home/guoxm/isp_fpga/basic_isp/3_yolov3_tiny_acc/zynq_video_stream/vivado_prj/zynq_video.cache/ip/2022.2/4/a/4ad25ed7a5d269f2/design_1_auto_pc_1.dcp to /home/guoxm/isp_fpga/basic_isp/3_yolov3_tiny_acc/zynq_video_stream/vivado_prj/zynq_video.gen/sources_1/bd/design_1/ip/design_1_auto_pc_1/design_1_auto_pc_1.dcp.
INFO: [IP_Flow 19-6926] IPCACHE: added file to list for BOM: /home/guoxm/isp_fpga/basic_isp/3_yolov3_tiny_acc/zynq_video_stream/vivado_prj/zynq_video.gen/sources_1/bd/design_1/ip/design_1_auto_pc_1/design_1_auto_pc_1.dcp
INFO: [IP_Flow 19-6928] IPCACHE: copied cached file /home/guoxm/isp_fpga/basic_isp/3_yolov3_tiny_acc/zynq_video_stream/vivado_prj/zynq_video.cache/ip/2022.2/4/a/4ad25ed7a5d269f2/design_1_auto_pc_1_sim_netlist.vhdl to /home/guoxm/isp_fpga/basic_isp/3_yolov3_tiny_acc/zynq_video_stream/vivado_prj/zynq_video.gen/sources_1/bd/design_1/ip/design_1_auto_pc_1/design_1_auto_pc_1_sim_netlist.vhdl.
INFO: [IP_Flow 19-6926] IPCACHE: added file to list for BOM: /home/guoxm/isp_fpga/basic_isp/3_yolov3_tiny_acc/zynq_video_stream/vivado_prj/zynq_video.gen/sources_1/bd/design_1/ip/design_1_auto_pc_1/design_1_auto_pc_1_sim_netlist.vhdl
INFO: [IP_Flow 19-6928] IPCACHE: copied cached file /home/guoxm/isp_fpga/basic_isp/3_yolov3_tiny_acc/zynq_video_stream/vivado_prj/zynq_video.cache/ip/2022.2/4/a/4ad25ed7a5d269f2/design_1_auto_pc_1_stub.vhdl to /home/guoxm/isp_fpga/basic_isp/3_yolov3_tiny_acc/zynq_video_stream/vivado_prj/zynq_video.gen/sources_1/bd/design_1/ip/design_1_auto_pc_1/design_1_auto_pc_1_stub.vhdl.
INFO: [IP_Flow 19-6926] IPCACHE: added file to list for BOM: /home/guoxm/isp_fpga/basic_isp/3_yolov3_tiny_acc/zynq_video_stream/vivado_prj/zynq_video.gen/sources_1/bd/design_1/ip/design_1_auto_pc_1/design_1_auto_pc_1_stub.vhdl
INFO: [IP_Flow 19-4993] Using cached IP synthesis design for IP design_1_auto_pc_1, cache-ID = 4ad25ed7a5d269f2; cache size = 16.384 MB.
export_ip_user_files -of_objects [get_files /home/guoxm/isp_fpga/basic_isp/3_yolov3_tiny_acc/zynq_video_stream/vivado_prj/zynq_video.srcs/sources_1/bd/design_1/design_1.bd] -no_script -sync -force -quiet
create_ip_run [get_files -of_objects [get_fileset sources_1] /home/guoxm/isp_fpga/basic_isp/3_yolov3_tiny_acc/zynq_video_stream/vivado_prj/zynq_video.srcs/sources_1/bd/design_1/design_1.bd]
export_simulation -of_objects [get_files /home/guoxm/isp_fpga/basic_isp/3_yolov3_tiny_acc/zynq_video_stream/vivado_prj/zynq_video.srcs/sources_1/bd/design_1/design_1.bd] -directory /home/guoxm/isp_fpga/basic_isp/3_yolov3_tiny_acc/zynq_video_stream/vivado_prj/zynq_video.ip_user_files/sim_scripts -ip_user_files_dir /home/guoxm/isp_fpga/basic_isp/3_yolov3_tiny_acc/zynq_video_stream/vivado_prj/zynq_video.ip_user_files -ipstatic_source_dir /home/guoxm/isp_fpga/basic_isp/3_yolov3_tiny_acc/zynq_video_stream/vivado_prj/zynq_video.ip_user_files/ipstatic -lib_map_path [list {modelsim=/home/guoxm/isp_fpga/basic_isp/3_yolov3_tiny_acc/zynq_video_stream/vivado_prj/zynq_video.cache/compile_simlib/modelsim} {questa=/home/guoxm/isp_fpga/basic_isp/3_yolov3_tiny_acc/zynq_video_stream/vivado_prj/zynq_video.cache/compile_simlib/questa} {xcelium=/home/guoxm/isp_fpga/basic_isp/3_yolov3_tiny_acc/zynq_video_stream/vivado_prj/zynq_video.cache/compile_simlib/xcelium} {vcs=/home/guoxm/isp_fpga/basic_isp/3_yolov3_tiny_acc/zynq_video_stream/vivado_prj/zynq_video.cache/compile_simlib/vcs} {riviera=/home/guoxm/isp_fpga/basic_isp/3_yolov3_tiny_acc/zynq_video_stream/vivado_prj/zynq_video.cache/compile_simlib/riviera}] -use_ip_compiled_libs -force -quiet
launch_runs impl_1 -to_step write_bitstream -jobs 4
[Mon Apr  6 21:20:01 2026] Launched synth_1...
Run output will be captured here: /home/guoxm/isp_fpga/basic_isp/3_yolov3_tiny_acc/zynq_video_stream/vivado_prj/zynq_video.runs/synth_1/runme.log
[Mon Apr  6 21:20:01 2026] Launched impl_1...
Run output will be captured here: /home/guoxm/isp_fpga/basic_isp/3_yolov3_tiny_acc/zynq_video_stream/vivado_prj/zynq_video.runs/impl_1/runme.log
write_hw_platform -fixed -include_bit -force -file /home/guoxm/isp_fpga/basic_isp/3_yolov3_tiny_acc/zynq_video_stream/vivado_prj/design_1_wrapper.xsa
INFO: [Project 1-1918] Creating Hardware Platform: /home/guoxm/isp_fpga/basic_isp/3_yolov3_tiny_acc/zynq_video_stream/vivado_prj/design_1_wrapper.xsa ...
INFO: [Project 1-1943] The Hardware Platform can be used for Hardware
INFO: [Project 1-1941] Successfully created Hardware Platform: /home/guoxm/isp_fpga/basic_isp/3_yolov3_tiny_acc/zynq_video_stream/vivado_prj/design_1_wrapper.xsa
INFO: [Hsi 55-2053] elapsed time for repository (/tools/Xilinx/Vivado/2022.2/data/embeddedsw) loading 0 seconds
INFO: [Vivado 12-8231] Launching Vitis
INFO: [Vivado 12-417] Running vitis
INFO: [Vivado 12-8232] Vitis launch initiated. Please check console for any further messages.
WARNING: [IP_Flow 19-474] Invalid Parameter 'Component_Name'
startgroup
set_property -dict [list \
  CONFIG.PCW_UART0_PERIPHERAL_ENABLE {0} \
  CONFIG.PCW_UART1_PERIPHERAL_ENABLE {1} \
  CONFIG.PCW_UART1_UART1_IO {MIO 48 .. 49} \
] [get_bd_cells processing_system7_0]
endgroup
save_bd_design
Wrote  : </home/guoxm/isp_fpga/basic_isp/3_yolov3_tiny_acc/zynq_video_stream/vivado_prj/zynq_video.srcs/sources_1/bd/design_1/design_1.bd> 
Wrote  : </home/guoxm/isp_fpga/basic_isp/3_yolov3_tiny_acc/zynq_video_stream/vivado_prj/zynq_video.srcs/sources_1/bd/design_1/ui/bd_1f5defd0.ui> 
WARNING: [IP_Flow 19-474] Invalid Parameter 'Component_Name'
generate_target all [get_files  /home/guoxm/isp_fpga/basic_isp/3_yolov3_tiny_acc/zynq_video_stream/vivado_prj/zynq_video.srcs/sources_1/bd/design_1/design_1.bd]
INFO: [xilinx.com:ip:clk_wiz:6.0-1] /clk_wiz_0 clk_wiz propagate
INFO: [xilinx.com:ip:clk_wiz:6.0-1] /clk_wiz_0 clk_wiz propagate
Wrote  : </home/guoxm/isp_fpga/basic_isp/3_yolov3_tiny_acc/zynq_video_stream/vivado_prj/zynq_video.srcs/sources_1/bd/design_1/design_1.bd> 
WARNING: [BD 41-2384] Width mismatch when connecting pin: '/axi_mem_intercon/m00_couplers/auto_pc/m_axi_bid'(1) to pin: '/axi_mem_intercon/m00_couplers/M_AXI_bid'(6) - Only lower order bits will be connected.
WARNING: [BD 41-2384] Width mismatch when connecting pin: '/axi_mem_intercon/m00_couplers/auto_pc/m_axi_rid'(1) to pin: '/axi_mem_intercon/m00_couplers/M_AXI_rid'(6) - Only lower order bits will be connected.
WARNING: [BD 41-2384] Width mismatch when connecting pin: '/processing_system7_0/S_AXI_HP0_AWID'(6) to pin: '/axi_mem_intercon/M00_AXI_awid'(1) - Only lower order bits will be connected.
WARNING: [BD 41-2384] Width mismatch when connecting pin: '/processing_system7_0/S_AXI_HP0_WID'(6) to pin: '/axi_mem_intercon/M00_AXI_wid'(1) - Only lower order bits will be connected.
WARNING: [BD 41-2384] Width mismatch when connecting pin: '/processing_system7_0/S_AXI_HP0_ARID'(6) to pin: '/axi_mem_intercon/M00_AXI_arid'(1) - Only lower order bits will be connected.
Verilog Output written to : /home/guoxm/isp_fpga/basic_isp/3_yolov3_tiny_acc/zynq_video_stream/vivado_prj/zynq_video.gen/sources_1/bd/design_1/synth/design_1.v
WARNING: [BD 41-2384] Width mismatch when connecting pin: '/axi_mem_intercon/m00_couplers/auto_pc/m_axi_bid'(1) to pin: '/axi_mem_intercon/m00_couplers/M_AXI_bid'(6) - Only lower order bits will be connected.
WARNING: [BD 41-2384] Width mismatch when connecting pin: '/axi_mem_intercon/m00_couplers/auto_pc/m_axi_rid'(1) to pin: '/axi_mem_intercon/m00_couplers/M_AXI_rid'(6) - Only lower order bits will be connected.
WARNING: [BD 41-2384] Width mismatch when connecting pin: '/processing_system7_0/S_AXI_HP0_AWID'(6) to pin: '/axi_mem_intercon/M00_AXI_awid'(1) - Only lower order bits will be connected.
WARNING: [BD 41-2384] Width mismatch when connecting pin: '/processing_system7_0/S_AXI_HP0_WID'(6) to pin: '/axi_mem_intercon/M00_AXI_wid'(1) - Only lower order bits will be connected.
WARNING: [BD 41-2384] Width mismatch when connecting pin: '/processing_system7_0/S_AXI_HP0_ARID'(6) to pin: '/axi_mem_intercon/M00_AXI_arid'(1) - Only lower order bits will be connected.
Verilog Output written to : /home/guoxm/isp_fpga/basic_isp/3_yolov3_tiny_acc/zynq_video_stream/vivado_prj/zynq_video.gen/sources_1/bd/design_1/sim/design_1.v
Verilog Output written to : /home/guoxm/isp_fpga/basic_isp/3_yolov3_tiny_acc/zynq_video_stream/vivado_prj/zynq_video.gen/sources_1/bd/design_1/hdl/design_1_wrapper.v
INFO: [IP_Flow 19-5611] Unable to find an associated reset port for the interface 'M_AXI_GP0'. A default connection has been created.
INFO: [IP_Flow 19-5611] Unable to find an associated reset port for the interface 'S_AXI_HP0'. A default connection has been created.
INFO: [BD 41-1029] Generation completed for the IP Integrator block processing_system7_0 .
WARNING: [IP_Flow 19-4994] Overwriting existing constraint file '/home/guoxm/isp_fpga/basic_isp/3_yolov3_tiny_acc/zynq_video_stream/vivado_prj/zynq_video.gen/sources_1/bd/design_1/ip/design_1_auto_pc_0/design_1_auto_pc_0_ooc.xdc'
INFO: [BD 41-1029] Generation completed for the IP Integrator block ps7_0_axi_periph/s00_couplers/auto_pc .
WARNING: [IP_Flow 19-4994] Overwriting existing constraint file '/home/guoxm/isp_fpga/basic_isp/3_yolov3_tiny_acc/zynq_video_stream/vivado_prj/zynq_video.gen/sources_1/bd/design_1/ip/design_1_auto_pc_1/design_1_auto_pc_1_ooc.xdc'
INFO: [BD 41-1029] Generation completed for the IP Integrator block axi_mem_intercon/m00_couplers/auto_pc .
Exporting to file /home/guoxm/isp_fpga/basic_isp/3_yolov3_tiny_acc/zynq_video_stream/vivado_prj/zynq_video.gen/sources_1/bd/design_1/hw_handoff/design_1.hwh
Generated Hardware Definition File /home/guoxm/isp_fpga/basic_isp/3_yolov3_tiny_acc/zynq_video_stream/vivado_prj/zynq_video.gen/sources_1/bd/design_1/synth/design_1.hwdef
generate_target: Time (s): cpu = 00:00:20 ; elapsed = 00:00:14 . Memory (MB): peak = 10141.051 ; gain = 0.000 ; free physical = 1625 ; free virtual = 8198
catch { config_ip_cache -export [get_ips -all design_1_auto_pc_0] }
INFO: [IP_Flow 19-6924] IPCACHE: Running cache check for IP inst: design_1_auto_pc_0
INFO: [IP_Flow 19-6922] IPCACHE: Exporting cached entry 9f66051da07b0d5b to dir: /home/guoxm/isp_fpga/basic_isp/3_yolov3_tiny_acc/zynq_video_stream/vivado_prj/zynq_video.gen/sources_1/bd/design_1/ip/design_1_auto_pc_0
INFO: [IP_Flow 19-6928] IPCACHE: copied cached file /home/guoxm/isp_fpga/basic_isp/3_yolov3_tiny_acc/zynq_video_stream/vivado_prj/zynq_video.cache/ip/2022.2/9/f/9f66051da07b0d5b/design_1_auto_pc_0.dcp to /home/guoxm/isp_fpga/basic_isp/3_yolov3_tiny_acc/zynq_video_stream/vivado_prj/zynq_video.gen/sources_1/bd/design_1/ip/design_1_auto_pc_0/design_1_auto_pc_0.dcp.
INFO: [IP_Flow 19-6926] IPCACHE: added file to list for BOM: /home/guoxm/isp_fpga/basic_isp/3_yolov3_tiny_acc/zynq_video_stream/vivado_prj/zynq_video.gen/sources_1/bd/design_1/ip/design_1_auto_pc_0/design_1_auto_pc_0.dcp
INFO: [IP_Flow 19-6928] IPCACHE: copied cached file /home/guoxm/isp_fpga/basic_isp/3_yolov3_tiny_acc/zynq_video_stream/vivado_prj/zynq_video.cache/ip/2022.2/9/f/9f66051da07b0d5b/design_1_auto_pc_0_stub.v to /home/guoxm/isp_fpga/basic_isp/3_yolov3_tiny_acc/zynq_video_stream/vivado_prj/zynq_video.gen/sources_1/bd/design_1/ip/design_1_auto_pc_0/design_1_auto_pc_0_stub.v.
INFO: [IP_Flow 19-6926] IPCACHE: added file to list for BOM: /home/guoxm/isp_fpga/basic_isp/3_yolov3_tiny_acc/zynq_video_stream/vivado_prj/zynq_video.gen/sources_1/bd/design_1/ip/design_1_auto_pc_0/design_1_auto_pc_0_stub.v
INFO: [IP_Flow 19-6928] IPCACHE: copied cached file /home/guoxm/isp_fpga/basic_isp/3_yolov3_tiny_acc/zynq_video_stream/vivado_prj/zynq_video.cache/ip/2022.2/9/f/9f66051da07b0d5b/design_1_auto_pc_0_sim_netlist.vhdl to /home/guoxm/isp_fpga/basic_isp/3_yolov3_tiny_acc/zynq_video_stream/vivado_prj/zynq_video.gen/sources_1/bd/design_1/ip/design_1_auto_pc_0/design_1_auto_pc_0_sim_netlist.vhdl.
INFO: [IP_Flow 19-6926] IPCACHE: added file to list for BOM: /home/guoxm/isp_fpga/basic_isp/3_yolov3_tiny_acc/zynq_video_stream/vivado_prj/zynq_video.gen/sources_1/bd/design_1/ip/design_1_auto_pc_0/design_1_auto_pc_0_sim_netlist.vhdl
INFO: [IP_Flow 19-6928] IPCACHE: copied cached file /home/guoxm/isp_fpga/basic_isp/3_yolov3_tiny_acc/zynq_video_stream/vivado_prj/zynq_video.cache/ip/2022.2/9/f/9f66051da07b0d5b/design_1_auto_pc_0_sim_netlist.v to /home/guoxm/isp_fpga/basic_isp/3_yolov3_tiny_acc/zynq_video_stream/vivado_prj/zynq_video.gen/sources_1/bd/design_1/ip/design_1_auto_pc_0/design_1_auto_pc_0_sim_netlist.v.
INFO: [IP_Flow 19-6926] IPCACHE: added file to list for BOM: /home/guoxm/isp_fpga/basic_isp/3_yolov3_tiny_acc/zynq_video_stream/vivado_prj/zynq_video.gen/sources_1/bd/design_1/ip/design_1_auto_pc_0/design_1_auto_pc_0_sim_netlist.v
INFO: [IP_Flow 19-6928] IPCACHE: copied cached file /home/guoxm/isp_fpga/basic_isp/3_yolov3_tiny_acc/zynq_video_stream/vivado_prj/zynq_video.cache/ip/2022.2/9/f/9f66051da07b0d5b/design_1_auto_pc_0_stub.vhdl to /home/guoxm/isp_fpga/basic_isp/3_yolov3_tiny_acc/zynq_video_stream/vivado_prj/zynq_video.gen/sources_1/bd/design_1/ip/design_1_auto_pc_0/design_1_auto_pc_0_stub.vhdl.
INFO: [IP_Flow 19-6926] IPCACHE: added file to list for BOM: /home/guoxm/isp_fpga/basic_isp/3_yolov3_tiny_acc/zynq_video_stream/vivado_prj/zynq_video.gen/sources_1/bd/design_1/ip/design_1_auto_pc_0/design_1_auto_pc_0_stub.vhdl
INFO: [IP_Flow 19-4993] Using cached IP synthesis design for IP design_1_auto_pc_0, cache-ID = 9f66051da07b0d5b; cache size = 16.384 MB.
catch { config_ip_cache -export [get_ips -all design_1_auto_pc_1] }
INFO: [IP_Flow 19-6924] IPCACHE: Running cache check for IP inst: design_1_auto_pc_1
INFO: [IP_Flow 19-6922] IPCACHE: Exporting cached entry 4ad25ed7a5d269f2 to dir: /home/guoxm/isp_fpga/basic_isp/3_yolov3_tiny_acc/zynq_video_stream/vivado_prj/zynq_video.gen/sources_1/bd/design_1/ip/design_1_auto_pc_1
INFO: [IP_Flow 19-6928] IPCACHE: copied cached file /home/guoxm/isp_fpga/basic_isp/3_yolov3_tiny_acc/zynq_video_stream/vivado_prj/zynq_video.cache/ip/2022.2/4/a/4ad25ed7a5d269f2/design_1_auto_pc_1_sim_netlist.v to /home/guoxm/isp_fpga/basic_isp/3_yolov3_tiny_acc/zynq_video_stream/vivado_prj/zynq_video.gen/sources_1/bd/design_1/ip/design_1_auto_pc_1/design_1_auto_pc_1_sim_netlist.v.
INFO: [IP_Flow 19-6926] IPCACHE: added file to list for BOM: /home/guoxm/isp_fpga/basic_isp/3_yolov3_tiny_acc/zynq_video_stream/vivado_prj/zynq_video.gen/sources_1/bd/design_1/ip/design_1_auto_pc_1/design_1_auto_pc_1_sim_netlist.v
INFO: [IP_Flow 19-6928] IPCACHE: copied cached file /home/guoxm/isp_fpga/basic_isp/3_yolov3_tiny_acc/zynq_video_stream/vivado_prj/zynq_video.cache/ip/2022.2/4/a/4ad25ed7a5d269f2/design_1_auto_pc_1_stub.v to /home/guoxm/isp_fpga/basic_isp/3_yolov3_tiny_acc/zynq_video_stream/vivado_prj/zynq_video.gen/sources_1/bd/design_1/ip/design_1_auto_pc_1/design_1_auto_pc_1_stub.v.
INFO: [IP_Flow 19-6926] IPCACHE: added file to list for BOM: /home/guoxm/isp_fpga/basic_isp/3_yolov3_tiny_acc/zynq_video_stream/vivado_prj/zynq_video.gen/sources_1/bd/design_1/ip/design_1_auto_pc_1/design_1_auto_pc_1_stub.v
INFO: [IP_Flow 19-6928] IPCACHE: copied cached file /home/guoxm/isp_fpga/basic_isp/3_yolov3_tiny_acc/zynq_video_stream/vivado_prj/zynq_video.cache/ip/2022.2/4/a/4ad25ed7a5d269f2/design_1_auto_pc_1.dcp to /home/guoxm/isp_fpga/basic_isp/3_yolov3_tiny_acc/zynq_video_stream/vivado_prj/zynq_video.gen/sources_1/bd/design_1/ip/design_1_auto_pc_1/design_1_auto_pc_1.dcp.
INFO: [IP_Flow 19-6926] IPCACHE: added file to list for BOM: /home/guoxm/isp_fpga/basic_isp/3_yolov3_tiny_acc/zynq_video_stream/vivado_prj/zynq_video.gen/sources_1/bd/design_1/ip/design_1_auto_pc_1/design_1_auto_pc_1.dcp
INFO: [IP_Flow 19-6928] IPCACHE: copied cached file /home/guoxm/isp_fpga/basic_isp/3_yolov3_tiny_acc/zynq_video_stream/vivado_prj/zynq_video.cache/ip/2022.2/4/a/4ad25ed7a5d269f2/design_1_auto_pc_1_sim_netlist.vhdl to /home/guoxm/isp_fpga/basic_isp/3_yolov3_tiny_acc/zynq_video_stream/vivado_prj/zynq_video.gen/sources_1/bd/design_1/ip/design_1_auto_pc_1/design_1_auto_pc_1_sim_netlist.vhdl.
INFO: [IP_Flow 19-6926] IPCACHE: added file to list for BOM: /home/guoxm/isp_fpga/basic_isp/3_yolov3_tiny_acc/zynq_video_stream/vivado_prj/zynq_video.gen/sources_1/bd/design_1/ip/design_1_auto_pc_1/design_1_auto_pc_1_sim_netlist.vhdl
INFO: [IP_Flow 19-6928] IPCACHE: copied cached file /home/guoxm/isp_fpga/basic_isp/3_yolov3_tiny_acc/zynq_video_stream/vivado_prj/zynq_video.cache/ip/2022.2/4/a/4ad25ed7a5d269f2/design_1_auto_pc_1_stub.vhdl to /home/guoxm/isp_fpga/basic_isp/3_yolov3_tiny_acc/zynq_video_stream/vivado_prj/zynq_video.gen/sources_1/bd/design_1/ip/design_1_auto_pc_1/design_1_auto_pc_1_stub.vhdl.
INFO: [IP_Flow 19-6926] IPCACHE: added file to list for BOM: /home/guoxm/isp_fpga/basic_isp/3_yolov3_tiny_acc/zynq_video_stream/vivado_prj/zynq_video.gen/sources_1/bd/design_1/ip/design_1_auto_pc_1/design_1_auto_pc_1_stub.vhdl
INFO: [IP_Flow 19-4993] Using cached IP synthesis design for IP design_1_auto_pc_1, cache-ID = 4ad25ed7a5d269f2; cache size = 16.384 MB.
export_ip_user_files -of_objects [get_files /home/guoxm/isp_fpga/basic_isp/3_yolov3_tiny_acc/zynq_video_stream/vivado_prj/zynq_video.srcs/sources_1/bd/design_1/design_1.bd] -no_script -sync -force -quiet
create_ip_run [get_files -of_objects [get_fileset sources_1] /home/guoxm/isp_fpga/basic_isp/3_yolov3_tiny_acc/zynq_video_stream/vivado_prj/zynq_video.srcs/sources_1/bd/design_1/design_1.bd]
launch_runs design_1_processing_system7_0_0_synth_1 -jobs 4
[Mon Apr  6 22:57:34 2026] Launched design_1_processing_system7_0_0_synth_1...
Run output will be captured here: /home/guoxm/isp_fpga/basic_isp/3_yolov3_tiny_acc/zynq_video_stream/vivado_prj/zynq_video.runs/design_1_processing_system7_0_0_synth_1/runme.log
export_simulation -of_objects [get_files /home/guoxm/isp_fpga/basic_isp/3_yolov3_tiny_acc/zynq_video_stream/vivado_prj/zynq_video.srcs/sources_1/bd/design_1/design_1.bd] -directory /home/guoxm/isp_fpga/basic_isp/3_yolov3_tiny_acc/zynq_video_stream/vivado_prj/zynq_video.ip_user_files/sim_scripts -ip_user_files_dir /home/guoxm/isp_fpga/basic_isp/3_yolov3_tiny_acc/zynq_video_stream/vivado_prj/zynq_video.ip_user_files -ipstatic_source_dir /home/guoxm/isp_fpga/basic_isp/3_yolov3_tiny_acc/zynq_video_stream/vivado_prj/zynq_video.ip_user_files/ipstatic -lib_map_path [list {modelsim=/home/guoxm/isp_fpga/basic_isp/3_yolov3_tiny_acc/zynq_video_stream/vivado_prj/zynq_video.cache/compile_simlib/modelsim} {questa=/home/guoxm/isp_fpga/basic_isp/3_yolov3_tiny_acc/zynq_video_stream/vivado_prj/zynq_video.cache/compile_simlib/questa} {xcelium=/home/guoxm/isp_fpga/basic_isp/3_yolov3_tiny_acc/zynq_video_stream/vivado_prj/zynq_video.cache/compile_simlib/xcelium} {vcs=/home/guoxm/isp_fpga/basic_isp/3_yolov3_tiny_acc/zynq_video_stream/vivado_prj/zynq_video.cache/compile_simlib/vcs} {riviera=/home/guoxm/isp_fpga/basic_isp/3_yolov3_tiny_acc/zynq_video_stream/vivado_prj/zynq_video.cache/compile_simlib/riviera}] -use_ip_compiled_libs -force -quiet
reset_run synth_1
INFO: [Project 1-1160] Copying file /home/guoxm/isp_fpga/basic_isp/3_yolov3_tiny_acc/zynq_video_stream/vivado_prj/zynq_video.runs/synth_1/design_1_wrapper.dcp to /home/guoxm/isp_fpga/basic_isp/3_yolov3_tiny_acc/zynq_video_stream/vivado_prj/zynq_video.srcs/utils_1/imports/synth_1 and adding it to utils fileset
launch_runs impl_1 -to_step write_bitstream -jobs 4
[Mon Apr  6 22:59:26 2026] Launched synth_1...
Run output will be captured here: /home/guoxm/isp_fpga/basic_isp/3_yolov3_tiny_acc/zynq_video_stream/vivado_prj/zynq_video.runs/synth_1/runme.log
[Mon Apr  6 22:59:26 2026] Launched impl_1...
Run output will be captured here: /home/guoxm/isp_fpga/basic_isp/3_yolov3_tiny_acc/zynq_video_stream/vivado_prj/zynq_video.runs/impl_1/runme.log
write_hw_platform -fixed -include_bit -force -file /home/guoxm/isp_fpga/basic_isp/3_yolov3_tiny_acc/zynq_video_stream/vivado_prj/design_1_wrapper.xsa
INFO: [Project 1-1918] Creating Hardware Platform: /home/guoxm/isp_fpga/basic_isp/3_yolov3_tiny_acc/zynq_video_stream/vivado_prj/design_1_wrapper.xsa ...
INFO: [Project 1-1943] The Hardware Platform can be used for Hardware
INFO: [Project 1-1941] Successfully created Hardware Platform: /home/guoxm/isp_fpga/basic_isp/3_yolov3_tiny_acc/zynq_video_stream/vivado_prj/design_1_wrapper.xsa
exit
INFO: [Common 17-206] Exiting Vivado at Mon Apr  6 23:06:48 2026...
